[35m[1mScanning dependencies of target _morai_msgs_generate_messages_check_deps_VehicleCollisionData[0m
[35m[1mScanning dependencies of target _morai_msgs_generate_messages_check_deps_SyncModeInfo[0m
[35m[1mScanning dependencies of target _morai_msgs_generate_messages_check_deps_FaultInjection_Tire[0m
[35m[1mScanning dependencies of target _morai_msgs_generate_messages_check_deps_MoraiSrvResponse[0m
[35m[1mScanning dependencies of target _morai_msgs_generate_messages_check_deps_SyncModeAddObject[0m
[35m[1mScanning dependencies of target std_msgs_generate_messages_nodejs[0m
[35m[1mScanning dependencies of target _morai_msgs_generate_messages_check_deps_VehicleSpecIndex[0m
[35m[1mScanning dependencies of target _morai_msgs_generate_messages_check_deps_WaitForTick[0m
[35m[1mScanning dependencies of target _morai_msgs_generate_messages_check_deps_ObjectStatusListExtended[0m
[35m[1mScanning dependencies of target _morai_msgs_generate_messages_check_deps_FaultInjection_Response[0m
[35m[1mScanning dependencies of target _morai_msgs_generate_messages_check_deps_Lamps[0m
[35m[1mScanning dependencies of target _morai_msgs_generate_messages_check_deps_SyncModeCmd[0m
[  0%] Built target std_msgs_generate_messages_nodejs
[35m[1mScanning dependencies of target _morai_msgs_generate_messages_check_deps_MoraiSyncModeRemoveObjectSrv[0m
[  0%] Built target _morai_msgs_generate_messages_check_deps_SyncModeAddObject
[  0%] Built target _morai_msgs_generate_messages_check_deps_VehicleCollisionData
[  0%] Built target _morai_msgs_generate_messages_check_deps_FaultInjection_Response
[  0%] Built target _morai_msgs_generate_messages_check_deps_ObjectStatusListExtended
[  0%] Built target _morai_msgs_generate_messages_check_deps_VehicleSpecIndex
[  0%] Built target _morai_msgs_generate_messages_check_deps_FaultInjection_Tire
[  0%] Built target _morai_msgs_generate_messages_check_deps_WaitForTick
[  0%] Built target _morai_msgs_generate_messages_check_deps_MoraiSrvResponse
[  0%] Built target _morai_msgs_generate_messages_check_deps_SyncModeInfo
[  0%] Built target _morai_msgs_generate_messages_check_deps_Lamps
[35m[1mScanning dependencies of target _morai_msgs_generate_messages_check_deps_ReplayInfo[0m
[35m[1mScanning dependencies of target _morai_msgs_generate_messages_check_deps_EventInfo[0m
[35m[1mScanning dependencies of target _morai_msgs_generate_messages_check_deps_UGVServeSkidCtrlCmd[0m
[35m[1mScanning dependencies of target _morai_msgs_generate_messages_check_deps_ExternalForce[0m
[35m[1mScanning dependencies of target _morai_msgs_generate_messages_check_deps_WoowaDillyEventCmdSrv[0m
[35m[1mScanning dependencies of target _morai_msgs_generate_messages_check_deps_SVADC[0m
[35m[1mScanning dependencies of target _morai_msgs_generate_messages_check_deps_SaveSensorData[0m
[35m[1mScanning dependencies of target _morai_msgs_generate_messages_check_deps_SyncModeCmdResponse[0m
[35m[1mScanning dependencies of target _morai_msgs_generate_messages_check_deps_MoraiScenarioLoadSrv[0m
[35m[1mScanning dependencies of target _morai_msgs_generate_messages_check_deps_SyncModeRemoveObject[0m
[  0%] Built target _morai_msgs_generate_messages_check_deps_SyncModeCmd
[  0%] Built target _morai_msgs_generate_messages_check_deps_MoraiSyncModeRemoveObjectSrv
[35m[1mScanning dependencies of target _morai_msgs_generate_messages_check_deps_MoraiWaitForTickSrv[0m
[35m[1mScanning dependencies of target _morai_msgs_generate_messages_check_deps_CMDConveyor[0m
[  0%] Built target _morai_msgs_generate_messages_check_deps_ReplayInfo
[  0%] Built target _morai_msgs_generate_messages_check_deps_UGVServeSkidCtrlCmd
[  0%] Built target _morai_msgs_generate_messages_check_deps_SVADC
[  0%] Built target _morai_msgs_generate_messages_check_deps_ExternalForce
[  0%] Built target _morai_msgs_generate_messages_check_deps_MoraiScenarioLoadSrv
[  0%] Built target _morai_msgs_generate_messages_check_deps_WoowaDillyEventCmdSrv
[  0%] Built target _morai_msgs_generate_messages_check_deps_SyncModeCmdResponse
[  0%] Built target _morai_msgs_generate_messages_check_deps_EventInfo
[  0%] Built target _morai_msgs_generate_messages_check_deps_SyncModeRemoveObject
[35m[1mScanning dependencies of target _morai_msgs_generate_messages_check_deps_MoraiMapSpecSrv[0m
[  0%] Built target _morai_msgs_generate_messages_check_deps_SaveSensorData
[35m[1mScanning dependencies of target _morai_msgs_generate_messages_check_deps_FaultInjectionCtrlSrv[0m
[35m[1mScanning dependencies of target _morai_msgs_generate_messages_check_deps_PREventSrv[0m
[35m[1mScanning dependencies of target _morai_msgs_generate_messages_check_deps_MoraiSyncModeAddObjectSrv[0m
[35m[1mScanning dependencies of target _morai_msgs_generate_messages_check_deps_ERP42Info[0m
[35m[1mScanning dependencies of target _morai_msgs_generate_messages_check_deps_WaitForTickResponse[0m
[35m[1mScanning dependencies of target _morai_msgs_generate_messages_check_deps_EgoVehicleStatusExtended[0m
[35m[1mScanning dependencies of target _morai_msgs_generate_messages_check_deps_SyncModeCtrlCmd[0m
[35m[1mScanning dependencies of target _morai_msgs_generate_messages_check_deps_SyncModeSetGear[0m
[35m[1mScanning dependencies of target _morai_msgs_generate_messages_check_deps_MoraiTLIndex[0m
[  0%] Built target _morai_msgs_generate_messages_check_deps_MoraiWaitForTickSrv
[  0%] Built target _morai_msgs_generate_messages_check_deps_CMDConveyor
[35m[1mScanning dependencies of target _morai_msgs_generate_messages_check_deps_DillyCmdResponse[0m
[35m[1mScanning dependencies of target _morai_msgs_generate_messages_check_deps_RadarDetection[0m
[  0%] Built target _morai_msgs_generate_messages_check_deps_WaitForTickResponse
[  0%] Built target _morai_msgs_generate_messages_check_deps_EgoVehicleStatusExtended
[  0%] Built target _morai_msgs_generate_messages_check_deps_PREventSrv
[  0%] Built target _morai_msgs_generate_messages_check_deps_ERP42Info
[  0%] Built target _morai_msgs_generate_messages_check_deps_FaultInjectionCtrlSrv
[  0%] Built target _morai_msgs_generate_messages_check_deps_MoraiSyncModeAddObjectSrv
[  0%] Built target _morai_msgs_generate_messages_check_deps_MoraiMapSpecSrv
[  0%] Built target _morai_msgs_generate_messages_check_deps_SyncModeCtrlCmd
[  0%] Built target _morai_msgs_generate_messages_check_deps_SyncModeSetGear
[35m[1mScanning dependencies of target _morai_msgs_generate_messages_check_deps_PRStatus[0m
[35m[1mScanning dependencies of target _morai_msgs_generate_messages_check_deps_RadarDetections[0m
[35m[1mScanning dependencies of target _morai_msgs_generate_messages_check_deps_FaultInjectionSensorSrv[0m
[35m[1mScanning dependencies of target _morai_msgs_generate_messages_check_deps_PRCtrlCmd[0m
[35m[1mScanning dependencies of target _morai_msgs_generate_messages_check_deps_SkidSteer6wUGVCtrlCmd[0m
[  0%] Built target _morai_msgs_generate_messages_check_deps_MoraiTLIndex
[35m[1mScanning dependencies of target _morai_msgs_generate_messages_check_deps_WheelControl[0m
[35m[1mScanning dependencies of target _morai_msgs_generate_messages_check_deps_SkateboardCtrlCmd[0m
[35m[1mScanning dependencies of target _morai_msgs_generate_messages_check_deps_DillyCmd[0m
[35m[1mScanning dependencies of target _morai_msgs_generate_messages_check_deps_WoowaDillyStatus[0m
[35m[1mScanning dependencies of target _morai_msgs_generate_messages_check_deps_FaultStatusInfo_Overall[0m
[  0%] Built target _morai_msgs_generate_messages_check_deps_DillyCmdResponse
[  0%] Built target _morai_msgs_generate_messages_check_deps_RadarDetection
[  0%] Built target _morai_msgs_generate_messages_check_deps_PRStatus
[  0%] Built target _morai_msgs_generate_messages_check_deps_RadarDetections
[  0%] Built target _morai_msgs_generate_messages_check_deps_PRCtrlCmd
[35m[1mScanning dependencies of target _morai_msgs_generate_messages_check_deps_VelocityCmd[0m
[  0%] Built target _morai_msgs_generate_messages_check_deps_SkidSteer6wUGVCtrlCmd
[35m[1mScanning dependencies of target _morai_msgs_generate_messages_check_deps_Obstacles[0m
[  0%] Built target _morai_msgs_generate_messages_check_deps_SkateboardCtrlCmd
[  0%] Built target _morai_msgs_generate_messages_check_deps_WheelControl
[  0%] Built target _morai_msgs_generate_messages_check_deps_FaultInjectionSensorSrv
[  0%] Built target _morai_msgs_generate_messages_check_deps_DillyCmd
[  0%] Built target _morai_msgs_generate_messages_check_deps_WoowaDillyStatus
[35m[1mScanning dependencies of target _morai_msgs_generate_messages_check_deps_GVDirectCmd[0m
[35m[1mScanning dependencies of target _morai_msgs_generate_messages_check_deps_Transforms[0m
[35m[1mScanning dependencies of target _morai_msgs_generate_messages_check_deps_TOF[0m
[35m[1mScanning dependencies of target _morai_msgs_generate_messages_check_deps_GhostMessage[0m
[35m[1mScanning dependencies of target _morai_msgs_generate_messages_check_deps_GVStateCmd[0m
[  0%] Built target _morai_msgs_generate_messages_check_deps_FaultStatusInfo_Overall
[35m[1mScanning dependencies of target _morai_msgs_generate_messages_check_deps_RobotState[0m
[35m[1mScanning dependencies of target _morai_msgs_generate_messages_check_deps_RobotOutput[0m
[35m[1mScanning dependencies of target _morai_msgs_generate_messages_check_deps_MoraiSyncModeSLSrv[0m
[35m[1mScanning dependencies of target _morai_msgs_generate_messages_check_deps_Conveyor[0m
[35m[1mScanning dependencies of target _morai_msgs_generate_messages_check_deps_MoraiSimProcSrv[0m
[  0%] Built target _morai_msgs_generate_messages_check_deps_VelocityCmd
[  0%] Built target _morai_msgs_generate_messages_check_deps_Obstacles
[  0%] Built target _morai_msgs_generate_messages_check_deps_GVDirectCmd
[  0%] Built target _morai_msgs_generate_messages_check_deps_TOF
[  0%] Built target _morai_msgs_generate_messages_check_deps_GhostMessage
[  0%] Built target _morai_msgs_generate_messages_check_deps_GVStateCmd
[35m[1mScanning dependencies of target _morai_msgs_generate_messages_check_deps_MultiPlayEventSrv[0m
[35m[1mScanning dependencies of target _morai_msgs_generate_messages_check_deps_MultiPlayEventResponse[0m
[35m[1mScanning dependencies of target _morai_msgs_generate_messages_check_deps_GetTrafficLightStatus[0m
[  0%] Built target _morai_msgs_generate_messages_check_deps_Transforms
[  0%] Built target _morai_msgs_generate_messages_check_deps_RobotOutput
[  0%] Built target _morai_msgs_generate_messages_check_deps_RobotState
[35m[1mScanning dependencies of target _morai_msgs_generate_messages_check_deps_ShipState[0m
[35m[1mScanning dependencies of target _morai_msgs_generate_messages_check_deps_GeoVector3Message[0m
[35m[1mScanning dependencies of target _morai_msgs_generate_messages_check_deps_PREvent[0m
[35m[1mScanning dependencies of target _morai_msgs_generate_messages_check_deps_MoraiSyncModeSetGearSrv[0m
[  0%] Built target _morai_msgs_generate_messages_check_deps_MoraiSimProcSrv
[35m[1mScanning dependencies of target _morai_msgs_generate_messages_check_deps_ShipCtrlCmd[0m
[35m[1mScanning dependencies of target _morai_msgs_generate_messages_check_deps_SyncModeResultResponse[0m
[  0%] Built target _morai_msgs_generate_messages_check_deps_Conveyor
[35m[1mScanning dependencies of target _morai_msgs_generate_messages_check_deps_MoraiTLInfoSrv[0m
[35m[1mScanning dependencies of target _morai_msgs_generate_messages_check_deps_MoraiVehicleSpecSrv[0m
[  0%] Built target _morai_msgs_generate_messages_check_deps_MoraiSyncModeSLSrv
[35m[1mScanning dependencies of target _morai_msgs_generate_messages_check_deps_CollisionData[0m
[  0%] Built target _morai_msgs_generate_messages_check_deps_GetTrafficLightStatus
[  0%] Built target _morai_msgs_generate_messages_check_deps_MultiPlayEventResponse
[  0%] Built target _morai_msgs_generate_messages_check_deps_MultiPlayEventSrv
[  0%] Built target _morai_msgs_generate_messages_check_deps_MoraiSyncModeSetGearSrv
[35m[1mScanning dependencies of target _morai_msgs_generate_messages_check_deps_SetTrafficLight[0m
[  0%] Built target _morai_msgs_generate_messages_check_deps_ShipState
[  0%] Built target _morai_msgs_generate_messages_check_deps_PREvent
[35m[1mScanning dependencies of target _morai_msgs_generate_messages_check_deps_MultiEgoSetting[0m
[35m[1mScanning dependencies of target _morai_msgs_generate_messages_check_deps_FaultInjection_Sensor[0m
[  0%] Built target _morai_msgs_generate_messages_check_deps_ShipCtrlCmd
[  0%] Built target _morai_msgs_generate_messages_check_deps_GeoVector3Message
[35m[1mScanning dependencies of target _morai_msgs_generate_messages_check_deps_MapSpec[0m
[35m[1mScanning dependencies of target _morai_msgs_generate_messages_check_deps_GPSMessage[0m
[35m[1mScanning dependencies of target _morai_msgs_generate_messages_check_deps_IntersectionStatus[0m
[35m[1mScanning dependencies of target _morai_msgs_generate_messages_check_deps_VehicleSpec[0m
[  0%] Built target _morai_msgs_generate_messages_check_deps_MoraiTLInfoSrv
[  0%] Built target _morai_msgs_generate_messages_check_deps_SyncModeResultResponse
[  0%] Built target _morai_msgs_generate_messages_check_deps_MoraiVehicleSpecSrv
[35m[1mScanning dependencies of target _morai_msgs_generate_messages_check_deps_FaultInjectionTireSrv[0m
[  0%] Built target _morai_msgs_generate_messages_check_deps_CollisionData
[35m[1mScanning dependencies of target _morai_msgs_generate_messages_check_deps_EgoVehicleStatus[0m
[35m[1mScanning dependencies of target _morai_msgs_generate_messages_check_deps_FaultStatusInfo_Sensor[0m
[35m[1mScanning dependencies of target _morai_msgs_generate_messages_check_deps_CtrlCmd[0m
[35m[1mScanning dependencies of target _morai_msgs_generate_messages_check_deps_ObjectStatusList[0m
[  0%] Built target _morai_msgs_generate_messages_check_deps_SetTrafficLight
[  0%] Built target _morai_msgs_generate_messages_check_deps_MultiEgoSetting
[  0%] Built target _morai_msgs_generate_messages_check_deps_FaultInjection_Sensor
[  0%] Built target _morai_msgs_generate_messages_check_deps_GPSMessage
[35m[1mScanning dependencies of target _morai_msgs_generate_messages_check_deps_MoraiSyncModeCmdSrv[0m
[35m[1mScanning dependencies of target _morai_msgs_generate_messages_check_deps_ObjectStatus[0m
[35m[1mScanning dependencies of target _morai_msgs_generate_messages_check_deps_ObjectStatusExtended[0m
[  0%] Built target _morai_msgs_generate_messages_check_deps_VehicleSpec
[  0%] Built target _morai_msgs_generate_messages_check_deps_MapSpec
[  0%] Built target _morai_msgs_generate_messages_check_deps_FaultInjectionTireSrv
[35m[1mScanning dependencies of target _morai_msgs_generate_messages_check_deps_SkateboardStatus[0m
[35m[1mScanning dependencies of target _morai_msgs_generate_messages_check_deps_FaultStatusInfo[0m
[35m[1mScanning dependencies of target _morai_msgs_generate_messages_check_deps_TrafficLight[0m
[  0%] Built target _morai_msgs_generate_messages_check_deps_IntersectionStatus
[  0%] Built target _morai_msgs_generate_messages_check_deps_CtrlCmd
[  0%] Built target _morai_msgs_generate_messages_check_deps_FaultStatusInfo_Sensor
[35m[1mScanning dependencies of target _morai_msgs_generate_messages_check_deps_MoraiTLInfo[0m
[  0%] Built target _morai_msgs_generate_messages_check_deps_EgoVehicleStatus
[  0%] Built target _morai_msgs_generate_messages_check_deps_ObjectStatusList
[35m[1mScanning dependencies of target geometry_msgs_generate_messages_nodejs[0m
[35m[1mScanning dependencies of target _morai_msgs_generate_messages_check_deps_MoraiSimProcStatus[0m
[35m[1mScanning dependencies of target _morai_msgs_generate_messages_check_deps_SensorPosControl[0m
[35m[1mScanning dependencies of target _morai_msgs_generate_messages_check_deps_SyncModeScenarioLoad[0m
[35m[1mScanning dependencies of target _morai_msgs_generate_messages_check_deps_IntscnTL[0m
[  0%] Built target geometry_msgs_generate_messages_nodejs
[  0%] Built target _morai_msgs_generate_messages_check_deps_MoraiSyncModeCmdSrv
[  0%] Built target _morai_msgs_generate_messages_check_deps_ObjectStatus
[  0%] Built target _morai_msgs_generate_messages_check_deps_ObjectStatusExtended
[35m[1mScanning dependencies of target _morai_msgs_generate_messages_check_deps_NpcGhostCmd[0m
[35m[1mScanning dependencies of target _morai_msgs_generate_messages_check_deps_MapSpecIndex[0m
[  0%] Built target _morai_msgs_generate_messages_check_deps_FaultStatusInfo
[  0%] Built target _morai_msgs_generate_messages_check_deps_SkateboardStatus
[35m[1mScanning dependencies of target _morai_msgs_generate_messages_check_deps_Obstacle[0m
[35m[1mScanning dependencies of target _morai_msgs_generate_messages_check_deps_MoraiEventCmdSrv[0m
[  0%] Built target _morai_msgs_generate_messages_check_deps_TrafficLight
[35m[1mScanning dependencies of target _morai_msgs_generate_messages_check_deps_SkidSteer6wUGVStatus[0m
[35m[1mScanning dependencies of target _morai_msgs_generate_messages_check_deps_NpcGhostInfo[0m
[  0%] Built target _morai_msgs_generate_messages_check_deps_MoraiTLInfo
[35m[1mScanning dependencies of target _morai_msgs_generate_messages_check_deps_MoraiSyncModeCtrlCmdSrv[0m
[  0%] Built target _morai_msgs_generate_messages_check_deps_MoraiSimProcStatus
[  0%] Built target _morai_msgs_generate_messages_check_deps_SensorPosControl
[35m[1mScanning dependencies of target _morai_msgs_generate_messages_check_deps_ScenarioLoad[0m
[  0%] Built target _morai_msgs_generate_messages_check_deps_SyncModeScenarioLoad
[35m[1mScanning dependencies of target _morai_msgs_generate_messages_check_deps_FaultInjection_Controller[0m
[  0%] Built target _morai_msgs_generate_messages_check_deps_IntscnTL
[35m[1mScanning dependencies of target _morai_msgs_generate_messages_check_deps_FaultStatusInfo_Vehicle[0m
[35m[1mScanning dependencies of target _morai_msgs_generate_messages_check_deps_MultiPlayEventRequest[0m
[35m[1mScanning dependencies of target _morai_msgs_generate_messages_check_deps_ManipulatorControl[0m
[  0%] Built target _morai_msgs_generate_messages_check_deps_NpcGhostCmd
[  0%] Built target _morai_msgs_generate_messages_check_deps_MapSpecIndex
[  0%] Built target _morai_msgs_generate_messages_check_deps_Obstacle
[  0%] Built target _morai_msgs_generate_messages_check_deps_MoraiEventCmdSrv
[35m[1mScanning dependencies of target _morai_msgs_generate_messages_check_deps_MoraiSimProcHandle[0m
[35m[1mScanning dependencies of target _morai_msgs_generate_messages_check_deps_VehicleCollision[0m
[  0%] Built target _morai_msgs_generate_messages_check_deps_SkidSteer6wUGVStatus
[  0%] Built target _morai_msgs_generate_messages_check_deps_NpcGhostInfo
[35m[1mScanning dependencies of target _morai_msgs_generate_messages_check_deps_IntersectionControl[0m
[35m[1mScanning dependencies of target std_msgs_generate_messages_lisp[0m
[  0%] Built target _morai_msgs_generate_messages_check_deps_MoraiSyncModeCtrlCmdSrv
[35m[1mScanning dependencies of target geometry_msgs_generate_messages_lisp[0m
[  0%] Built target std_msgs_generate_messages_lisp
[35m[1mScanning dependencies of target geometry_msgs_generate_messages_eus[0m
[35m[1mScanning dependencies of target std_msgs_generate_messages_eus[0m
[  0%] Built target _morai_msgs_generate_messages_check_deps_ScenarioLoad
[  0%] Built target _morai_msgs_generate_messages_check_deps_FaultInjection_Controller
[  0%] Built target geometry_msgs_generate_messages_lisp
[35m[1mScanning dependencies of target geometry_msgs_generate_messages_py[0m
[  0%] Built target _morai_msgs_generate_messages_check_deps_FaultStatusInfo_Vehicle
[  0%] Built target std_msgs_generate_messages_eus
[  0%] Built target geometry_msgs_generate_messages_eus
[  0%] Built target _morai_msgs_generate_messages_check_deps_MultiPlayEventRequest
[  0%] Built target _morai_msgs_generate_messages_check_deps_ManipulatorControl
[35m[1mScanning dependencies of target std_msgs_generate_messages_py[0m
[35m[1mScanning dependencies of target std_msgs_generate_messages_cpp[0m
[35m[1mScanning dependencies of target geometry_msgs_generate_messages_cpp[0m
[  0%] Built target geometry_msgs_generate_messages_py
[  0%] Built target std_msgs_generate_messages_py
[  0%] Built target std_msgs_generate_messages_cpp
[  0%] Built target _morai_msgs_generate_messages_check_deps_MoraiSimProcHandle
[  0%] Built target geometry_msgs_generate_messages_cpp
[  0%] Built target _morai_msgs_generate_messages_check_deps_VehicleCollision
[  0%] Built target _morai_msgs_generate_messages_check_deps_IntersectionControl
[35m[1mScanning dependencies of target morai_msgs_generate_messages_lisp[0m
[35m[1mScanning dependencies of target morai_msgs_generate_messages_nodejs[0m
[35m[1mScanning dependencies of target morai_msgs_generate_messages_eus[0m
[35m[1mScanning dependencies of target morai_msgs_generate_messages_cpp[0m
[35m[1mScanning dependencies of target morai_msgs_generate_messages_py[0m
[  0%] [34m[1mGenerating EusLisp code from morai_msgs/CtrlCmd.msg[0m
[  0%] [34m[1mGenerating Javascript code from morai_msgs/CtrlCmd.msg[0m
[  1%] [34m[1mGenerating EusLisp code from morai_msgs/EgoVehicleStatus.msg[0m
[  1%] [34m[1mGenerating Lisp code from morai_msgs/CtrlCmd.msg[0m
[  1%] [34m[1mGenerating Javascript code from morai_msgs/EgoVehicleStatus.msg[0m
[  1%] [34m[1mGenerating C++ code from morai_msgs/CtrlCmd.msg[0m
[  1%] [34m[1mGenerating Lisp code from morai_msgs/EgoVehicleStatusExtended.msg[0m
[  1%] [34m[1mGenerating Lisp code from morai_msgs/EgoVehicleStatus.msg[0m
[  1%] [34m[1mGenerating EusLisp code from morai_msgs/EgoVehicleStatusExtended.msg[0m
[  1%] [34m[1mGenerating EusLisp code from morai_msgs/GPSMessage.msg[0m
[  1%] [34m[1mGenerating Python from MSG morai_msgs/CtrlCmd[0m
[  1%] [34m[1mGenerating Javascript code from morai_msgs/EgoVehicleStatusExtended.msg[0m
[  1%] [34m[1mGenerating Python from MSG morai_msgs/EgoVehicleStatus[0m
[  1%] [34m[1mGenerating C++ code from morai_msgs/EgoVehicleStatus.msg[0m
[  1%] [34m[1mGenerating Python from MSG morai_msgs/EgoVehicleStatusExtended[0m
[  1%] [34m[1mGenerating Lisp code from morai_msgs/GPSMessage.msg[0m
[  1%] [34m[1mGenerating Lisp code from morai_msgs/GhostMessage.msg[0m
[  2%] [34m[1mGenerating Javascript code from morai_msgs/GPSMessage.msg[0m
[  2%] [34m[1mGenerating Python from MSG morai_msgs/GPSMessage[0m
[  2%] [34m[1mGenerating Javascript code from morai_msgs/GhostMessage.msg[0m
[  2%] [34m[1mGenerating Javascript code from morai_msgs/ObjectStatusList.msg[0m
[  2%] [34m[1mGenerating EusLisp code from morai_msgs/GhostMessage.msg[0m
[  2%] [34m[1mGenerating Javascript code from morai_msgs/ObjectStatus.msg[0m
[  2%] [34m[1mGenerating Lisp code from morai_msgs/ObjectStatusList.msg[0m
[  3%] [34m[1mGenerating Lisp code from morai_msgs/ObjectStatus.msg[0m
[  3%] [34m[1mGenerating Python from MSG morai_msgs/GhostMessage[0m
[  3%] [34m[1mGenerating Javascript code from morai_msgs/ObjectStatusExtended.msg[0m
[  4%] [34m[1mGenerating Javascript code from morai_msgs/ObjectStatusListExtended.msg[0m
[  4%] [34m[1mGenerating Javascript code from morai_msgs/TrafficLight.msg[0m
[  5%] [34m[1mGenerating Javascript code from morai_msgs/ERP42Info.msg[0m
[  5%] [34m[1mGenerating EusLisp code from morai_msgs/ObjectStatusList.msg[0m
[  5%] [34m[1mGenerating Lisp code from morai_msgs/ObjectStatusExtended.msg[0m
[  5%] [34m[1mGenerating EusLisp code from morai_msgs/ObjectStatus.msg[0m
[  5%] [34m[1mGenerating C++ code from morai_msgs/EgoVehicleStatusExtended.msg[0m
[  5%] [34m[1mGenerating EusLisp code from morai_msgs/ObjectStatusExtended.msg[0m
[  5%] [34m[1mGenerating EusLisp code from morai_msgs/ObjectStatusListExtended.msg[0m
[  5%] [34m[1mGenerating EusLisp code from morai_msgs/TrafficLight.msg[0m
[  5%] [34m[1mGenerating Javascript code from morai_msgs/GetTrafficLightStatus.msg[0m
[  5%] [34m[1mGenerating Lisp code from morai_msgs/ObjectStatusListExtended.msg[0m
[  5%] [34m[1mGenerating Javascript code from morai_msgs/SetTrafficLight.msg[0m
[  6%] [34m[1mGenerating EusLisp code from morai_msgs/ERP42Info.msg[0m
[  6%] [34m[1mGenerating Javascript code from morai_msgs/IntersectionControl.msg[0m
[  6%] [34m[1mGenerating EusLisp code from morai_msgs/GetTrafficLightStatus.msg[0m
[  6%] [34m[1mGenerating Lisp code from morai_msgs/TrafficLight.msg[0m
[  6%] [34m[1mGenerating Lisp code from morai_msgs/ERP42Info.msg[0m
[  7%] [34m[1mGenerating Python from MSG morai_msgs/ObjectStatusList[0m
[  8%] [34m[1mGenerating C++ code from morai_msgs/GPSMessage.msg[0m
[  8%] [34m[1mGenerating C++ code from morai_msgs/GhostMessage.msg[0m
[  8%] [34m[1mGenerating Python from MSG morai_msgs/ObjectStatus[0m
[  9%] [34m[1mGenerating Lisp code from morai_msgs/GetTrafficLightStatus.msg[0m
[  9%] [34m[1mGenerating C++ code from morai_msgs/ObjectStatusList.msg[0m
[ 10%] [34m[1mGenerating Javascript code from morai_msgs/IntersectionStatus.msg[0m
[ 10%] [34m[1mGenerating C++ code from morai_msgs/ObjectStatus.msg[0m
[ 10%] [34m[1mGenerating C++ code from morai_msgs/ObjectStatusExtended.msg[0m
[ 11%] [34m[1mGenerating C++ code from morai_msgs/ObjectStatusListExtended.msg[0m
[ 11%] [34m[1mGenerating Lisp code from morai_msgs/SetTrafficLight.msg[0m
[ 11%] [34m[1mGenerating EusLisp code from morai_msgs/SetTrafficLight.msg[0m
[ 11%] [34m[1mGenerating Lisp code from morai_msgs/IntersectionControl.msg[0m
[ 11%] [34m[1mGenerating Javascript code from morai_msgs/CollisionData.msg[0m
[ 11%] [34m[1mGenerating Lisp code from morai_msgs/IntersectionStatus.msg[0m
[ 11%] [34m[1mGenerating C++ code from morai_msgs/TrafficLight.msg[0m
[ 11%] [34m[1mGenerating C++ code from morai_msgs/ERP42Info.msg[0m
[ 11%] [34m[1mGenerating Javascript code from morai_msgs/MultiEgoSetting.msg[0m
[ 11%] [34m[1mGenerating C++ code from morai_msgs/GetTrafficLightStatus.msg[0m
[ 11%] [34m[1mGenerating C++ code from morai_msgs/SetTrafficLight.msg[0m
[ 11%] [34m[1mGenerating C++ code from morai_msgs/IntersectionControl.msg[0m
[ 11%] [34m[1mGenerating Lisp code from morai_msgs/CollisionData.msg[0m
[ 11%] [34m[1mGenerating Lisp code from morai_msgs/MultiEgoSetting.msg[0m
[ 12%] [34m[1mGenerating C++ code from morai_msgs/IntersectionStatus.msg[0m
[ 12%] [34m[1mGenerating EusLisp code from morai_msgs/IntersectionControl.msg[0m
[ 12%] [34m[1mGenerating EusLisp code from morai_msgs/IntersectionStatus.msg[0m
[ 12%] [34m[1mGenerating Python from MSG morai_msgs/ObjectStatusExtended[0m
[ 12%] [34m[1mGenerating Javascript code from morai_msgs/IntscnTL.msg[0m
[ 12%] [34m[1mGenerating Javascript code from morai_msgs/SensorPosControl.msg[0m
[ 13%] [34m[1mGenerating Lisp code from morai_msgs/IntscnTL.msg[0m
[ 13%] [34m[1mGenerating C++ code from morai_msgs/CollisionData.msg[0m
[ 13%] [34m[1mGenerating EusLisp code from morai_msgs/CollisionData.msg[0m
[ 13%] [34m[1mGenerating C++ code from morai_msgs/MultiEgoSetting.msg[0m
[ 14%] [34m[1mGenerating Javascript code from morai_msgs/MoraiSimProcHandle.msg[0m
[ 14%] [34m[1mGenerating Javascript code from morai_msgs/MoraiSimProcStatus.msg[0m
[ 14%] [34m[1mGenerating C++ code from morai_msgs/IntscnTL.msg[0m
[ 15%] [34m[1mGenerating EusLisp code from morai_msgs/MultiEgoSetting.msg[0m
[ 15%] [34m[1mGenerating Lisp code from morai_msgs/SensorPosControl.msg[0m
[ 15%] [34m[1mGenerating Javascript code from morai_msgs/MoraiSrvResponse.msg[0m
[ 15%] [34m[1mGenerating C++ code from morai_msgs/SensorPosControl.msg[0m
[ 16%] [34m[1mGenerating C++ code from morai_msgs/MoraiSimProcHandle.msg[0m
[ 16%] [34m[1mGenerating Javascript code from morai_msgs/ScenarioLoad.msg[0m
[ 16%] [34m[1mGenerating Javascript code from morai_msgs/MoraiTLIndex.msg[0m
[ 16%] [34m[1mGenerating Lisp code from morai_msgs/MoraiSimProcHandle.msg[0m
[ 16%] [34m[1mGenerating Lisp code from morai_msgs/MoraiSimProcStatus.msg[0m
[ 16%] [34m[1mGenerating Lisp code from morai_msgs/MoraiSrvResponse.msg[0m
[ 16%] [34m[1mGenerating EusLisp code from morai_msgs/IntscnTL.msg[0m
[ 16%] [34m[1mGenerating Javascript code from morai_msgs/MoraiTLInfo.msg[0m
[ 16%] [34m[1mGenerating EusLisp code from morai_msgs/SensorPosControl.msg[0m
[ 16%] [34m[1mGenerating EusLisp code from morai_msgs/MoraiSimProcHandle.msg[0m
[ 16%] [34m[1mGenerating C++ code from morai_msgs/MoraiSimProcStatus.msg[0m
[ 16%] [34m[1mGenerating C++ code from morai_msgs/MoraiSrvResponse.msg[0m
[ 16%] [34m[1mGenerating Python from MSG morai_msgs/ObjectStatusListExtended[0m
[ 16%] [34m[1mGenerating EusLisp code from morai_msgs/MoraiSimProcStatus.msg[0m
[ 16%] [34m[1mGenerating C++ code from morai_msgs/ScenarioLoad.msg[0m
[ 17%] [34m[1mGenerating Lisp code from morai_msgs/ScenarioLoad.msg[0m
[ 17%] [34m[1mGenerating C++ code from morai_msgs/MoraiTLIndex.msg[0m
[ 17%] [34m[1mGenerating C++ code from morai_msgs/MoraiTLInfo.msg[0m
[ 18%] [34m[1mGenerating Javascript code from morai_msgs/SaveSensorData.msg[0m
[ 19%] [34m[1mGenerating EusLisp code from morai_msgs/MoraiSrvResponse.msg[0m
[ 19%] [34m[1mGenerating EusLisp code from morai_msgs/ScenarioLoad.msg[0m
[ 19%] [34m[1mGenerating EusLisp code from morai_msgs/MoraiTLIndex.msg[0m
[ 19%] [34m[1mGenerating EusLisp code from morai_msgs/MoraiTLInfo.msg[0m
[ 19%] [34m[1mGenerating Lisp code from morai_msgs/MoraiTLIndex.msg[0m
[ 19%] [34m[1mGenerating Javascript code from morai_msgs/ReplayInfo.msg[0m
[ 19%] [34m[1mGenerating EusLisp code from morai_msgs/SaveSensorData.msg[0m
[ 19%] [34m[1mGenerating EusLisp code from morai_msgs/ReplayInfo.msg[0m
[ 20%] [34m[1mGenerating EusLisp code from morai_msgs/EventInfo.msg[0m
[ 20%] [34m[1mGenerating C++ code from morai_msgs/ReplayInfo.msg[0m
[ 20%] [34m[1mGenerating Lisp code from morai_msgs/MoraiTLInfo.msg[0m
[ 21%] [34m[1mGenerating C++ code from morai_msgs/SaveSensorData.msg[0m
[ 21%] [34m[1mGenerating Javascript code from morai_msgs/EventInfo.msg[0m
[ 21%] [34m[1mGenerating Lisp code from morai_msgs/SaveSensorData.msg[0m
[ 21%] [34m[1mGenerating Javascript code from morai_msgs/Lamps.msg[0m
[ 21%] [34m[1mGenerating EusLisp code from morai_msgs/Lamps.msg[0m
[ 21%] [34m[1mGenerating Python from MSG morai_msgs/TrafficLight[0m
[ 21%] [34m[1mGenerating Javascript code from morai_msgs/VehicleSpec.msg[0m
[ 22%] [34m[1mGenerating Javascript code from morai_msgs/VehicleSpecIndex.msg[0m
[ 22%] [34m[1mGenerating EusLisp code from morai_msgs/VehicleSpec.msg[0m
[ 22%] [34m[1mGenerating EusLisp code from morai_msgs/VehicleSpecIndex.msg[0m
[ 22%] [34m[1mGenerating Lisp code from morai_msgs/ReplayInfo.msg[0m
[ 22%] [34m[1mGenerating Javascript code from morai_msgs/NpcGhostCmd.msg[0m
[ 22%] [34m[1mGenerating Javascript code from morai_msgs/NpcGhostInfo.msg[0m
[ 22%] [34m[1mGenerating EusLisp code from morai_msgs/NpcGhostCmd.msg[0m
[ 23%] [34m[1mGenerating EusLisp code from morai_msgs/NpcGhostInfo.msg[0m
[ 23%] [34m[1mGenerating Lisp code from morai_msgs/EventInfo.msg[0m
[ 24%] [34m[1mGenerating Lisp code from morai_msgs/Lamps.msg[0m
[ 24%] [34m[1mGenerating Javascript code from morai_msgs/VehicleCollisionData.msg[0m
[ 24%] [34m[1mGenerating Lisp code from morai_msgs/VehicleSpec.msg[0m
[ 24%] [34m[1mGenerating Lisp code from morai_msgs/VehicleSpecIndex.msg[0m
[ 24%] [34m[1mGenerating Lisp code from morai_msgs/NpcGhostCmd.msg[0m
[ 24%] [34m[1mGenerating C++ code from morai_msgs/EventInfo.msg[0m
[ 24%] [34m[1mGenerating Lisp code from morai_msgs/NpcGhostInfo.msg[0m
[ 25%] [34m[1mGenerating Lisp code from morai_msgs/VehicleCollisionData.msg[0m
[ 25%] [34m[1mGenerating Lisp code from morai_msgs/VehicleCollision.msg[0m
[ 25%] [34m[1mGenerating Lisp code from morai_msgs/SyncModeAddObject.msg[0m
[ 25%] [34m[1mGenerating Lisp code from morai_msgs/SyncModeInfo.msg[0m
[ 25%] [34m[1mGenerating Javascript code from morai_msgs/VehicleCollision.msg[0m
[ 25%] [34m[1mGenerating Javascript code from morai_msgs/SyncModeAddObject.msg[0m
[ 25%] [34m[1mGenerating EusLisp code from morai_msgs/VehicleCollisionData.msg[0m
[ 25%] [34m[1mGenerating Lisp code from morai_msgs/SyncModeCmd.msg[0m
[ 25%] [34m[1mGenerating Lisp code from morai_msgs/WaitForTickResponse.msg[0m
[ 25%] [34m[1mGenerating EusLisp code from morai_msgs/VehicleCollision.msg[0m
[ 26%] [34m[1mGenerating Python from MSG morai_msgs/ERP42Info[0m
[ 26%] [34m[1mGenerating EusLisp code from morai_msgs/SyncModeAddObject.msg[0m
[ 26%] [34m[1mGenerating EusLisp code from morai_msgs/SyncModeInfo.msg[0m
[ 27%] [34m[1mGenerating Lisp code from morai_msgs/SyncModeRemoveObject.msg[0m
[ 27%] [34m[1mGenerating Lisp code from morai_msgs/SyncModeCmdResponse.msg[0m
[ 27%] [34m[1mGenerating Lisp code from morai_msgs/WaitForTick.msg[0m
[ 28%] [34m[1mGenerating Javascript code from morai_msgs/SyncModeInfo.msg[0m
[ 28%] [34m[1mGenerating Lisp code from morai_msgs/MapSpec.msg[0m
[ 28%] [34m[1mGenerating Javascript code from morai_msgs/WaitForTickResponse.msg[0m
[ 28%] [34m[1mGenerating C++ code from morai_msgs/Lamps.msg[0m
[ 28%] [34m[1mGenerating Lisp code from morai_msgs/MapSpecIndex.msg[0m
[ 28%] [34m[1mGenerating EusLisp code from morai_msgs/WaitForTickResponse.msg[0m
[ 29%] [34m[1mGenerating EusLisp code from morai_msgs/SyncModeCmd.msg[0m
[ 29%] [34m[1mGenerating EusLisp code from morai_msgs/SyncModeRemoveObject.msg[0m
[ 30%] [34m[1mGenerating Lisp code from morai_msgs/SyncModeCtrlCmd.msg[0m
[ 30%] [34m[1mGenerating EusLisp code from morai_msgs/WaitForTick.msg[0m
[ 30%] [34m[1mGenerating EusLisp code from morai_msgs/SyncModeCmdResponse.msg[0m
[ 30%] [34m[1mGenerating Python from MSG morai_msgs/GetTrafficLightStatus[0m
[ 30%] [34m[1mGenerating Python from MSG morai_msgs/SetTrafficLight[0m
[ 30%] [34m[1mGenerating Javascript code from morai_msgs/SyncModeCmd.msg[0m
[ 30%] [34m[1mGenerating Lisp code from morai_msgs/SyncModeSetGear.msg[0m
[ 30%] [34m[1mGenerating Lisp code from morai_msgs/SyncModeResultResponse.msg[0m
[ 30%] [34m[1mGenerating EusLisp code from morai_msgs/MapSpec.msg[0m
[ 30%] [34m[1mGenerating Lisp code from morai_msgs/SyncModeScenarioLoad.msg[0m
[ 30%] [34m[1mGenerating Javascript code from morai_msgs/SyncModeRemoveObject.msg[0m
[ 30%] [34m[1mGenerating Javascript code from morai_msgs/SyncModeCmdResponse.msg[0m
[ 30%] [34m[1mGenerating Lisp code from morai_msgs/RadarDetection.msg[0m
[ 30%] [34m[1mGenerating Python from MSG morai_msgs/IntersectionControl[0m
[ 30%] [34m[1mGenerating Python from MSG morai_msgs/IntersectionStatus[0m
[ 30%] [34m[1mGenerating Python from MSG morai_msgs/CollisionData[0m
[ 31%] [34m[1mGenerating Python from MSG morai_msgs/MultiEgoSetting[0m
[ 31%] [34m[1mGenerating C++ code from morai_msgs/VehicleSpec.msg[0m
[ 31%] [34m[1mGenerating Python from MSG morai_msgs/IntscnTL[0m
[ 32%] [34m[1mGenerating Javascript code from morai_msgs/WaitForTick.msg[0m
[ 32%] [34m[1mGenerating Javascript code from morai_msgs/MapSpec.msg[0m
[ 32%] [34m[1mGenerating Lisp code from morai_msgs/RadarDetections.msg[0m
[ 33%] [34m[1mGenerating EusLisp code from morai_msgs/MapSpecIndex.msg[0m
[ 34%] [34m[1mGenerating Javascript code from morai_msgs/MapSpecIndex.msg[0m
[ 34%] [34m[1mGenerating Lisp code from morai_msgs/PRStatus.msg[0m
[ 34%] [34m[1mGenerating Python from MSG morai_msgs/SensorPosControl[0m
[ 35%] [34m[1mGenerating C++ code from morai_msgs/VehicleSpecIndex.msg[0m
[ 35%] [34m[1mGenerating Python from MSG morai_msgs/MoraiSimProcHandle[0m
[ 35%] [34m[1mGenerating Lisp code from morai_msgs/PRCtrlCmd.msg[0m
[ 35%] [34m[1mGenerating EusLisp code from morai_msgs/SyncModeCtrlCmd.msg[0m
[ 35%] [34m[1mGenerating Javascript code from morai_msgs/SyncModeCtrlCmd.msg[0m
[ 35%] [34m[1mGenerating Javascript code from morai_msgs/SyncModeSetGear.msg[0m
[ 35%] [34m[1mGenerating Lisp code from morai_msgs/SkateboardCtrlCmd.msg[0m
[ 35%] [34m[1mGenerating Lisp code from morai_msgs/PREvent.msg[0m
[ 35%] [34m[1mGenerating Javascript code from morai_msgs/SyncModeResultResponse.msg[0m
[ 35%] [34m[1mGenerating Python from MSG morai_msgs/MoraiSimProcStatus[0m
[ 36%] [34m[1mGenerating Python from MSG morai_msgs/MoraiSrvResponse[0m
[ 36%] [34m[1mGenerating EusLisp code from morai_msgs/SyncModeSetGear.msg[0m
[ 36%] [34m[1mGenerating EusLisp code from morai_msgs/SyncModeResultResponse.msg[0m
[ 36%] [34m[1mGenerating Python from MSG morai_msgs/ScenarioLoad[0m
[ 36%] [34m[1mGenerating Python from MSG morai_msgs/MoraiTLIndex[0m
[ 36%] [34m[1mGenerating Lisp code from morai_msgs/SkateboardStatus.msg[0m
[ 36%] [34m[1mGenerating Python from MSG morai_msgs/MoraiTLInfo[0m
[ 37%] [34m[1mGenerating Javascript code from morai_msgs/SyncModeScenarioLoad.msg[0m
[ 37%] [34m[1mGenerating C++ code from morai_msgs/NpcGhostCmd.msg[0m
[ 37%] [34m[1mGenerating C++ code from morai_msgs/NpcGhostInfo.msg[0m
[ 37%] [34m[1mGenerating Lisp code from morai_msgs/SkidSteer6wUGVCtrlCmd.msg[0m
[ 38%] [34m[1mGenerating Lisp code from morai_msgs/SkidSteer6wUGVStatus.msg[0m
[ 38%] [34m[1mGenerating EusLisp code from morai_msgs/SyncModeScenarioLoad.msg[0m
[ 38%] [34m[1mGenerating Javascript code from morai_msgs/RadarDetection.msg[0m
[ 38%] [34m[1mGenerating Lisp code from morai_msgs/MultiPlayEventResponse.msg[0m
[ 38%] [34m[1mGenerating C++ code from morai_msgs/VehicleCollisionData.msg[0m
[ 38%] [34m[1mGenerating C++ code from morai_msgs/VehicleCollision.msg[0m
[ 38%] [34m[1mGenerating Javascript code from morai_msgs/RadarDetections.msg[0m
[ 38%] [34m[1mGenerating Lisp code from morai_msgs/MultiPlayEventRequest.msg[0m
[ 38%] [34m[1mGenerating EusLisp code from morai_msgs/RadarDetection.msg[0m
[ 38%] [34m[1mGenerating Javascript code from morai_msgs/PRStatus.msg[0m
[ 38%] [34m[1mGenerating Javascript code from morai_msgs/PRCtrlCmd.msg[0m
[ 39%] [34m[1mGenerating Javascript code from morai_msgs/PREvent.msg[0m
[ 39%] [34m[1mGenerating C++ code from morai_msgs/SyncModeAddObject.msg[0m
[ 39%] [34m[1mGenerating Python from MSG morai_msgs/SaveSensorData[0m
[ 40%] [34m[1mGenerating C++ code from morai_msgs/SyncModeInfo.msg[0m
[ 41%] [34m[1mGenerating EusLisp code from morai_msgs/RadarDetections.msg[0m
[ 41%] [34m[1mGenerating EusLisp code from morai_msgs/PRStatus.msg[0m
[ 41%] [34m[1mGenerating EusLisp code from morai_msgs/PRCtrlCmd.msg[0m
[ 41%] [34m[1mGenerating Python from MSG morai_msgs/ReplayInfo[0m
[ 41%] [34m[1mGenerating Lisp code from morai_msgs/DillyCmdResponse.msg[0m
[ 41%] [34m[1mGenerating Javascript code from morai_msgs/SkateboardCtrlCmd.msg[0m
[ 41%] [34m[1mGenerating Lisp code from morai_msgs/DillyCmd.msg[0m
[ 41%] [34m[1mGenerating EusLisp code from morai_msgs/PREvent.msg[0m
[ 41%] [34m[1mGenerating Javascript code from morai_msgs/SkateboardStatus.msg[0m
[ 41%] [34m[1mGenerating C++ code from morai_msgs/WaitForTickResponse.msg[0m
[ 41%] [34m[1mGenerating C++ code from morai_msgs/SyncModeCmd.msg[0m
[ 41%] [34m[1mGenerating EusLisp code from morai_msgs/SkateboardCtrlCmd.msg[0m
[ 41%] [34m[1mGenerating Javascript code from morai_msgs/SkidSteer6wUGVCtrlCmd.msg[0m
[ 41%] [34m[1mGenerating Javascript code from morai_msgs/SkidSteer6wUGVStatus.msg[0m
[ 42%] [34m[1mGenerating Javascript code from morai_msgs/MultiPlayEventResponse.msg[0m
[ 42%] [34m[1mGenerating Lisp code from morai_msgs/WoowaDillyStatus.msg[0m
[ 42%] [34m[1mGenerating C++ code from morai_msgs/SyncModeRemoveObject.msg[0m
[ 42%] [34m[1mGenerating Lisp code from morai_msgs/SVADC.msg[0m
[ 42%] [34m[1mGenerating Lisp code from morai_msgs/FaultInjection_Controller.msg[0m
[ 42%] [34m[1mGenerating Lisp code from morai_msgs/FaultInjection_Response.msg[0m
[ 42%] [34m[1mGenerating C++ code from morai_msgs/SyncModeCmdResponse.msg[0m
[ 43%] [34m[1mGenerating Javascript code from morai_msgs/MultiPlayEventRequest.msg[0m
[ 43%] [34m[1mGenerating Javascript code from morai_msgs/DillyCmdResponse.msg[0m
[ 44%] [34m[1mGenerating Python from MSG morai_msgs/EventInfo[0m
[ 45%] [34m[1mGenerating EusLisp code from morai_msgs/SkateboardStatus.msg[0m
[ 45%] [34m[1mGenerating Lisp code from morai_msgs/FaultInjection_Sensor.msg[0m
[ 46%] [34m[1mGenerating C++ code from morai_msgs/WaitForTick.msg[0m
[ 46%] [34m[1mGenerating Lisp code from morai_msgs/FaultInjection_Tire.msg[0m
[ 46%] [34m[1mGenerating Python from MSG morai_msgs/Lamps[0m
[ 47%] [34m[1mGenerating Lisp code from morai_msgs/FaultStatusInfo_Overall.msg[0m
[ 47%] [34m[1mGenerating Python from MSG morai_msgs/VehicleSpec[0m
[ 47%] [34m[1mGenerating Javascript code from morai_msgs/DillyCmd.msg[0m
[ 47%] [34m[1mGenerating Python from MSG morai_msgs/VehicleSpecIndex[0m
[ 47%] [34m[1mGenerating C++ code from morai_msgs/MapSpec.msg[0m
[ 47%] [34m[1mGenerating Lisp code from morai_msgs/FaultStatusInfo_Sensor.msg[0m
[ 47%] [34m[1mGenerating C++ code from morai_msgs/SyncModeCtrlCmd.msg[0m
[ 47%] [34m[1mGenerating C++ code from morai_msgs/MapSpecIndex.msg[0m
[ 47%] [34m[1mGenerating EusLisp code from morai_msgs/SkidSteer6wUGVCtrlCmd.msg[0m
[ 47%] [34m[1mGenerating Javascript code from morai_msgs/WoowaDillyStatus.msg[0m
[ 47%] [34m[1mGenerating Javascript code from morai_msgs/SVADC.msg[0m
[ 47%] [34m[1mGenerating Lisp code from morai_msgs/FaultStatusInfo_Vehicle.msg[0m
[ 47%] [34m[1mGenerating C++ code from morai_msgs/SyncModeSetGear.msg[0m
[ 48%] [34m[1mGenerating Javascript code from morai_msgs/FaultInjection_Controller.msg[0m
[ 48%] [34m[1mGenerating C++ code from morai_msgs/SyncModeResultResponse.msg[0m
[ 49%] [34m[1mGenerating C++ code from morai_msgs/SyncModeScenarioLoad.msg[0m
[ 49%] [34m[1mGenerating Lisp code from morai_msgs/FaultStatusInfo.msg[0m
[ 49%] [34m[1mGenerating EusLisp code from morai_msgs/SkidSteer6wUGVStatus.msg[0m
[ 49%] [34m[1mGenerating Python from MSG morai_msgs/NpcGhostCmd[0m
[ 49%] [34m[1mGenerating C++ code from morai_msgs/RadarDetections.msg[0m
[ 49%] [34m[1mGenerating C++ code from morai_msgs/RadarDetection.msg[0m
[ 49%] [34m[1mGenerating Javascript code from morai_msgs/FaultInjection_Response.msg[0m
[ 50%] [34m[1mGenerating Python from MSG morai_msgs/NpcGhostInfo[0m
[ 50%] [34m[1mGenerating Python from MSG morai_msgs/VehicleCollisionData[0m
[ 51%] [34m[1mGenerating Lisp code from morai_msgs/UGVServeSkidCtrlCmd.msg[0m
[ 51%] [34m[1mGenerating Lisp code from morai_msgs/VelocityCmd.msg[0m
[ 51%] [34m[1mGenerating Javascript code from morai_msgs/FaultInjection_Sensor.msg[0m
[ 51%] [34m[1mGenerating EusLisp code from morai_msgs/MultiPlayEventResponse.msg[0m
[ 51%] [34m[1mGenerating C++ code from morai_msgs/PRStatus.msg[0m
[ 51%] [34m[1mGenerating Lisp code from morai_msgs/Obstacle.msg[0m
[ 51%] [34m[1mGenerating Lisp code from morai_msgs/Obstacles.msg[0m
[ 51%] [34m[1mGenerating C++ code from morai_msgs/PRCtrlCmd.msg[0m
[ 52%] [34m[1mGenerating C++ code from morai_msgs/PREvent.msg[0m
[ 52%] [34m[1mGenerating Javascript code from morai_msgs/FaultInjection_Tire.msg[0m
[ 52%] [34m[1mGenerating C++ code from morai_msgs/SkateboardCtrlCmd.msg[0m
[ 52%] [34m[1mGenerating C++ code from morai_msgs/SkateboardStatus.msg[0m
[ 52%] [34m[1mGenerating Lisp code from morai_msgs/Transforms.msg[0m
[ 52%] [34m[1mGenerating C++ code from morai_msgs/SkidSteer6wUGVCtrlCmd.msg[0m
[ 52%] [34m[1mGenerating EusLisp code from morai_msgs/MultiPlayEventRequest.msg[0m
[ 52%] [34m[1mGenerating EusLisp code from morai_msgs/DillyCmdResponse.msg[0m
[ 52%] [34m[1mGenerating Javascript code from morai_msgs/FaultStatusInfo_Overall.msg[0m
[ 52%] [34m[1mGenerating Javascript code from morai_msgs/FaultStatusInfo_Sensor.msg[0m
[ 52%] [34m[1mGenerating Lisp code from morai_msgs/GVDirectCmd.msg[0m
[ 52%] [34m[1mGenerating Python from MSG morai_msgs/VehicleCollision[0m
[ 52%] [34m[1mGenerating Python from MSG morai_msgs/SyncModeAddObject[0m
[ 52%] [34m[1mGenerating C++ code from morai_msgs/SkidSteer6wUGVStatus.msg[0m
[ 52%] [34m[1mGenerating Python from MSG morai_msgs/SyncModeInfo[0m
[ 52%] [34m[1mGenerating Lisp code from morai_msgs/GVStateCmd.msg[0m
[ 53%] [34m[1mGenerating Lisp code from morai_msgs/TOF.msg[0m
[ 54%] [34m[1mGenerating Javascript code from morai_msgs/FaultStatusInfo_Vehicle.msg[0m
[ 55%] [34m[1mGenerating EusLisp code from morai_msgs/DillyCmd.msg[0m
[ 55%] [34m[1mGenerating Lisp code from morai_msgs/RobotOutput.msg[0m
[ 55%] [34m[1mGenerating EusLisp code from morai_msgs/WoowaDillyStatus.msg[0m
[ 55%] [34m[1mGenerating EusLisp code from morai_msgs/SVADC.msg[0m
[ 55%] [34m[1mGenerating EusLisp code from morai_msgs/FaultInjection_Controller.msg[0m
[ 55%] [34m[1mGenerating Lisp code from morai_msgs/RobotState.msg[0m
[ 55%] [34m[1mGenerating Lisp code from morai_msgs/WheelControl.msg[0m
[ 55%] [34m[1mGenerating Javascript code from morai_msgs/FaultStatusInfo.msg[0m
[ 55%] [34m[1mGenerating Lisp code from morai_msgs/Conveyor.msg[0m
[ 55%] [34m[1mGenerating EusLisp code from morai_msgs/FaultInjection_Response.msg[0m
[ 56%] [34m[1mGenerating Lisp code from morai_msgs/CMDConveyor.msg[0m
[ 56%] [34m[1mGenerating Lisp code from morai_msgs/ExternalForce.msg[0m
[ 56%] [34m[1mGenerating Lisp code from morai_msgs/GeoVector3Message.msg[0m
[ 57%] [34m[1mGenerating EusLisp code from morai_msgs/FaultInjection_Sensor.msg[0m
[ 57%] [34m[1mGenerating Javascript code from morai_msgs/UGVServeSkidCtrlCmd.msg[0m
[ 57%] [34m[1mGenerating Lisp code from morai_msgs/ShipState.msg[0m
[ 57%] [34m[1mGenerating Javascript code from morai_msgs/VelocityCmd.msg[0m
[ 57%] [34m[1mGenerating C++ code from morai_msgs/MultiPlayEventResponse.msg[0m
[ 57%] [34m[1mGenerating Javascript code from morai_msgs/Obstacle.msg[0m
[ 58%] [34m[1mGenerating Javascript code from morai_msgs/Obstacles.msg[0m
[ 58%] [34m[1mGenerating Javascript code from morai_msgs/Transforms.msg[0m
[ 58%] [34m[1mGenerating Lisp code from morai_msgs/ShipCtrlCmd.msg[0m
[ 58%] [34m[1mGenerating Javascript code from morai_msgs/GVDirectCmd.msg[0m
[ 58%] [34m[1mGenerating Javascript code from morai_msgs/GVStateCmd.msg[0m
[ 58%] [34m[1mGenerating Python from MSG morai_msgs/WaitForTickResponse[0m
[ 58%] [34m[1mGenerating EusLisp code from morai_msgs/FaultInjection_Tire.msg[0m
[ 59%] [34m[1mGenerating Python from MSG morai_msgs/SyncModeCmd[0m
[ 59%] [34m[1mGenerating EusLisp code from morai_msgs/FaultStatusInfo_Overall.msg[0m
[ 59%] [34m[1mGenerating Python from MSG morai_msgs/SyncModeRemoveObject[0m
[ 59%] [34m[1mGenerating Javascript code from morai_msgs/TOF.msg[0m
[ 59%] [34m[1mGenerating Javascript code from morai_msgs/RobotOutput.msg[0m
[ 60%] [34m[1mGenerating Javascript code from morai_msgs/WheelControl.msg[0m
[ 60%] [34m[1mGenerating Lisp code from morai_msgs/ManipulatorControl.msg[0m
[ 60%] [34m[1mGenerating Python from MSG morai_msgs/SyncModeCmdResponse[0m
[ 60%] [34m[1mGenerating Javascript code from morai_msgs/RobotState.msg[0m
[ 61%] [34m[1mGenerating C++ code from morai_msgs/MultiPlayEventRequest.msg[0m
[ 61%] [34m[1mGenerating Python from MSG morai_msgs/WaitForTick[0m
[ 61%] [34m[1mGenerating Python from MSG morai_msgs/MapSpec[0m
[ 61%] [34m[1mGenerating EusLisp code from morai_msgs/FaultStatusInfo_Sensor.msg[0m
[ 62%] [34m[1mGenerating Python from MSG morai_msgs/MapSpecIndex[0m
[ 63%] [34m[1mGenerating EusLisp code from morai_msgs/FaultStatusInfo_Vehicle.msg[0m
[ 63%] [34m[1mGenerating Lisp code from morai_msgs/MoraiScenarioLoadSrv.srv[0m
[ 63%] [34m[1mGenerating Javascript code from morai_msgs/Conveyor.msg[0m
[ 63%] [34m[1mGenerating Lisp code from morai_msgs/MoraiSimProcSrv.srv[0m
[ 63%] [34m[1mGenerating Javascript code from morai_msgs/CMDConveyor.msg[0m
[ 63%] [34m[1mGenerating Lisp code from morai_msgs/MoraiTLInfoSrv.srv[0m
[ 63%] [34m[1mGenerating Javascript code from morai_msgs/ExternalForce.msg[0m
[ 63%] [34m[1mGenerating EusLisp code from morai_msgs/FaultStatusInfo.msg[0m
[ 64%] [34m[1mGenerating EusLisp code from morai_msgs/UGVServeSkidCtrlCmd.msg[0m
[ 64%] [34m[1mGenerating EusLisp code from morai_msgs/VelocityCmd.msg[0m
[ 65%] [34m[1mGenerating Javascript code from morai_msgs/GeoVector3Message.msg[0m
[ 65%] [34m[1mGenerating C++ code from morai_msgs/DillyCmdResponse.msg[0m
[ 65%] [34m[1mGenerating C++ code from morai_msgs/DillyCmd.msg[0m
[ 65%] [34m[1mGenerating Lisp code from morai_msgs/MoraiEventCmdSrv.srv[0m
[ 65%] [34m[1mGenerating Lisp code from morai_msgs/MoraiVehicleSpecSrv.srv[0m
[ 66%] [34m[1mGenerating Lisp code from morai_msgs/MoraiSyncModeCmdSrv.srv[0m
[ 66%] [34m[1mGenerating Javascript code from morai_msgs/ShipState.msg[0m
[ 66%] [34m[1mGenerating Python from MSG morai_msgs/SyncModeCtrlCmd[0m
[ 66%] [34m[1mGenerating Python from MSG morai_msgs/SyncModeSetGear[0m
[ 66%] [34m[1mGenerating Lisp code from morai_msgs/MoraiWaitForTickSrv.srv[0m
[ 66%] [34m[1mGenerating Javascript code from morai_msgs/ShipCtrlCmd.msg[0m
[ 66%] [34m[1mGenerating Python from MSG morai_msgs/SyncModeResultResponse[0m
[ 66%] [34m[1mGenerating EusLisp code from morai_msgs/Obstacle.msg[0m
[ 66%] [34m[1mGenerating Python from MSG morai_msgs/SyncModeScenarioLoad[0m
[ 66%] [34m[1mGenerating Lisp code from morai_msgs/MoraiMapSpecSrv.srv[0m
[ 66%] [34m[1mGenerating Lisp code from morai_msgs/MoraiSyncModeCtrlCmdSrv.srv[0m
[ 66%] [34m[1mGenerating Lisp code from morai_msgs/MoraiSyncModeSetGearSrv.srv[0m
[ 66%] [34m[1mGenerating Javascript code from morai_msgs/ManipulatorControl.msg[0m
[ 66%] [34m[1mGenerating Lisp code from morai_msgs/MoraiSyncModeSLSrv.srv[0m
[ 66%] [34m[1mGenerating Javascript code from morai_msgs/MoraiScenarioLoadSrv.srv[0m
[ 66%] [34m[1mGenerating Javascript code from morai_msgs/MoraiSimProcSrv.srv[0m
[ 67%] [34m[1mGenerating Javascript code from morai_msgs/MoraiTLInfoSrv.srv[0m
[ 67%] [34m[1mGenerating C++ code from morai_msgs/WoowaDillyStatus.msg[0m
[ 67%] [34m[1mGenerating EusLisp code from morai_msgs/Obstacles.msg[0m
[ 67%] [34m[1mGenerating C++ code from morai_msgs/SVADC.msg[0m
[ 68%] [34m[1mGenerating C++ code from morai_msgs/FaultInjection_Controller.msg[0m
[ 69%] [34m[1mGenerating Lisp code from morai_msgs/PREventSrv.srv[0m
[ 69%] [34m[1mGenerating C++ code from morai_msgs/FaultInjection_Response.msg[0m
[ 69%] [34m[1mGenerating C++ code from morai_msgs/FaultInjection_Sensor.msg[0m
[ 69%] [34m[1mGenerating Javascript code from morai_msgs/MoraiEventCmdSrv.srv[0m
[ 69%] [34m[1mGenerating Lisp code from morai_msgs/MoraiSyncModeAddObjectSrv.srv[0m
[ 69%] [34m[1mGenerating C++ code from morai_msgs/FaultInjection_Tire.msg[0m
[ 69%] [34m[1mGenerating Javascript code from morai_msgs/MoraiVehicleSpecSrv.srv[0m
[ 69%] [34m[1mGenerating EusLisp code from morai_msgs/Transforms.msg[0m
[ 69%] [34m[1mGenerating Python from MSG morai_msgs/RadarDetection[0m
[ 70%] [34m[1mGenerating EusLisp code from morai_msgs/GVDirectCmd.msg[0m
[ 70%] [34m[1mGenerating EusLisp code from morai_msgs/GVStateCmd.msg[0m
[ 70%] [34m[1mGenerating EusLisp code from morai_msgs/TOF.msg[0m
[ 70%] [34m[1mGenerating EusLisp code from morai_msgs/RobotOutput.msg[0m
[ 70%] [34m[1mGenerating Lisp code from morai_msgs/MoraiSyncModeRemoveObjectSrv.srv[0m
[ 70%] [34m[1mGenerating Javascript code from morai_msgs/MoraiSyncModeCmdSrv.srv[0m
[ 70%] [34m[1mGenerating Javascript code from morai_msgs/MoraiWaitForTickSrv.srv[0m
[ 71%] [34m[1mGenerating Javascript code from morai_msgs/MoraiMapSpecSrv.srv[0m
[ 71%] [34m[1mGenerating Lisp code from morai_msgs/WoowaDillyEventCmdSrv.srv[0m
[ 71%] [34m[1mGenerating Lisp code from morai_msgs/MultiPlayEventSrv.srv[0m
[ 71%] [34m[1mGenerating EusLisp code from morai_msgs/WheelControl.msg[0m
[ 71%] [34m[1mGenerating EusLisp code from morai_msgs/RobotState.msg[0m
[ 71%] [34m[1mGenerating C++ code from morai_msgs/FaultStatusInfo_Overall.msg[0m
[ 71%] [34m[1mGenerating Javascript code from morai_msgs/MoraiSyncModeCtrlCmdSrv.srv[0m
[ 71%] [34m[1mGenerating C++ code from morai_msgs/FaultStatusInfo_Sensor.msg[0m
[ 71%] [34m[1mGenerating Javascript code from morai_msgs/MoraiSyncModeSetGearSrv.srv[0m
[ 72%] [34m[1mGenerating Lisp code from morai_msgs/FaultInjectionCtrlSrv.srv[0m
[ 73%] [34m[1mGenerating C++ code from morai_msgs/FaultStatusInfo_Vehicle.msg[0m
[ 74%] [34m[1mGenerating EusLisp code from morai_msgs/Conveyor.msg[0m
[ 74%] [34m[1mGenerating Javascript code from morai_msgs/MoraiSyncModeSLSrv.srv[0m
[ 74%] [34m[1mGenerating EusLisp code from morai_msgs/CMDConveyor.msg[0m
[ 74%] [34m[1mGenerating Javascript code from morai_msgs/PREventSrv.srv[0m
[ 74%] [34m[1mGenerating Lisp code from morai_msgs/FaultInjectionSensorSrv.srv[0m
[ 74%] [34m[1mGenerating Lisp code from morai_msgs/FaultInjectionTireSrv.srv[0m
[ 75%] [34m[1mGenerating Python from MSG morai_msgs/RadarDetections[0m
[ 75%] [34m[1mGenerating Python from MSG morai_msgs/PRStatus[0m
[ 75%] [34m[1mGenerating C++ code from morai_msgs/FaultStatusInfo.msg[0m
[ 75%] [34m[1mGenerating EusLisp code from morai_msgs/ExternalForce.msg[0m
[ 75%] [34m[1mGenerating EusLisp code from morai_msgs/GeoVector3Message.msg[0m
[ 75%] [34m[1mGenerating EusLisp code from morai_msgs/ShipState.msg[0m
[ 76%] [34m[1mGenerating EusLisp code from morai_msgs/ShipCtrlCmd.msg[0m
[ 76%] Built target morai_msgs_generate_messages_lisp
[ 77%] [34m[1mGenerating Javascript code from morai_msgs/MoraiSyncModeRemoveObjectSrv.srv[0m
[ 77%] [34m[1mGenerating Javascript code from morai_msgs/MultiPlayEventSrv.srv[0m
[ 77%] [34m[1mGenerating Javascript code from morai_msgs/MoraiSyncModeAddObjectSrv.srv[0m
[ 77%] [34m[1mGenerating EusLisp code from morai_msgs/ManipulatorControl.msg[0m
[ 77%] [34m[1mGenerating C++ code from morai_msgs/UGVServeSkidCtrlCmd.msg[0m
[ 77%] [34m[1mGenerating EusLisp code from morai_msgs/MoraiScenarioLoadSrv.srv[0m
[ 77%] [34m[1mGenerating Javascript code from morai_msgs/WoowaDillyEventCmdSrv.srv[0m
[ 77%] [34m[1mGenerating EusLisp code from morai_msgs/MoraiSimProcSrv.srv[0m
[ 77%] [34m[1mGenerating EusLisp code from morai_msgs/MoraiTLInfoSrv.srv[0m
[ 77%] [34m[1mGenerating Python from MSG morai_msgs/PRCtrlCmd[0m
[ 77%] [34m[1mGenerating Javascript code from morai_msgs/FaultInjectionCtrlSrv.srv[0m
[ 77%] [34m[1mGenerating Javascript code from morai_msgs/FaultInjectionSensorSrv.srv[0m
[ 78%] [34m[1mGenerating Javascript code from morai_msgs/FaultInjectionTireSrv.srv[0m
[ 78%] [34m[1mGenerating EusLisp code from morai_msgs/MoraiEventCmdSrv.srv[0m
[ 78%] [34m[1mGenerating C++ code from morai_msgs/VelocityCmd.msg[0m
[ 78%] [34m[1mGenerating Python from MSG morai_msgs/PREvent[0m
[ 78%] [34m[1mGenerating Python from MSG morai_msgs/SkateboardCtrlCmd[0m
[ 78%] [34m[1mGenerating C++ code from morai_msgs/Obstacle.msg[0m
[ 79%] [34m[1mGenerating EusLisp code from morai_msgs/MoraiVehicleSpecSrv.srv[0m
[ 79%] [34m[1mGenerating EusLisp code from morai_msgs/MoraiSyncModeCmdSrv.srv[0m
[ 79%] Built target morai_msgs_generate_messages_nodejs
[ 79%] [34m[1mGenerating EusLisp code from morai_msgs/MoraiWaitForTickSrv.srv[0m
[ 79%] [34m[1mGenerating EusLisp code from morai_msgs/MoraiMapSpecSrv.srv[0m
[ 79%] [34m[1mGenerating EusLisp code from morai_msgs/MoraiSyncModeCtrlCmdSrv.srv[0m
[ 80%] [34m[1mGenerating C++ code from morai_msgs/Obstacles.msg[0m
[ 81%] [34m[1mGenerating EusLisp code from morai_msgs/MoraiSyncModeSetGearSrv.srv[0m
[ 81%] [34m[1mGenerating EusLisp code from morai_msgs/MoraiSyncModeSLSrv.srv[0m
[ 81%] [34m[1mGenerating C++ code from morai_msgs/Transforms.msg[0m
[ 81%] [34m[1mGenerating EusLisp code from morai_msgs/PREventSrv.srv[0m
[ 81%] [34m[1mGenerating EusLisp code from morai_msgs/MoraiSyncModeAddObjectSrv.srv[0m
[ 81%] [34m[1mGenerating EusLisp code from morai_msgs/MoraiSyncModeRemoveObjectSrv.srv[0m
[ 81%] [34m[1mGenerating C++ code from morai_msgs/GVDirectCmd.msg[0m
[ 82%] [34m[1mGenerating Python from MSG morai_msgs/SkateboardStatus[0m
[ 82%] [34m[1mGenerating C++ code from morai_msgs/GVStateCmd.msg[0m
[ 82%] [34m[1mGenerating EusLisp code from morai_msgs/MultiPlayEventSrv.srv[0m
[ 82%] [34m[1mGenerating Python from MSG morai_msgs/SkidSteer6wUGVCtrlCmd[0m
[ 82%] [34m[1mGenerating Python from MSG morai_msgs/SkidSteer6wUGVStatus[0m
[ 83%] [34m[1mGenerating EusLisp code from morai_msgs/WoowaDillyEventCmdSrv.srv[0m
[ 83%] [34m[1mGenerating EusLisp code from morai_msgs/FaultInjectionCtrlSrv.srv[0m
[ 83%] [34m[1mGenerating EusLisp code from morai_msgs/FaultInjectionSensorSrv.srv[0m
[ 83%] [34m[1mGenerating EusLisp code from morai_msgs/FaultInjectionTireSrv.srv[0m
[ 83%] [34m[1mGenerating C++ code from morai_msgs/TOF.msg[0m
[ 83%] [34m[1mGenerating C++ code from morai_msgs/RobotOutput.msg[0m
[ 84%] [34m[1mGenerating C++ code from morai_msgs/WheelControl.msg[0m
[ 84%] [34m[1mGenerating C++ code from morai_msgs/RobotState.msg[0m
[ 84%] [34m[1mGenerating EusLisp manifest code for morai_msgs[0m
[ 84%] [34m[1mGenerating C++ code from morai_msgs/Conveyor.msg[0m
[ 84%] [34m[1mGenerating C++ code from morai_msgs/CMDConveyor.msg[0m
[ 84%] [34m[1mGenerating Python from MSG morai_msgs/MultiPlayEventResponse[0m
[ 84%] [34m[1mGenerating Python from MSG morai_msgs/MultiPlayEventRequest[0m
[ 84%] [34m[1mGenerating C++ code from morai_msgs/ExternalForce.msg[0m
[ 85%] [34m[1mGenerating C++ code from morai_msgs/GeoVector3Message.msg[0m
[ 85%] [34m[1mGenerating Python from MSG morai_msgs/DillyCmdResponse[0m
[ 86%] [34m[1mGenerating Python from MSG morai_msgs/DillyCmd[0m
[ 86%] [34m[1mGenerating C++ code from morai_msgs/ShipState.msg[0m
[ 86%] [34m[1mGenerating C++ code from morai_msgs/ShipCtrlCmd.msg[0m
[ 86%] [34m[1mGenerating Python from MSG morai_msgs/WoowaDillyStatus[0m
[ 86%] [34m[1mGenerating Python from MSG morai_msgs/SVADC[0m
[ 86%] [34m[1mGenerating C++ code from morai_msgs/ManipulatorControl.msg[0m
[ 86%] [34m[1mGenerating Python from MSG morai_msgs/FaultInjection_Controller[0m
[ 86%] [34m[1mGenerating Python from MSG morai_msgs/FaultInjection_Response[0m
[ 87%] [34m[1mGenerating Python from MSG morai_msgs/FaultInjection_Sensor[0m
[ 87%] [34m[1mGenerating C++ code from morai_msgs/MoraiScenarioLoadSrv.srv[0m
[ 87%] [34m[1mGenerating C++ code from morai_msgs/MoraiSimProcSrv.srv[0m
[ 88%] [34m[1mGenerating C++ code from morai_msgs/MoraiTLInfoSrv.srv[0m
[ 88%] [34m[1mGenerating Python from MSG morai_msgs/FaultInjection_Tire[0m
[ 88%] [34m[1mGenerating C++ code from morai_msgs/MoraiEventCmdSrv.srv[0m
[ 88%] [34m[1mGenerating Python from MSG morai_msgs/FaultStatusInfo_Overall[0m
[ 88%] [34m[1mGenerating C++ code from morai_msgs/MoraiVehicleSpecSrv.srv[0m
[ 88%] [34m[1mGenerating C++ code from morai_msgs/MoraiSyncModeCmdSrv.srv[0m
[ 88%] [34m[1mGenerating Python from MSG morai_msgs/FaultStatusInfo_Sensor[0m
[ 88%] [34m[1mGenerating Python from MSG morai_msgs/FaultStatusInfo_Vehicle[0m
[ 88%] [34m[1mGenerating Python from MSG morai_msgs/FaultStatusInfo[0m
[ 88%] [34m[1mGenerating C++ code from morai_msgs/MoraiWaitForTickSrv.srv[0m
[ 88%] Built target morai_msgs_generate_messages_eus
[ 89%] [34m[1mGenerating C++ code from morai_msgs/MoraiMapSpecSrv.srv[0m
[ 90%] [34m[1mGenerating Python from MSG morai_msgs/UGVServeSkidCtrlCmd[0m
[ 90%] [34m[1mGenerating C++ code from morai_msgs/MoraiSyncModeCtrlCmdSrv.srv[0m
[ 90%] [34m[1mGenerating C++ code from morai_msgs/MoraiSyncModeSetGearSrv.srv[0m
[ 90%] [34m[1mGenerating C++ code from morai_msgs/MoraiSyncModeSLSrv.srv[0m
[ 90%] [34m[1mGenerating Python from MSG morai_msgs/VelocityCmd[0m
[ 90%] [34m[1mGenerating C++ code from morai_msgs/PREventSrv.srv[0m
[ 90%] [34m[1mGenerating Python from MSG morai_msgs/Obstacle[0m
[ 90%] [34m[1mGenerating Python from MSG morai_msgs/Obstacles[0m
[ 90%] [34m[1mGenerating C++ code from morai_msgs/MoraiSyncModeAddObjectSrv.srv[0m
[ 90%] [34m[1mGenerating Python from MSG morai_msgs/Transforms[0m
[ 91%] [34m[1mGenerating C++ code from morai_msgs/MoraiSyncModeRemoveObjectSrv.srv[0m
[ 91%] [34m[1mGenerating C++ code from morai_msgs/MultiPlayEventSrv.srv[0m
[ 92%] [34m[1mGenerating Python from MSG morai_msgs/GVDirectCmd[0m
[ 92%] [34m[1mGenerating C++ code from morai_msgs/WoowaDillyEventCmdSrv.srv[0m
[ 92%] [34m[1mGenerating C++ code from morai_msgs/FaultInjectionCtrlSrv.srv[0m
[ 92%] [34m[1mGenerating C++ code from morai_msgs/FaultInjectionSensorSrv.srv[0m
[ 92%] [34m[1mGenerating Python from MSG morai_msgs/GVStateCmd[0m
[ 92%] [34m[1mGenerating Python from MSG morai_msgs/TOF[0m
[ 92%] [34m[1mGenerating Python from MSG morai_msgs/RobotOutput[0m
[ 92%] [34m[1mGenerating Python from MSG morai_msgs/WheelControl[0m
[ 93%] [34m[1mGenerating C++ code from morai_msgs/FaultInjectionTireSrv.srv[0m
[ 93%] [34m[1mGenerating Python from MSG morai_msgs/RobotState[0m
[ 94%] [34m[1mGenerating Python from MSG morai_msgs/Conveyor[0m
[ 94%] [34m[1mGenerating Python from MSG morai_msgs/CMDConveyor[0m
[ 94%] [34m[1mGenerating Python from MSG morai_msgs/ExternalForce[0m
[ 94%] [34m[1mGenerating Python from MSG morai_msgs/GeoVector3Message[0m
[ 94%] [34m[1mGenerating Python from MSG morai_msgs/ShipState[0m
[ 95%] [34m[1mGenerating Python from MSG morai_msgs/ShipCtrlCmd[0m
[ 95%] [34m[1mGenerating Python from MSG morai_msgs/ManipulatorControl[0m
[ 95%] [34m[1mGenerating Python code from SRV morai_msgs/MoraiScenarioLoadSrv[0m
[ 95%] [34m[1mGenerating Python code from SRV morai_msgs/MoraiSimProcSrv[0m
[ 95%] [34m[1mGenerating Python code from SRV morai_msgs/MoraiTLInfoSrv[0m
[ 95%] [34m[1mGenerating Python code from SRV morai_msgs/MoraiEventCmdSrv[0m
[ 95%] Built target morai_msgs_generate_messages_cpp
[ 96%] [34m[1mGenerating Python code from SRV morai_msgs/MoraiVehicleSpecSrv[0m
[ 96%] [34m[1mGenerating Python code from SRV morai_msgs/MoraiSyncModeCmdSrv[0m
[ 96%] [34m[1mGenerating Python code from SRV morai_msgs/MoraiWaitForTickSrv[0m
[ 96%] [34m[1mGenerating Python code from SRV morai_msgs/MoraiMapSpecSrv[0m
[ 96%] [34m[1mGenerating Python code from SRV morai_msgs/MoraiSyncModeCtrlCmdSrv[0m
[ 97%] [34m[1mGenerating Python code from SRV morai_msgs/MoraiSyncModeSetGearSrv[0m
[ 97%] [34m[1mGenerating Python code from SRV morai_msgs/MoraiSyncModeSLSrv[0m
[ 97%] [34m[1mGenerating Python code from SRV morai_msgs/PREventSrv[0m
[ 97%] [34m[1mGenerating Python code from SRV morai_msgs/MoraiSyncModeAddObjectSrv[0m
[ 97%] [34m[1mGenerating Python code from SRV morai_msgs/MoraiSyncModeRemoveObjectSrv[0m
[ 97%] [34m[1mGenerating Python code from SRV morai_msgs/MultiPlayEventSrv[0m
[ 98%] [34m[1mGenerating Python code from SRV morai_msgs/WoowaDillyEventCmdSrv[0m
[ 98%] [34m[1mGenerating Python code from SRV morai_msgs/FaultInjectionCtrlSrv[0m
[ 98%] [34m[1mGenerating Python code from SRV morai_msgs/FaultInjectionSensorSrv[0m
[ 98%] [34m[1mGenerating Python code from SRV morai_msgs/FaultInjectionTireSrv[0m
[100%] [34m[1mGenerating Python srv __init__.py for morai_msgs[0m
[100%] [34m[1mGenerating Python msg __init__.py for morai_msgs[0m
[100%] Built target morai_msgs_generate_messages_py
[35m[1mScanning dependencies of target morai_msgs_generate_messages[0m
[100%] Built target morai_msgs_generate_messages
