Symlinking /home/ubuntu20/S13P21A507/sim/simulator3/catkin_ws/devel/include/morai_msgs/MapSpec.h
Symlinking /home/ubuntu20/S13P21A507/sim/simulator3/catkin_ws/devel/include/morai_msgs/VehicleCollision.h
Symlinking /home/ubuntu20/S13P21A507/sim/simulator3/catkin_ws/devel/include/morai_msgs/ShipCtrlCmd.h
Symlinking /home/ubuntu20/S13P21A507/sim/simulator3/catkin_ws/devel/include/morai_msgs/SyncModeAddObject.h
Symlinking /home/ubuntu20/S13P21A507/sim/simulator3/catkin_ws/devel/include/morai_msgs/FaultStatusInfo_Vehicle.h
Symlinking /home/ubuntu20/S13P21A507/sim/simulator3/catkin_ws/devel/include/morai_msgs/GVDirectCmd.h
Symlinking /home/ubuntu20/S13P21A507/sim/simulator3/catkin_ws/devel/include/morai_msgs/MoraiSyncModeSLSrvRequest.h
Symlinking /home/ubuntu20/S13P21A507/sim/simulator3/catkin_ws/devel/include/morai_msgs/SyncModeScenarioLoad.h
Symlinking /home/ubuntu20/S13P21A507/sim/simulator3/catkin_ws/devel/include/morai_msgs/MoraiMapSpecSrvResponse.h
Symlinking /home/ubuntu20/S13P21A507/sim/simulator3/catkin_ws/devel/include/morai_msgs/SyncModeCtrlCmd.h
Symlinking /home/ubuntu20/S13P21A507/sim/simulator3/catkin_ws/devel/include/morai_msgs/MapSpecIndex.h
Symlinking /home/ubuntu20/S13P21A507/sim/simulator3/catkin_ws/devel/include/morai_msgs/FaultInjectionTireSrvResponse.h
Symlinking /home/ubuntu20/S13P21A507/sim/simulator3/catkin_ws/devel/include/morai_msgs/MoraiVehicleSpecSrvRequest.h
Symlinking /home/ubuntu20/S13P21A507/sim/simulator3/catkin_ws/devel/include/morai_msgs/SaveSensorData.h
Symlinking /home/ubuntu20/S13P21A507/sim/simulator3/catkin_ws/devel/include/morai_msgs/SensorPosControl.h
Symlinking /home/ubuntu20/S13P21A507/sim/simulator3/catkin_ws/devel/include/morai_msgs/FaultInjectionSensorSrvResponse.h
Symlinking /home/ubuntu20/S13P21A507/sim/simulator3/catkin_ws/devel/include/morai_msgs/IntersectionControl.h
Symlinking /home/ubuntu20/S13P21A507/sim/simulator3/catkin_ws/devel/include/morai_msgs/FaultInjectionCtrlSrvResponse.h
Symlinking /home/ubuntu20/S13P21A507/sim/simulator3/catkin_ws/devel/include/morai_msgs/EventInfo.h
Symlinking /home/ubuntu20/S13P21A507/sim/simulator3/catkin_ws/devel/include/morai_msgs/Lamps.h
Symlinking /home/ubuntu20/S13P21A507/sim/simulator3/catkin_ws/devel/include/morai_msgs/ManipulatorControl.h
Symlinking /home/ubuntu20/S13P21A507/sim/simulator3/catkin_ws/devel/include/morai_msgs/CollisionData.h
Symlinking /home/ubuntu20/S13P21A507/sim/simulator3/catkin_ws/devel/include/morai_msgs/MoraiEventCmdSrvResponse.h
Symlinking /home/ubuntu20/S13P21A507/sim/simulator3/catkin_ws/devel/include/morai_msgs/MoraiScenarioLoadSrvRequest.h
Symlinking /home/ubuntu20/S13P21A507/sim/simulator3/catkin_ws/devel/include/morai_msgs/PRStatus.h
Symlinking /home/ubuntu20/S13P21A507/sim/simulator3/catkin_ws/devel/include/morai_msgs/VehicleCollisionData.h
Symlinking /home/ubuntu20/S13P21A507/sim/simulator3/catkin_ws/devel/include/morai_msgs/SyncModeRemoveObject.h
Symlinking /home/ubuntu20/S13P21A507/sim/simulator3/catkin_ws/devel/include/morai_msgs/MoraiVehicleSpecSrvResponse.h
Symlinking /home/ubuntu20/S13P21A507/sim/simulator3/catkin_ws/devel/include/morai_msgs/ERP42Info.h
Symlinking /home/ubuntu20/S13P21A507/sim/simulator3/catkin_ws/devel/include/morai_msgs/MoraiTLInfo.h
Symlinking /home/ubuntu20/S13P21A507/sim/simulator3/catkin_ws/devel/include/morai_msgs/MoraiSimProcStatus.h
Symlinking /home/ubuntu20/S13P21A507/sim/simulator3/catkin_ws/devel/include/morai_msgs/WoowaDillyEventCmdSrvResponse.h
Symlinking /home/ubuntu20/S13P21A507/sim/simulator3/catkin_ws/devel/include/morai_msgs/TOF.h
Symlinking /home/ubuntu20/S13P21A507/sim/simulator3/catkin_ws/devel/include/morai_msgs/MoraiWaitForTickSrvResponse.h
Symlinking /home/ubuntu20/S13P21A507/sim/simulator3/catkin_ws/devel/include/morai_msgs/MultiPlayEventSrv.h
Symlinking /home/ubuntu20/S13P21A507/sim/simulator3/catkin_ws/devel/include/morai_msgs/WaitForTickResponse.h
Symlinking /home/ubuntu20/S13P21A507/sim/simulator3/catkin_ws/devel/include/morai_msgs/VehicleSpecIndex.h
Symlinking /home/ubuntu20/S13P21A507/sim/simulator3/catkin_ws/devel/include/morai_msgs/WoowaDillyEventCmdSrvRequest.h
Symlinking /home/ubuntu20/S13P21A507/sim/simulator3/catkin_ws/devel/include/morai_msgs/MoraiTLIndex.h
Symlinking /home/ubuntu20/S13P21A507/sim/simulator3/catkin_ws/devel/include/morai_msgs/MoraiSyncModeCtrlCmdSrv.h
Symlinking /home/ubuntu20/S13P21A507/sim/simulator3/catkin_ws/devel/include/morai_msgs/SkateboardStatus.h
Symlinking /home/ubuntu20/S13P21A507/sim/simulator3/catkin_ws/devel/include/morai_msgs/MoraiSyncModeCtrlCmdSrvResponse.h
Symlinking /home/ubuntu20/S13P21A507/sim/simulator3/catkin_ws/devel/include/morai_msgs/DillyCmd.h
Symlinking /home/ubuntu20/S13P21A507/sim/simulator3/catkin_ws/devel/include/morai_msgs/SkateboardCtrlCmd.h
Symlinking /home/ubuntu20/S13P21A507/sim/simulator3/catkin_ws/devel/include/morai_msgs/SVADC.h
Symlinking /home/ubuntu20/S13P21A507/sim/simulator3/catkin_ws/devel/include/morai_msgs/WheelControl.h
Symlinking /home/ubuntu20/S13P21A507/sim/simulator3/catkin_ws/devel/include/morai_msgs/RobotOutput.h
Symlinking /home/ubuntu20/S13P21A507/sim/simulator3/catkin_ws/devel/include/morai_msgs/SetTrafficLight.h
Symlinking /home/ubuntu20/S13P21A507/sim/simulator3/catkin_ws/devel/include/morai_msgs/ObjectStatusExtended.h
Symlinking /home/ubuntu20/S13P21A507/sim/simulator3/catkin_ws/devel/include/morai_msgs/MoraiSimProcSrv.h
Symlinking /home/ubuntu20/S13P21A507/sim/simulator3/catkin_ws/devel/include/morai_msgs/MoraiSyncModeRemoveObjectSrvResponse.h
Symlinking /home/ubuntu20/S13P21A507/sim/simulator3/catkin_ws/devel/include/morai_msgs/MoraiSyncModeSetGearSrv.h
Symlinking /home/ubuntu20/S13P21A507/sim/simulator3/catkin_ws/devel/include/morai_msgs/FaultStatusInfo_Overall.h
Symlinking /home/ubuntu20/S13P21A507/sim/simulator3/catkin_ws/devel/include/morai_msgs/CtrlCmd.h
Symlinking /home/ubuntu20/S13P21A507/sim/simulator3/catkin_ws/devel/include/morai_msgs/GhostMessage.h
Symlinking /home/ubuntu20/S13P21A507/sim/simulator3/catkin_ws/devel/include/morai_msgs/WoowaDillyEventCmdSrv.h
Symlinking /home/ubuntu20/S13P21A507/sim/simulator3/catkin_ws/devel/include/morai_msgs/Conveyor.h
Symlinking /home/ubuntu20/S13P21A507/sim/simulator3/catkin_ws/devel/include/morai_msgs/SyncModeCmd.h
Symlinking /home/ubuntu20/S13P21A507/sim/simulator3/catkin_ws/devel/include/morai_msgs/FaultInjectionSensorSrvRequest.h
Symlinking /home/ubuntu20/S13P21A507/sim/simulator3/catkin_ws/devel/include/morai_msgs/IntscnTL.h
Symlinking /home/ubuntu20/S13P21A507/sim/simulator3/catkin_ws/devel/include/morai_msgs/FaultInjectionCtrlSrv.h
Symlinking /home/ubuntu20/S13P21A507/sim/simulator3/catkin_ws/devel/include/morai_msgs/MoraiSyncModeSetGearSrvResponse.h
Symlinking /home/ubuntu20/S13P21A507/sim/simulator3/catkin_ws/devel/include/morai_msgs/GPSMessage.h
Symlinking /home/ubuntu20/S13P21A507/sim/simulator3/catkin_ws/devel/include/morai_msgs/MultiEgoSetting.h
Symlinking /home/ubuntu20/S13P21A507/sim/simulator3/catkin_ws/devel/include/morai_msgs/FaultInjection_Tire.h
Symlinking /home/ubuntu20/S13P21A507/sim/simulator3/catkin_ws/devel/include/morai_msgs/MoraiSyncModeRemoveObjectSrvRequest.h
Symlinking /home/ubuntu20/S13P21A507/sim/simulator3/catkin_ws/devel/include/morai_msgs/ScenarioLoad.h
Symlinking /home/ubuntu20/S13P21A507/sim/simulator3/catkin_ws/devel/include/morai_msgs/EgoVehicleStatus.h
Symlinking /home/ubuntu20/S13P21A507/sim/simulator3/catkin_ws/devel/include/morai_msgs/FaultInjectionTireSrv.h
Symlinking /home/ubuntu20/S13P21A507/sim/simulator3/catkin_ws/devel/include/morai_msgs/WaitForTick.h
Symlinking /home/ubuntu20/S13P21A507/sim/simulator3/catkin_ws/devel/include/morai_msgs/RobotState.h
Symlinking /home/ubuntu20/S13P21A507/sim/simulator3/catkin_ws/devel/include/morai_msgs/ObjectStatusList.h
Symlinking /home/ubuntu20/S13P21A507/sim/simulator3/catkin_ws/devel/include/morai_msgs/MoraiWaitForTickSrvRequest.h
Symlinking /home/ubuntu20/S13P21A507/sim/simulator3/catkin_ws/devel/include/morai_msgs/SyncModeResultResponse.h
Symlinking /home/ubuntu20/S13P21A507/sim/simulator3/catkin_ws/devel/include/morai_msgs/PREvent.h
Symlinking /home/ubuntu20/S13P21A507/sim/simulator3/catkin_ws/devel/include/morai_msgs/ObjectStatus.h
Symlinking /home/ubuntu20/S13P21A507/sim/simulator3/catkin_ws/devel/include/morai_msgs/MoraiEventCmdSrvRequest.h
Symlinking /home/ubuntu20/S13P21A507/sim/simulator3/catkin_ws/devel/include/morai_msgs/MultiPlayEventRequest.h
Symlinking /home/ubuntu20/S13P21A507/sim/simulator3/catkin_ws/devel/include/morai_msgs/IntersectionStatus.h
Symlinking /home/ubuntu20/S13P21A507/sim/simulator3/catkin_ws/devel/include/morai_msgs/MoraiMapSpecSrv.h
Symlinking /home/ubuntu20/S13P21A507/sim/simulator3/catkin_ws/devel/include/morai_msgs/SyncModeInfo.h
Symlinking /home/ubuntu20/S13P21A507/sim/simulator3/catkin_ws/devel/include/morai_msgs/MoraiTLInfoSrvRequest.h
Symlinking /home/ubuntu20/S13P21A507/sim/simulator3/catkin_ws/devel/include/morai_msgs/DillyCmdResponse.h
Symlinking /home/ubuntu20/S13P21A507/sim/simulator3/catkin_ws/devel/include/morai_msgs/Obstacles.h
Symlinking /home/ubuntu20/S13P21A507/sim/simulator3/catkin_ws/devel/include/morai_msgs/ObjectStatusListExtended.h
Symlinking /home/ubuntu20/S13P21A507/sim/simulator3/catkin_ws/devel/include/morai_msgs/VelocityCmd.h
Symlinking /home/ubuntu20/S13P21A507/sim/simulator3/catkin_ws/devel/include/morai_msgs/SyncModeSetGear.h
Symlinking /home/ubuntu20/S13P21A507/sim/simulator3/catkin_ws/devel/include/morai_msgs/FaultInjection_Response.h
Symlinking /home/ubuntu20/S13P21A507/sim/simulator3/catkin_ws/devel/include/morai_msgs/MoraiSyncModeCtrlCmdSrvRequest.h
Symlinking /home/ubuntu20/S13P21A507/sim/simulator3/catkin_ws/devel/include/morai_msgs/WoowaDillyStatus.h
Symlinking /home/ubuntu20/S13P21A507/sim/simulator3/catkin_ws/devel/include/morai_msgs/EgoVehicleStatusExtended.h
Symlinking /home/ubuntu20/S13P21A507/sim/simulator3/catkin_ws/devel/include/morai_msgs/FaultInjectionCtrlSrvRequest.h
Symlinking /home/ubuntu20/S13P21A507/sim/simulator3/catkin_ws/devel/include/morai_msgs/ShipState.h
Symlinking /home/ubuntu20/S13P21A507/sim/simulator3/catkin_ws/devel/include/morai_msgs/MoraiSrvResponse.h
Symlinking /home/ubuntu20/S13P21A507/sim/simulator3/catkin_ws/devel/include/morai_msgs/GetTrafficLightStatus.h
Symlinking /home/ubuntu20/S13P21A507/sim/simulator3/catkin_ws/devel/include/morai_msgs/MoraiWaitForTickSrv.h
Symlinking /home/ubuntu20/S13P21A507/sim/simulator3/catkin_ws/devel/include/morai_msgs/GVStateCmd.h
Symlinking /home/ubuntu20/S13P21A507/sim/simulator3/catkin_ws/devel/include/morai_msgs/MoraiTLInfoSrvResponse.h
Symlinking /home/ubuntu20/S13P21A507/sim/simulator3/catkin_ws/devel/include/morai_msgs/PREventSrv.h
Symlinking /home/ubuntu20/S13P21A507/sim/simulator3/catkin_ws/devel/include/morai_msgs/MoraiSyncModeCmdSrv.h
Symlinking /home/ubuntu20/S13P21A507/sim/simulator3/catkin_ws/devel/include/morai_msgs/PREventSrvResponse.h
Symlinking /home/ubuntu20/S13P21A507/sim/simulator3/catkin_ws/devel/include/morai_msgs/RadarDetection.h
Symlinking /home/ubuntu20/S13P21A507/sim/simulator3/catkin_ws/devel/include/morai_msgs/MoraiSyncModeAddObjectSrv.h
Symlinking /home/ubuntu20/S13P21A507/sim/simulator3/catkin_ws/devel/include/morai_msgs/MoraiVehicleSpecSrv.h
Symlinking /home/ubuntu20/S13P21A507/sim/simulator3/catkin_ws/devel/include/morai_msgs/MoraiSimProcSrvResponse.h
Symlinking /home/ubuntu20/S13P21A507/sim/simulator3/catkin_ws/devel/include/morai_msgs/MoraiSimProcHandle.h
Symlinking /home/ubuntu20/S13P21A507/sim/simulator3/catkin_ws/devel/include/morai_msgs/MoraiEventCmdSrv.h
Symlinking /home/ubuntu20/S13P21A507/sim/simulator3/catkin_ws/devel/include/morai_msgs/PREventSrvRequest.h
Symlinking /home/ubuntu20/S13P21A507/sim/simulator3/catkin_ws/devel/include/morai_msgs/CMDConveyor.h
Symlinking /home/ubuntu20/S13P21A507/sim/simulator3/catkin_ws/devel/include/morai_msgs/PRCtrlCmd.h
Symlinking /home/ubuntu20/S13P21A507/sim/simulator3/catkin_ws/devel/include/morai_msgs/TrafficLight.h
Symlinking /home/ubuntu20/S13P21A507/sim/simulator3/catkin_ws/devel/include/morai_msgs/RadarDetections.h
Symlinking /home/ubuntu20/S13P21A507/sim/simulator3/catkin_ws/devel/include/morai_msgs/Transforms.h
Symlinking /home/ubuntu20/S13P21A507/sim/simulator3/catkin_ws/devel/include/morai_msgs/NpcGhostCmd.h
Symlinking /home/ubuntu20/S13P21A507/sim/simulator3/catkin_ws/devel/include/morai_msgs/MoraiSyncModeSetGearSrvRequest.h
Symlinking /home/ubuntu20/S13P21A507/sim/simulator3/catkin_ws/devel/include/morai_msgs/FaultInjection_Controller.h
Symlinking /home/ubuntu20/S13P21A507/sim/simulator3/catkin_ws/devel/include/morai_msgs/Obstacle.h
Symlinking /home/ubuntu20/S13P21A507/sim/simulator3/catkin_ws/devel/include/morai_msgs/MultiPlayEventResponse.h
Symlinking /home/ubuntu20/S13P21A507/sim/simulator3/catkin_ws/devel/include/morai_msgs/ReplayInfo.h
Symlinking /home/ubuntu20/S13P21A507/sim/simulator3/catkin_ws/devel/include/morai_msgs/VehicleSpec.h
Symlinking /home/ubuntu20/S13P21A507/sim/simulator3/catkin_ws/devel/include/morai_msgs/FaultStatusInfo_Sensor.h
Symlinking /home/ubuntu20/S13P21A507/sim/simulator3/catkin_ws/devel/include/morai_msgs/MoraiScenarioLoadSrv.h
Symlinking /home/ubuntu20/S13P21A507/sim/simulator3/catkin_ws/devel/include/morai_msgs/FaultStatusInfo.h
Symlinking /home/ubuntu20/S13P21A507/sim/simulator3/catkin_ws/devel/include/morai_msgs/SyncModeCmdResponse.h
Symlinking /home/ubuntu20/S13P21A507/sim/simulator3/catkin_ws/devel/include/morai_msgs/FaultInjectionTireSrvRequest.h
Symlinking /home/ubuntu20/S13P21A507/sim/simulator3/catkin_ws/devel/include/morai_msgs/FaultInjection_Sensor.h
Symlinking /home/ubuntu20/S13P21A507/sim/simulator3/catkin_ws/devel/include/morai_msgs/MoraiSyncModeSLSrv.h
Symlinking /home/ubuntu20/S13P21A507/sim/simulator3/catkin_ws/devel/include/morai_msgs/ExternalForce.h
Symlinking /home/ubuntu20/S13P21A507/sim/simulator3/catkin_ws/devel/include/morai_msgs/MoraiSimProcSrvRequest.h
Symlinking /home/ubuntu20/S13P21A507/sim/simulator3/catkin_ws/devel/include/morai_msgs/MoraiSyncModeRemoveObjectSrv.h
Symlinking /home/ubuntu20/S13P21A507/sim/simulator3/catkin_ws/devel/include/morai_msgs/MoraiTLInfoSrv.h
Symlinking /home/ubuntu20/S13P21A507/sim/simulator3/catkin_ws/devel/include/morai_msgs/MoraiSyncModeCmdSrvRequest.h
Symlinking /home/ubuntu20/S13P21A507/sim/simulator3/catkin_ws/devel/include/morai_msgs/NpcGhostInfo.h
Symlinking /home/ubuntu20/S13P21A507/sim/simulator3/catkin_ws/devel/include/morai_msgs/MultiPlayEventSrvResponse.h
Symlinking /home/ubuntu20/S13P21A507/sim/simulator3/catkin_ws/devel/include/morai_msgs/MoraiSyncModeSLSrvResponse.h
Symlinking /home/ubuntu20/S13P21A507/sim/simulator3/catkin_ws/devel/include/morai_msgs/SkidSteer6wUGVCtrlCmd.h
Symlinking /home/ubuntu20/S13P21A507/sim/simulator3/catkin_ws/devel/include/morai_msgs/UGVServeSkidCtrlCmd.h
Symlinking /home/ubuntu20/S13P21A507/sim/simulator3/catkin_ws/devel/include/morai_msgs/MoraiMapSpecSrvRequest.h
Symlinking /home/ubuntu20/S13P21A507/sim/simulator3/catkin_ws/devel/include/morai_msgs/FaultInjectionSensorSrv.h
Symlinking /home/ubuntu20/S13P21A507/sim/simulator3/catkin_ws/devel/include/morai_msgs/GeoVector3Message.h
Symlinking /home/ubuntu20/S13P21A507/sim/simulator3/catkin_ws/devel/include/morai_msgs/MoraiSyncModeAddObjectSrvResponse.h
Symlinking /home/ubuntu20/S13P21A507/sim/simulator3/catkin_ws/devel/include/morai_msgs/MoraiScenarioLoadSrvResponse.h
Symlinking /home/ubuntu20/S13P21A507/sim/simulator3/catkin_ws/devel/include/morai_msgs/MultiPlayEventSrvRequest.h
Symlinking /home/ubuntu20/S13P21A507/sim/simulator3/catkin_ws/devel/include/morai_msgs/MoraiSyncModeCmdSrvResponse.h
Symlinking /home/ubuntu20/S13P21A507/sim/simulator3/catkin_ws/devel/include/morai_msgs/SkidSteer6wUGVStatus.h
Symlinking /home/ubuntu20/S13P21A507/sim/simulator3/catkin_ws/devel/include/morai_msgs/MoraiSyncModeAddObjectSrvRequest.h
Symlinking /home/ubuntu20/S13P21A507/sim/simulator3/catkin_ws/devel/lib/pkgconfig/morai_msgs.pc
Symlinking /home/ubuntu20/S13P21A507/sim/simulator3/catkin_ws/devel/lib/python3/dist-packages/morai_msgs/__init__.py
Symlinking /home/ubuntu20/S13P21A507/sim/simulator3/catkin_ws/devel/lib/python3/dist-packages/morai_msgs/msg/_FaultStatusInfo_Sensor.py
Symlinking /home/ubuntu20/S13P21A507/sim/simulator3/catkin_ws/devel/lib/python3/dist-packages/morai_msgs/msg/_MapSpec.py
Symlinking /home/ubuntu20/S13P21A507/sim/simulator3/catkin_ws/devel/lib/python3/dist-packages/morai_msgs/msg/_ShipState.py
Symlinking /home/ubuntu20/S13P21A507/sim/simulator3/catkin_ws/devel/lib/python3/dist-packages/morai_msgs/msg/_ObjectStatus.py
Symlinking /home/ubuntu20/S13P21A507/sim/simulator3/catkin_ws/devel/lib/python3/dist-packages/morai_msgs/msg/_SyncModeCmd.py
Symlinking /home/ubuntu20/S13P21A507/sim/simulator3/catkin_ws/devel/lib/python3/dist-packages/morai_msgs/msg/_VelocityCmd.py
Symlinking /home/ubuntu20/S13P21A507/sim/simulator3/catkin_ws/devel/lib/python3/dist-packages/morai_msgs/msg/_SyncModeCtrlCmd.py
Symlinking /home/ubuntu20/S13P21A507/sim/simulator3/catkin_ws/devel/lib/python3/dist-packages/morai_msgs/msg/_FaultStatusInfo.py
Symlinking /home/ubuntu20/S13P21A507/sim/simulator3/catkin_ws/devel/lib/python3/dist-packages/morai_msgs/msg/_SyncModeRemoveObject.py
Symlinking /home/ubuntu20/S13P21A507/sim/simulator3/catkin_ws/devel/lib/python3/dist-packages/morai_msgs/msg/_ERP42Info.py
Symlinking /home/ubuntu20/S13P21A507/sim/simulator3/catkin_ws/devel/lib/python3/dist-packages/morai_msgs/msg/__init__.py
Symlinking /home/ubuntu20/S13P21A507/sim/simulator3/catkin_ws/devel/lib/python3/dist-packages/morai_msgs/msg/_ObjectStatusList.py
Symlinking /home/ubuntu20/S13P21A507/sim/simulator3/catkin_ws/devel/lib/python3/dist-packages/morai_msgs/msg/_RadarDetections.py
Symlinking /home/ubuntu20/S13P21A507/sim/simulator3/catkin_ws/devel/lib/python3/dist-packages/morai_msgs/msg/_SensorPosControl.py
Symlinking /home/ubuntu20/S13P21A507/sim/simulator3/catkin_ws/devel/lib/python3/dist-packages/morai_msgs/msg/_IntscnTL.py
Symlinking /home/ubuntu20/S13P21A507/sim/simulator3/catkin_ws/devel/lib/python3/dist-packages/morai_msgs/msg/_SyncModeInfo.py
Symlinking /home/ubuntu20/S13P21A507/sim/simulator3/catkin_ws/devel/lib/python3/dist-packages/morai_msgs/msg/_EventInfo.py
Symlinking /home/ubuntu20/S13P21A507/sim/simulator3/catkin_ws/devel/lib/python3/dist-packages/morai_msgs/msg/_TOF.py
Symlinking /home/ubuntu20/S13P21A507/sim/simulator3/catkin_ws/devel/lib/python3/dist-packages/morai_msgs/msg/_WheelControl.py
Symlinking /home/ubuntu20/S13P21A507/sim/simulator3/catkin_ws/devel/lib/python3/dist-packages/morai_msgs/msg/_IntersectionStatus.py
Symlinking /home/ubuntu20/S13P21A507/sim/simulator3/catkin_ws/devel/lib/python3/dist-packages/morai_msgs/msg/_GhostMessage.py
Symlinking /home/ubuntu20/S13P21A507/sim/simulator3/catkin_ws/devel/lib/python3/dist-packages/morai_msgs/msg/_PRCtrlCmd.py
Symlinking /home/ubuntu20/S13P21A507/sim/simulator3/catkin_ws/devel/lib/python3/dist-packages/morai_msgs/msg/_ExternalForce.py
Symlinking /home/ubuntu20/S13P21A507/sim/simulator3/catkin_ws/devel/lib/python3/dist-packages/morai_msgs/msg/_MoraiSimProcHandle.py
Symlinking /home/ubuntu20/S13P21A507/sim/simulator3/catkin_ws/devel/lib/python3/dist-packages/morai_msgs/msg/_WaitForTick.py
Symlinking /home/ubuntu20/S13P21A507/sim/simulator3/catkin_ws/devel/lib/python3/dist-packages/morai_msgs/msg/_RobotState.py
Symlinking /home/ubuntu20/S13P21A507/sim/simulator3/catkin_ws/devel/lib/python3/dist-packages/morai_msgs/msg/_ScenarioLoad.py
Symlinking /home/ubuntu20/S13P21A507/sim/simulator3/catkin_ws/devel/lib/python3/dist-packages/morai_msgs/msg/_PRStatus.py
Symlinking /home/ubuntu20/S13P21A507/sim/simulator3/catkin_ws/devel/lib/python3/dist-packages/morai_msgs/msg/_ReplayInfo.py
Symlinking /home/ubuntu20/S13P21A507/sim/simulator3/catkin_ws/devel/lib/python3/dist-packages/morai_msgs/msg/_SetTrafficLight.py
Symlinking /home/ubuntu20/S13P21A507/sim/simulator3/catkin_ws/devel/lib/python3/dist-packages/morai_msgs/msg/_FaultStatusInfo_Overall.py
Symlinking /home/ubuntu20/S13P21A507/sim/simulator3/catkin_ws/devel/lib/python3/dist-packages/morai_msgs/msg/_SaveSensorData.py
Symlinking /home/ubuntu20/S13P21A507/sim/simulator3/catkin_ws/devel/lib/python3/dist-packages/morai_msgs/msg/_MultiPlayEventResponse.py
Symlinking /home/ubuntu20/S13P21A507/sim/simulator3/catkin_ws/devel/lib/python3/dist-packages/morai_msgs/msg/_TrafficLight.py
Symlinking /home/ubuntu20/S13P21A507/sim/simulator3/catkin_ws/devel/lib/python3/dist-packages/morai_msgs/msg/_PREvent.py
Symlinking /home/ubuntu20/S13P21A507/sim/simulator3/catkin_ws/devel/lib/python3/dist-packages/morai_msgs/msg/_DillyCmdResponse.py
Symlinking /home/ubuntu20/S13P21A507/sim/simulator3/catkin_ws/devel/lib/python3/dist-packages/morai_msgs/msg/_EgoVehicleStatusExtended.py
Symlinking /home/ubuntu20/S13P21A507/sim/simulator3/catkin_ws/devel/lib/python3/dist-packages/morai_msgs/msg/_FaultInjection_Response.py
Symlinking /home/ubuntu20/S13P21A507/sim/simulator3/catkin_ws/devel/lib/python3/dist-packages/morai_msgs/msg/_GeoVector3Message.py
Symlinking /home/ubuntu20/S13P21A507/sim/simulator3/catkin_ws/devel/lib/python3/dist-packages/morai_msgs/msg/_SkateboardStatus.py
Symlinking /home/ubuntu20/S13P21A507/sim/simulator3/catkin_ws/devel/lib/python3/dist-packages/morai_msgs/msg/_ManipulatorControl.py
Symlinking /home/ubuntu20/S13P21A507/sim/simulator3/catkin_ws/devel/lib/python3/dist-packages/morai_msgs/msg/_SyncModeAddObject.py
Symlinking /home/ubuntu20/S13P21A507/sim/simulator3/catkin_ws/devel/lib/python3/dist-packages/morai_msgs/msg/_CtrlCmd.py
Symlinking /home/ubuntu20/S13P21A507/sim/simulator3/catkin_ws/devel/lib/python3/dist-packages/morai_msgs/msg/_Obstacles.py
Symlinking /home/ubuntu20/S13P21A507/sim/simulator3/catkin_ws/devel/lib/python3/dist-packages/morai_msgs/msg/_FaultInjection_Tire.py
Symlinking /home/ubuntu20/S13P21A507/sim/simulator3/catkin_ws/devel/lib/python3/dist-packages/morai_msgs/msg/_FaultInjection_Sensor.py
Symlinking /home/ubuntu20/S13P21A507/sim/simulator3/catkin_ws/devel/lib/python3/dist-packages/morai_msgs/msg/_Obstacle.py
Symlinking /home/ubuntu20/S13P21A507/sim/simulator3/catkin_ws/devel/lib/python3/dist-packages/morai_msgs/msg/_RobotOutput.py
Symlinking /home/ubuntu20/S13P21A507/sim/simulator3/catkin_ws/devel/lib/python3/dist-packages/morai_msgs/msg/_EgoVehicleStatus.py
Symlinking /home/ubuntu20/S13P21A507/sim/simulator3/catkin_ws/devel/lib/python3/dist-packages/morai_msgs/msg/_NpcGhostCmd.py
Symlinking /home/ubuntu20/S13P21A507/sim/simulator3/catkin_ws/devel/lib/python3/dist-packages/morai_msgs/msg/_VehicleSpec.py
Symlinking /home/ubuntu20/S13P21A507/sim/simulator3/catkin_ws/devel/lib/python3/dist-packages/morai_msgs/msg/_NpcGhostInfo.py
Symlinking /home/ubuntu20/S13P21A507/sim/simulator3/catkin_ws/devel/lib/python3/dist-packages/morai_msgs/msg/_VehicleSpecIndex.py
Symlinking /home/ubuntu20/S13P21A507/sim/simulator3/catkin_ws/devel/lib/python3/dist-packages/morai_msgs/msg/_GPSMessage.py
Symlinking /home/ubuntu20/S13P21A507/sim/simulator3/catkin_ws/devel/lib/python3/dist-packages/morai_msgs/msg/_ShipCtrlCmd.py
Symlinking /home/ubuntu20/S13P21A507/sim/simulator3/catkin_ws/devel/lib/python3/dist-packages/morai_msgs/msg/_SyncModeCmdResponse.py
Symlinking /home/ubuntu20/S13P21A507/sim/simulator3/catkin_ws/devel/lib/python3/dist-packages/morai_msgs/msg/_WoowaDillyStatus.py
Symlinking /home/ubuntu20/S13P21A507/sim/simulator3/catkin_ws/devel/lib/python3/dist-packages/morai_msgs/msg/_RadarDetection.py
Symlinking /home/ubuntu20/S13P21A507/sim/simulator3/catkin_ws/devel/lib/python3/dist-packages/morai_msgs/msg/_MoraiTLIndex.py
Symlinking /home/ubuntu20/S13P21A507/sim/simulator3/catkin_ws/devel/lib/python3/dist-packages/morai_msgs/msg/_VehicleCollisionData.py
Symlinking /home/ubuntu20/S13P21A507/sim/simulator3/catkin_ws/devel/lib/python3/dist-packages/morai_msgs/msg/_GetTrafficLightStatus.py
Symlinking /home/ubuntu20/S13P21A507/sim/simulator3/catkin_ws/devel/lib/python3/dist-packages/morai_msgs/msg/_CollisionData.py
Symlinking /home/ubuntu20/S13P21A507/sim/simulator3/catkin_ws/devel/lib/python3/dist-packages/morai_msgs/msg/_GVStateCmd.py
Symlinking /home/ubuntu20/S13P21A507/sim/simulator3/catkin_ws/devel/lib/python3/dist-packages/morai_msgs/msg/_Lamps.py
Symlinking /home/ubuntu20/S13P21A507/sim/simulator3/catkin_ws/devel/lib/python3/dist-packages/morai_msgs/msg/_MultiPlayEventRequest.py
Symlinking /home/ubuntu20/S13P21A507/sim/simulator3/catkin_ws/devel/lib/python3/dist-packages/morai_msgs/msg/_MultiEgoSetting.py
Symlinking /home/ubuntu20/S13P21A507/sim/simulator3/catkin_ws/devel/lib/python3/dist-packages/morai_msgs/msg/_SyncModeScenarioLoad.py
Symlinking /home/ubuntu20/S13P21A507/sim/simulator3/catkin_ws/devel/lib/python3/dist-packages/morai_msgs/msg/_UGVServeSkidCtrlCmd.py
Symlinking /home/ubuntu20/S13P21A507/sim/simulator3/catkin_ws/devel/lib/python3/dist-packages/morai_msgs/msg/_Conveyor.py
Symlinking /home/ubuntu20/S13P21A507/sim/simulator3/catkin_ws/devel/lib/python3/dist-packages/morai_msgs/msg/_SkateboardCtrlCmd.py
Symlinking /home/ubuntu20/S13P21A507/sim/simulator3/catkin_ws/devel/lib/python3/dist-packages/morai_msgs/msg/_MoraiTLInfo.py
Symlinking /home/ubuntu20/S13P21A507/sim/simulator3/catkin_ws/devel/lib/python3/dist-packages/morai_msgs/msg/_CMDConveyor.py
Symlinking /home/ubuntu20/S13P21A507/sim/simulator3/catkin_ws/devel/lib/python3/dist-packages/morai_msgs/msg/_DillyCmd.py
Symlinking /home/ubuntu20/S13P21A507/sim/simulator3/catkin_ws/devel/lib/python3/dist-packages/morai_msgs/msg/_ObjectStatusListExtended.py
Symlinking /home/ubuntu20/S13P21A507/sim/simulator3/catkin_ws/devel/lib/python3/dist-packages/morai_msgs/msg/_GVDirectCmd.py
Symlinking /home/ubuntu20/S13P21A507/sim/simulator3/catkin_ws/devel/lib/python3/dist-packages/morai_msgs/msg/_WaitForTickResponse.py
Symlinking /home/ubuntu20/S13P21A507/sim/simulator3/catkin_ws/devel/lib/python3/dist-packages/morai_msgs/msg/_VehicleCollision.py
Symlinking /home/ubuntu20/S13P21A507/sim/simulator3/catkin_ws/devel/lib/python3/dist-packages/morai_msgs/msg/_MoraiSrvResponse.py
Symlinking /home/ubuntu20/S13P21A507/sim/simulator3/catkin_ws/devel/lib/python3/dist-packages/morai_msgs/msg/_Transforms.py
Symlinking /home/ubuntu20/S13P21A507/sim/simulator3/catkin_ws/devel/lib/python3/dist-packages/morai_msgs/msg/_FaultInjection_Controller.py
Symlinking /home/ubuntu20/S13P21A507/sim/simulator3/catkin_ws/devel/lib/python3/dist-packages/morai_msgs/msg/_SkidSteer6wUGVStatus.py
Symlinking /home/ubuntu20/S13P21A507/sim/simulator3/catkin_ws/devel/lib/python3/dist-packages/morai_msgs/msg/_FaultStatusInfo_Vehicle.py
Symlinking /home/ubuntu20/S13P21A507/sim/simulator3/catkin_ws/devel/lib/python3/dist-packages/morai_msgs/msg/_SyncModeSetGear.py
Symlinking /home/ubuntu20/S13P21A507/sim/simulator3/catkin_ws/devel/lib/python3/dist-packages/morai_msgs/msg/_IntersectionControl.py
Symlinking /home/ubuntu20/S13P21A507/sim/simulator3/catkin_ws/devel/lib/python3/dist-packages/morai_msgs/msg/_SkidSteer6wUGVCtrlCmd.py
Symlinking /home/ubuntu20/S13P21A507/sim/simulator3/catkin_ws/devel/lib/python3/dist-packages/morai_msgs/msg/_SyncModeResultResponse.py
Symlinking /home/ubuntu20/S13P21A507/sim/simulator3/catkin_ws/devel/lib/python3/dist-packages/morai_msgs/msg/_MoraiSimProcStatus.py
Symlinking /home/ubuntu20/S13P21A507/sim/simulator3/catkin_ws/devel/lib/python3/dist-packages/morai_msgs/msg/_SVADC.py
Symlinking /home/ubuntu20/S13P21A507/sim/simulator3/catkin_ws/devel/lib/python3/dist-packages/morai_msgs/msg/_ObjectStatusExtended.py
Symlinking /home/ubuntu20/S13P21A507/sim/simulator3/catkin_ws/devel/lib/python3/dist-packages/morai_msgs/msg/_MapSpecIndex.py
Symlinking /home/ubuntu20/S13P21A507/sim/simulator3/catkin_ws/devel/lib/python3/dist-packages/morai_msgs/srv/_MoraiSyncModeCtrlCmdSrv.py
Symlinking /home/ubuntu20/S13P21A507/sim/simulator3/catkin_ws/devel/lib/python3/dist-packages/morai_msgs/srv/_FaultInjectionSensorSrv.py
Symlinking /home/ubuntu20/S13P21A507/sim/simulator3/catkin_ws/devel/lib/python3/dist-packages/morai_msgs/srv/_MoraiSyncModeCmdSrv.py
Symlinking /home/ubuntu20/S13P21A507/sim/simulator3/catkin_ws/devel/lib/python3/dist-packages/morai_msgs/srv/__init__.py
Symlinking /home/ubuntu20/S13P21A507/sim/simulator3/catkin_ws/devel/lib/python3/dist-packages/morai_msgs/srv/_WoowaDillyEventCmdSrv.py
Symlinking /home/ubuntu20/S13P21A507/sim/simulator3/catkin_ws/devel/lib/python3/dist-packages/morai_msgs/srv/_MoraiSyncModeAddObjectSrv.py
Symlinking /home/ubuntu20/S13P21A507/sim/simulator3/catkin_ws/devel/lib/python3/dist-packages/morai_msgs/srv/_MultiPlayEventSrv.py
Symlinking /home/ubuntu20/S13P21A507/sim/simulator3/catkin_ws/devel/lib/python3/dist-packages/morai_msgs/srv/_FaultInjectionCtrlSrv.py
Symlinking /home/ubuntu20/S13P21A507/sim/simulator3/catkin_ws/devel/lib/python3/dist-packages/morai_msgs/srv/_FaultInjectionTireSrv.py
Symlinking /home/ubuntu20/S13P21A507/sim/simulator3/catkin_ws/devel/lib/python3/dist-packages/morai_msgs/srv/_MoraiTLInfoSrv.py
Symlinking /home/ubuntu20/S13P21A507/sim/simulator3/catkin_ws/devel/lib/python3/dist-packages/morai_msgs/srv/_MoraiScenarioLoadSrv.py
Symlinking /home/ubuntu20/S13P21A507/sim/simulator3/catkin_ws/devel/lib/python3/dist-packages/morai_msgs/srv/_MoraiSyncModeSetGearSrv.py
Symlinking /home/ubuntu20/S13P21A507/sim/simulator3/catkin_ws/devel/lib/python3/dist-packages/morai_msgs/srv/_MoraiWaitForTickSrv.py
Symlinking /home/ubuntu20/S13P21A507/sim/simulator3/catkin_ws/devel/lib/python3/dist-packages/morai_msgs/srv/_PREventSrv.py
Symlinking /home/ubuntu20/S13P21A507/sim/simulator3/catkin_ws/devel/lib/python3/dist-packages/morai_msgs/srv/_MoraiMapSpecSrv.py
Symlinking /home/ubuntu20/S13P21A507/sim/simulator3/catkin_ws/devel/lib/python3/dist-packages/morai_msgs/srv/_MoraiSyncModeRemoveObjectSrv.py
Symlinking /home/ubuntu20/S13P21A507/sim/simulator3/catkin_ws/devel/lib/python3/dist-packages/morai_msgs/srv/_MoraiSimProcSrv.py
Symlinking /home/ubuntu20/S13P21A507/sim/simulator3/catkin_ws/devel/lib/python3/dist-packages/morai_msgs/srv/_MoraiEventCmdSrv.py
Symlinking /home/ubuntu20/S13P21A507/sim/simulator3/catkin_ws/devel/lib/python3/dist-packages/morai_msgs/srv/_MoraiSyncModeSLSrv.py
Symlinking /home/ubuntu20/S13P21A507/sim/simulator3/catkin_ws/devel/lib/python3/dist-packages/morai_msgs/srv/_MoraiVehicleSpecSrv.py
Symlinking /home/ubuntu20/S13P21A507/sim/simulator3/catkin_ws/devel/share/common-lisp/ros/morai_msgs/msg/SyncModeResultResponse.lisp
Symlinking /home/ubuntu20/S13P21A507/sim/simulator3/catkin_ws/devel/share/common-lisp/ros/morai_msgs/msg/SVADC.lisp
Symlinking /home/ubuntu20/S13P21A507/sim/simulator3/catkin_ws/devel/share/common-lisp/ros/morai_msgs/msg/PREvent.lisp
Symlinking /home/ubuntu20/S13P21A507/sim/simulator3/catkin_ws/devel/share/common-lisp/ros/morai_msgs/msg/_package_MultiPlayEventRequest.lisp
Symlinking /home/ubuntu20/S13P21A507/sim/simulator3/catkin_ws/devel/share/common-lisp/ros/morai_msgs/msg/_package_CMDConveyor.lisp
Symlinking /home/ubuntu20/S13P21A507/sim/simulator3/catkin_ws/devel/share/common-lisp/ros/morai_msgs/msg/VelocityCmd.lisp
Symlinking /home/ubuntu20/S13P21A507/sim/simulator3/catkin_ws/devel/share/common-lisp/ros/morai_msgs/msg/_package_SyncModeInfo.lisp
Symlinking /home/ubuntu20/S13P21A507/sim/simulator3/catkin_ws/devel/share/common-lisp/ros/morai_msgs/msg/_package_MapSpecIndex.lisp
Symlinking /home/ubuntu20/S13P21A507/sim/simulator3/catkin_ws/devel/share/common-lisp/ros/morai_msgs/msg/_package_IntersectionStatus.lisp
Symlinking /home/ubuntu20/S13P21A507/sim/simulator3/catkin_ws/devel/share/common-lisp/ros/morai_msgs/msg/MoraiTLInfo.lisp
Symlinking /home/ubuntu20/S13P21A507/sim/simulator3/catkin_ws/devel/share/common-lisp/ros/morai_msgs/msg/NpcGhostInfo.lisp
Symlinking /home/ubuntu20/S13P21A507/sim/simulator3/catkin_ws/devel/share/common-lisp/ros/morai_msgs/msg/GeoVector3Message.lisp
Symlinking /home/ubuntu20/S13P21A507/sim/simulator3/catkin_ws/devel/share/common-lisp/ros/morai_msgs/msg/WoowaDillyStatus.lisp
Symlinking /home/ubuntu20/S13P21A507/sim/simulator3/catkin_ws/devel/share/common-lisp/ros/morai_msgs/msg/_package_FaultStatusInfo_Vehicle.lisp
Symlinking /home/ubuntu20/S13P21A507/sim/simulator3/catkin_ws/devel/share/common-lisp/ros/morai_msgs/msg/_package_SkidSteer6wUGVStatus.lisp
Symlinking /home/ubuntu20/S13P21A507/sim/simulator3/catkin_ws/devel/share/common-lisp/ros/morai_msgs/msg/MultiPlayEventResponse.lisp
Symlinking /home/ubuntu20/S13P21A507/sim/simulator3/catkin_ws/devel/share/common-lisp/ros/morai_msgs/msg/SyncModeCmd.lisp
Symlinking /home/ubuntu20/S13P21A507/sim/simulator3/catkin_ws/devel/share/common-lisp/ros/morai_msgs/msg/SyncModeAddObject.lisp
Symlinking /home/ubuntu20/S13P21A507/sim/simulator3/catkin_ws/devel/share/common-lisp/ros/morai_msgs/msg/_package_NpcGhostCmd.lisp
Symlinking /home/ubuntu20/S13P21A507/sim/simulator3/catkin_ws/devel/share/common-lisp/ros/morai_msgs/msg/RobotOutput.lisp
Symlinking /home/ubuntu20/S13P21A507/sim/simulator3/catkin_ws/devel/share/common-lisp/ros/morai_msgs/msg/_package_PRCtrlCmd.lisp
Symlinking /home/ubuntu20/S13P21A507/sim/simulator3/catkin_ws/devel/share/common-lisp/ros/morai_msgs/msg/_package_SyncModeSetGear.lisp
Symlinking /home/ubuntu20/S13P21A507/sim/simulator3/catkin_ws/devel/share/common-lisp/ros/morai_msgs/msg/_package_ScenarioLoad.lisp
Symlinking /home/ubuntu20/S13P21A507/sim/simulator3/catkin_ws/devel/share/common-lisp/ros/morai_msgs/msg/PRStatus.lisp
Symlinking /home/ubuntu20/S13P21A507/sim/simulator3/catkin_ws/devel/share/common-lisp/ros/morai_msgs/msg/_package_SyncModeCmdResponse.lisp
Symlinking /home/ubuntu20/S13P21A507/sim/simulator3/catkin_ws/devel/share/common-lisp/ros/morai_msgs/msg/FaultInjection_Response.lisp
Symlinking /home/ubuntu20/S13P21A507/sim/simulator3/catkin_ws/devel/share/common-lisp/ros/morai_msgs/msg/_package_EventInfo.lisp
Symlinking /home/ubuntu20/S13P21A507/sim/simulator3/catkin_ws/devel/share/common-lisp/ros/morai_msgs/msg/SyncModeInfo.lisp
Symlinking /home/ubuntu20/S13P21A507/sim/simulator3/catkin_ws/devel/share/common-lisp/ros/morai_msgs/msg/_package_MapSpec.lisp
Symlinking /home/ubuntu20/S13P21A507/sim/simulator3/catkin_ws/devel/share/common-lisp/ros/morai_msgs/msg/_package_FaultStatusInfo_Overall.lisp
Symlinking /home/ubuntu20/S13P21A507/sim/simulator3/catkin_ws/devel/share/common-lisp/ros/morai_msgs/msg/_package_RobotState.lisp
Symlinking /home/ubuntu20/S13P21A507/sim/simulator3/catkin_ws/devel/share/common-lisp/ros/morai_msgs/msg/FaultStatusInfo_Overall.lisp
Symlinking /home/ubuntu20/S13P21A507/sim/simulator3/catkin_ws/devel/share/common-lisp/ros/morai_msgs/msg/_package_SyncModeAddObject.lisp
Symlinking /home/ubuntu20/S13P21A507/sim/simulator3/catkin_ws/devel/share/common-lisp/ros/morai_msgs/msg/_package_GeoVector3Message.lisp
Symlinking /home/ubuntu20/S13P21A507/sim/simulator3/catkin_ws/devel/share/common-lisp/ros/morai_msgs/msg/_package_SyncModeCmd.lisp
Symlinking /home/ubuntu20/S13P21A507/sim/simulator3/catkin_ws/devel/share/common-lisp/ros/morai_msgs/msg/_package_Obstacle.lisp
Symlinking /home/ubuntu20/S13P21A507/sim/simulator3/catkin_ws/devel/share/common-lisp/ros/morai_msgs/msg/_package_VehicleSpec.lisp
Symlinking /home/ubuntu20/S13P21A507/sim/simulator3/catkin_ws/devel/share/common-lisp/ros/morai_msgs/msg/_package_ObjectStatusListExtended.lisp
Symlinking /home/ubuntu20/S13P21A507/sim/simulator3/catkin_ws/devel/share/common-lisp/ros/morai_msgs/msg/IntscnTL.lisp
Symlinking /home/ubuntu20/S13P21A507/sim/simulator3/catkin_ws/devel/share/common-lisp/ros/morai_msgs/msg/ObjectStatusExtended.lisp
Symlinking /home/ubuntu20/S13P21A507/sim/simulator3/catkin_ws/devel/share/common-lisp/ros/morai_msgs/msg/FaultStatusInfo.lisp
Symlinking /home/ubuntu20/S13P21A507/sim/simulator3/catkin_ws/devel/share/common-lisp/ros/morai_msgs/msg/_package_GhostMessage.lisp
Symlinking /home/ubuntu20/S13P21A507/sim/simulator3/catkin_ws/devel/share/common-lisp/ros/morai_msgs/msg/_package_ManipulatorControl.lisp
Symlinking /home/ubuntu20/S13P21A507/sim/simulator3/catkin_ws/devel/share/common-lisp/ros/morai_msgs/msg/IntersectionStatus.lisp
Symlinking /home/ubuntu20/S13P21A507/sim/simulator3/catkin_ws/devel/share/common-lisp/ros/morai_msgs/msg/_package_ShipCtrlCmd.lisp
Symlinking /home/ubuntu20/S13P21A507/sim/simulator3/catkin_ws/devel/share/common-lisp/ros/morai_msgs/msg/Conveyor.lisp
Symlinking /home/ubuntu20/S13P21A507/sim/simulator3/catkin_ws/devel/share/common-lisp/ros/morai_msgs/msg/VehicleCollision.lisp
Symlinking /home/ubuntu20/S13P21A507/sim/simulator3/catkin_ws/devel/share/common-lisp/ros/morai_msgs/msg/VehicleSpecIndex.lisp
Symlinking /home/ubuntu20/S13P21A507/sim/simulator3/catkin_ws/devel/share/common-lisp/ros/morai_msgs/msg/SyncModeRemoveObject.lisp
Symlinking /home/ubuntu20/S13P21A507/sim/simulator3/catkin_ws/devel/share/common-lisp/ros/morai_msgs/msg/SyncModeScenarioLoad.lisp
Symlinking /home/ubuntu20/S13P21A507/sim/simulator3/catkin_ws/devel/share/common-lisp/ros/morai_msgs/msg/ReplayInfo.lisp
Symlinking /home/ubuntu20/S13P21A507/sim/simulator3/catkin_ws/devel/share/common-lisp/ros/morai_msgs/msg/DillyCmdResponse.lisp
Symlinking /home/ubuntu20/S13P21A507/sim/simulator3/catkin_ws/devel/share/common-lisp/ros/morai_msgs/msg/GhostMessage.lisp
Symlinking /home/ubuntu20/S13P21A507/sim/simulator3/catkin_ws/devel/share/common-lisp/ros/morai_msgs/msg/_package_GVStateCmd.lisp
Symlinking /home/ubuntu20/S13P21A507/sim/simulator3/catkin_ws/devel/share/common-lisp/ros/morai_msgs/msg/ManipulatorControl.lisp
Symlinking /home/ubuntu20/S13P21A507/sim/simulator3/catkin_ws/devel/share/common-lisp/ros/morai_msgs/msg/_package_SaveSensorData.lisp
Symlinking /home/ubuntu20/S13P21A507/sim/simulator3/catkin_ws/devel/share/common-lisp/ros/morai_msgs/msg/_package_EgoVehicleStatus.lisp
Symlinking /home/ubuntu20/S13P21A507/sim/simulator3/catkin_ws/devel/share/common-lisp/ros/morai_msgs/msg/_package_FaultInjection_Controller.lisp
Symlinking /home/ubuntu20/S13P21A507/sim/simulator3/catkin_ws/devel/share/common-lisp/ros/morai_msgs/msg/UGVServeSkidCtrlCmd.lisp
Symlinking /home/ubuntu20/S13P21A507/sim/simulator3/catkin_ws/devel/share/common-lisp/ros/morai_msgs/msg/SkateboardStatus.lisp
Symlinking /home/ubuntu20/S13P21A507/sim/simulator3/catkin_ws/devel/share/common-lisp/ros/morai_msgs/msg/CtrlCmd.lisp
Symlinking /home/ubuntu20/S13P21A507/sim/simulator3/catkin_ws/devel/share/common-lisp/ros/morai_msgs/msg/_package_VehicleCollision.lisp
Symlinking /home/ubuntu20/S13P21A507/sim/simulator3/catkin_ws/devel/share/common-lisp/ros/morai_msgs/msg/SyncModeCmdResponse.lisp
Symlinking /home/ubuntu20/S13P21A507/sim/simulator3/catkin_ws/devel/share/common-lisp/ros/morai_msgs/msg/_package_VelocityCmd.lisp
Symlinking /home/ubuntu20/S13P21A507/sim/simulator3/catkin_ws/devel/share/common-lisp/ros/morai_msgs/msg/_package_SVADC.lisp
Symlinking /home/ubuntu20/S13P21A507/sim/simulator3/catkin_ws/devel/share/common-lisp/ros/morai_msgs/msg/_package_TrafficLight.lisp
Symlinking /home/ubuntu20/S13P21A507/sim/simulator3/catkin_ws/devel/share/common-lisp/ros/morai_msgs/msg/PRCtrlCmd.lisp
Symlinking /home/ubuntu20/S13P21A507/sim/simulator3/catkin_ws/devel/share/common-lisp/ros/morai_msgs/msg/_package_Conveyor.lisp
Symlinking /home/ubuntu20/S13P21A507/sim/simulator3/catkin_ws/devel/share/common-lisp/ros/morai_msgs/msg/_package_ObjectStatus.lisp
Symlinking /home/ubuntu20/S13P21A507/sim/simulator3/catkin_ws/devel/share/common-lisp/ros/morai_msgs/msg/_package_MoraiSrvResponse.lisp
Symlinking /home/ubuntu20/S13P21A507/sim/simulator3/catkin_ws/devel/share/common-lisp/ros/morai_msgs/msg/_package_IntersectionControl.lisp
Symlinking /home/ubuntu20/S13P21A507/sim/simulator3/catkin_ws/devel/share/common-lisp/ros/morai_msgs/msg/MoraiSrvResponse.lisp
Symlinking /home/ubuntu20/S13P21A507/sim/simulator3/catkin_ws/devel/share/common-lisp/ros/morai_msgs/msg/SetTrafficLight.lisp
Symlinking /home/ubuntu20/S13P21A507/sim/simulator3/catkin_ws/devel/share/common-lisp/ros/morai_msgs/msg/SkidSteer6wUGVCtrlCmd.lisp
Symlinking /home/ubuntu20/S13P21A507/sim/simulator3/catkin_ws/devel/share/common-lisp/ros/morai_msgs/msg/Transforms.lisp
Symlinking /home/ubuntu20/S13P21A507/sim/simulator3/catkin_ws/devel/share/common-lisp/ros/morai_msgs/msg/RadarDetections.lisp
Symlinking /home/ubuntu20/S13P21A507/sim/simulator3/catkin_ws/devel/share/common-lisp/ros/morai_msgs/msg/_package_GVDirectCmd.lisp
Symlinking /home/ubuntu20/S13P21A507/sim/simulator3/catkin_ws/devel/share/common-lisp/ros/morai_msgs/msg/_package_SetTrafficLight.lisp
Symlinking /home/ubuntu20/S13P21A507/sim/simulator3/catkin_ws/devel/share/common-lisp/ros/morai_msgs/msg/SaveSensorData.lisp
Symlinking /home/ubuntu20/S13P21A507/sim/simulator3/catkin_ws/devel/share/common-lisp/ros/morai_msgs/msg/_package_ObjectStatusList.lisp
Symlinking /home/ubuntu20/S13P21A507/sim/simulator3/catkin_ws/devel/share/common-lisp/ros/morai_msgs/msg/_package_ShipState.lisp
Symlinking /home/ubuntu20/S13P21A507/sim/simulator3/catkin_ws/devel/share/common-lisp/ros/morai_msgs/msg/VehicleCollisionData.lisp
Symlinking /home/ubuntu20/S13P21A507/sim/simulator3/catkin_ws/devel/share/common-lisp/ros/morai_msgs/msg/TOF.lisp
Symlinking /home/ubuntu20/S13P21A507/sim/simulator3/catkin_ws/devel/share/common-lisp/ros/morai_msgs/msg/RadarDetection.lisp
Symlinking /home/ubuntu20/S13P21A507/sim/simulator3/catkin_ws/devel/share/common-lisp/ros/morai_msgs/msg/_package_Obstacles.lisp
Symlinking /home/ubuntu20/S13P21A507/sim/simulator3/catkin_ws/devel/share/common-lisp/ros/morai_msgs/msg/ScenarioLoad.lisp
Symlinking /home/ubuntu20/S13P21A507/sim/simulator3/catkin_ws/devel/share/common-lisp/ros/morai_msgs/msg/_package_FaultInjection_Tire.lisp
Symlinking /home/ubuntu20/S13P21A507/sim/simulator3/catkin_ws/devel/share/common-lisp/ros/morai_msgs/msg/_package_Lamps.lisp
Symlinking /home/ubuntu20/S13P21A507/sim/simulator3/catkin_ws/devel/share/common-lisp/ros/morai_msgs/msg/_package_DillyCmd.lisp
Symlinking /home/ubuntu20/S13P21A507/sim/simulator3/catkin_ws/devel/share/common-lisp/ros/morai_msgs/msg/_package_SyncModeScenarioLoad.lisp
Symlinking /home/ubuntu20/S13P21A507/sim/simulator3/catkin_ws/devel/share/common-lisp/ros/morai_msgs/msg/_package_SyncModeCtrlCmd.lisp
Symlinking /home/ubuntu20/S13P21A507/sim/simulator3/catkin_ws/devel/share/common-lisp/ros/morai_msgs/msg/_package_FaultStatusInfo_Sensor.lisp
Symlinking /home/ubuntu20/S13P21A507/sim/simulator3/catkin_ws/devel/share/common-lisp/ros/morai_msgs/msg/EgoVehicleStatus.lisp
Symlinking /home/ubuntu20/S13P21A507/sim/simulator3/catkin_ws/devel/share/common-lisp/ros/morai_msgs/msg/_package_ReplayInfo.lisp
Symlinking /home/ubuntu20/S13P21A507/sim/simulator3/catkin_ws/devel/share/common-lisp/ros/morai_msgs/msg/_package_FaultInjection_Sensor.lisp
Symlinking /home/ubuntu20/S13P21A507/sim/simulator3/catkin_ws/devel/share/common-lisp/ros/morai_msgs/msg/_package_SyncModeResultResponse.lisp
Symlinking /home/ubuntu20/S13P21A507/sim/simulator3/catkin_ws/devel/share/common-lisp/ros/morai_msgs/msg/_package_CollisionData.lisp
Symlinking /home/ubuntu20/S13P21A507/sim/simulator3/catkin_ws/devel/share/common-lisp/ros/morai_msgs/msg/RobotState.lisp
Symlinking /home/ubuntu20/S13P21A507/sim/simulator3/catkin_ws/devel/share/common-lisp/ros/morai_msgs/msg/_package_PREvent.lisp
Symlinking /home/ubuntu20/S13P21A507/sim/simulator3/catkin_ws/devel/share/common-lisp/ros/morai_msgs/msg/_package_GPSMessage.lisp
Symlinking /home/ubuntu20/S13P21A507/sim/simulator3/catkin_ws/devel/share/common-lisp/ros/morai_msgs/msg/_package_UGVServeSkidCtrlCmd.lisp
Symlinking /home/ubuntu20/S13P21A507/sim/simulator3/catkin_ws/devel/share/common-lisp/ros/morai_msgs/msg/EventInfo.lisp
Symlinking /home/ubuntu20/S13P21A507/sim/simulator3/catkin_ws/devel/share/common-lisp/ros/morai_msgs/msg/_package_WoowaDillyStatus.lisp
Symlinking /home/ubuntu20/S13P21A507/sim/simulator3/catkin_ws/devel/share/common-lisp/ros/morai_msgs/msg/EgoVehicleStatusExtended.lisp
Symlinking /home/ubuntu20/S13P21A507/sim/simulator3/catkin_ws/devel/share/common-lisp/ros/morai_msgs/msg/GVDirectCmd.lisp
Symlinking /home/ubuntu20/S13P21A507/sim/simulator3/catkin_ws/devel/share/common-lisp/ros/morai_msgs/msg/_package_PRStatus.lisp
Symlinking /home/ubuntu20/S13P21A507/sim/simulator3/catkin_ws/devel/share/common-lisp/ros/morai_msgs/msg/morai_msgs-msg.asd
Symlinking /home/ubuntu20/S13P21A507/sim/simulator3/catkin_ws/devel/share/common-lisp/ros/morai_msgs/msg/CollisionData.lisp
Symlinking /home/ubuntu20/S13P21A507/sim/simulator3/catkin_ws/devel/share/common-lisp/ros/morai_msgs/msg/FaultInjection_Tire.lisp
Symlinking /home/ubuntu20/S13P21A507/sim/simulator3/catkin_ws/devel/share/common-lisp/ros/morai_msgs/msg/GVStateCmd.lisp
Symlinking /home/ubuntu20/S13P21A507/sim/simulator3/catkin_ws/devel/share/common-lisp/ros/morai_msgs/msg/_package_SyncModeRemoveObject.lisp
Symlinking /home/ubuntu20/S13P21A507/sim/simulator3/catkin_ws/devel/share/common-lisp/ros/morai_msgs/msg/_package_RobotOutput.lisp
Symlinking /home/ubuntu20/S13P21A507/sim/simulator3/catkin_ws/devel/share/common-lisp/ros/morai_msgs/msg/_package_FaultInjection_Response.lisp
Symlinking /home/ubuntu20/S13P21A507/sim/simulator3/catkin_ws/devel/share/common-lisp/ros/morai_msgs/msg/ShipCtrlCmd.lisp
Symlinking /home/ubuntu20/S13P21A507/sim/simulator3/catkin_ws/devel/share/common-lisp/ros/morai_msgs/msg/_package_Transforms.lisp
Symlinking /home/ubuntu20/S13P21A507/sim/simulator3/catkin_ws/devel/share/common-lisp/ros/morai_msgs/msg/MapSpec.lisp
Symlinking /home/ubuntu20/S13P21A507/sim/simulator3/catkin_ws/devel/share/common-lisp/ros/morai_msgs/msg/_package_IntscnTL.lisp
Symlinking /home/ubuntu20/S13P21A507/sim/simulator3/catkin_ws/devel/share/common-lisp/ros/morai_msgs/msg/_package_SkateboardStatus.lisp
Symlinking /home/ubuntu20/S13P21A507/sim/simulator3/catkin_ws/devel/share/common-lisp/ros/morai_msgs/msg/DillyCmd.lisp
Symlinking /home/ubuntu20/S13P21A507/sim/simulator3/catkin_ws/devel/share/common-lisp/ros/morai_msgs/msg/MultiPlayEventRequest.lisp
Symlinking /home/ubuntu20/S13P21A507/sim/simulator3/catkin_ws/devel/share/common-lisp/ros/morai_msgs/msg/MoraiTLIndex.lisp
Symlinking /home/ubuntu20/S13P21A507/sim/simulator3/catkin_ws/devel/share/common-lisp/ros/morai_msgs/msg/_package_MultiPlayEventResponse.lisp
Symlinking /home/ubuntu20/S13P21A507/sim/simulator3/catkin_ws/devel/share/common-lisp/ros/morai_msgs/msg/_package_TOF.lisp
Symlinking /home/ubuntu20/S13P21A507/sim/simulator3/catkin_ws/devel/share/common-lisp/ros/morai_msgs/msg/Lamps.lisp
Symlinking /home/ubuntu20/S13P21A507/sim/simulator3/catkin_ws/devel/share/common-lisp/ros/morai_msgs/msg/CMDConveyor.lisp
Symlinking /home/ubuntu20/S13P21A507/sim/simulator3/catkin_ws/devel/share/common-lisp/ros/morai_msgs/msg/ObjectStatus.lisp
Symlinking /home/ubuntu20/S13P21A507/sim/simulator3/catkin_ws/devel/share/common-lisp/ros/morai_msgs/msg/Obstacles.lisp
Symlinking /home/ubuntu20/S13P21A507/sim/simulator3/catkin_ws/devel/share/common-lisp/ros/morai_msgs/msg/_package_SkateboardCtrlCmd.lisp
Symlinking /home/ubuntu20/S13P21A507/sim/simulator3/catkin_ws/devel/share/common-lisp/ros/morai_msgs/msg/_package_EgoVehicleStatusExtended.lisp
Symlinking /home/ubuntu20/S13P21A507/sim/simulator3/catkin_ws/devel/share/common-lisp/ros/morai_msgs/msg/_package_MoraiTLInfo.lisp
Symlinking /home/ubuntu20/S13P21A507/sim/simulator3/catkin_ws/devel/share/common-lisp/ros/morai_msgs/msg/_package_VehicleCollisionData.lisp
Symlinking /home/ubuntu20/S13P21A507/sim/simulator3/catkin_ws/devel/share/common-lisp/ros/morai_msgs/msg/SyncModeCtrlCmd.lisp
Symlinking /home/ubuntu20/S13P21A507/sim/simulator3/catkin_ws/devel/share/common-lisp/ros/morai_msgs/msg/MoraiSimProcHandle.lisp
Symlinking /home/ubuntu20/S13P21A507/sim/simulator3/catkin_ws/devel/share/common-lisp/ros/morai_msgs/msg/GetTrafficLightStatus.lisp
Symlinking /home/ubuntu20/S13P21A507/sim/simulator3/catkin_ws/devel/share/common-lisp/ros/morai_msgs/msg/_package_RadarDetections.lisp
Symlinking /home/ubuntu20/S13P21A507/sim/simulator3/catkin_ws/devel/share/common-lisp/ros/morai_msgs/msg/_package_MultiEgoSetting.lisp
Symlinking /home/ubuntu20/S13P21A507/sim/simulator3/catkin_ws/devel/share/common-lisp/ros/morai_msgs/msg/_package_DillyCmdResponse.lisp
Symlinking /home/ubuntu20/S13P21A507/sim/simulator3/catkin_ws/devel/share/common-lisp/ros/morai_msgs/msg/_package.lisp
Symlinking /home/ubuntu20/S13P21A507/sim/simulator3/catkin_ws/devel/share/common-lisp/ros/morai_msgs/msg/SkateboardCtrlCmd.lisp
Symlinking /home/ubuntu20/S13P21A507/sim/simulator3/catkin_ws/devel/share/common-lisp/ros/morai_msgs/msg/_package_FaultStatusInfo.lisp
Symlinking /home/ubuntu20/S13P21A507/sim/simulator3/catkin_ws/devel/share/common-lisp/ros/morai_msgs/msg/_package_MoraiSimProcHandle.lisp
Symlinking /home/ubuntu20/S13P21A507/sim/simulator3/catkin_ws/devel/share/common-lisp/ros/morai_msgs/msg/WaitForTick.lisp
Symlinking /home/ubuntu20/S13P21A507/sim/simulator3/catkin_ws/devel/share/common-lisp/ros/morai_msgs/msg/SkidSteer6wUGVStatus.lisp
Symlinking /home/ubuntu20/S13P21A507/sim/simulator3/catkin_ws/devel/share/common-lisp/ros/morai_msgs/msg/_package_MoraiTLIndex.lisp
Symlinking /home/ubuntu20/S13P21A507/sim/simulator3/catkin_ws/devel/share/common-lisp/ros/morai_msgs/msg/WaitForTickResponse.lisp
Symlinking /home/ubuntu20/S13P21A507/sim/simulator3/catkin_ws/devel/share/common-lisp/ros/morai_msgs/msg/WheelControl.lisp
Symlinking /home/ubuntu20/S13P21A507/sim/simulator3/catkin_ws/devel/share/common-lisp/ros/morai_msgs/msg/_package_SensorPosControl.lisp
Symlinking /home/ubuntu20/S13P21A507/sim/simulator3/catkin_ws/devel/share/common-lisp/ros/morai_msgs/msg/_package_WheelControl.lisp
Symlinking /home/ubuntu20/S13P21A507/sim/simulator3/catkin_ws/devel/share/common-lisp/ros/morai_msgs/msg/IntersectionControl.lisp
Symlinking /home/ubuntu20/S13P21A507/sim/simulator3/catkin_ws/devel/share/common-lisp/ros/morai_msgs/msg/ObjectStatusListExtended.lisp
Symlinking /home/ubuntu20/S13P21A507/sim/simulator3/catkin_ws/devel/share/common-lisp/ros/morai_msgs/msg/FaultStatusInfo_Vehicle.lisp
Symlinking /home/ubuntu20/S13P21A507/sim/simulator3/catkin_ws/devel/share/common-lisp/ros/morai_msgs/msg/_package_SkidSteer6wUGVCtrlCmd.lisp
Symlinking /home/ubuntu20/S13P21A507/sim/simulator3/catkin_ws/devel/share/common-lisp/ros/morai_msgs/msg/_package_CtrlCmd.lisp
Symlinking /home/ubuntu20/S13P21A507/sim/simulator3/catkin_ws/devel/share/common-lisp/ros/morai_msgs/msg/NpcGhostCmd.lisp
Symlinking /home/ubuntu20/S13P21A507/sim/simulator3/catkin_ws/devel/share/common-lisp/ros/morai_msgs/msg/FaultInjection_Controller.lisp
Symlinking /home/ubuntu20/S13P21A507/sim/simulator3/catkin_ws/devel/share/common-lisp/ros/morai_msgs/msg/MoraiSimProcStatus.lisp
Symlinking /home/ubuntu20/S13P21A507/sim/simulator3/catkin_ws/devel/share/common-lisp/ros/morai_msgs/msg/VehicleSpec.lisp
Symlinking /home/ubuntu20/S13P21A507/sim/simulator3/catkin_ws/devel/share/common-lisp/ros/morai_msgs/msg/Obstacle.lisp
Symlinking /home/ubuntu20/S13P21A507/sim/simulator3/catkin_ws/devel/share/common-lisp/ros/morai_msgs/msg/ShipState.lisp
Symlinking /home/ubuntu20/S13P21A507/sim/simulator3/catkin_ws/devel/share/common-lisp/ros/morai_msgs/msg/_package_GetTrafficLightStatus.lisp
Symlinking /home/ubuntu20/S13P21A507/sim/simulator3/catkin_ws/devel/share/common-lisp/ros/morai_msgs/msg/_package_ObjectStatusExtended.lisp
Symlinking /home/ubuntu20/S13P21A507/sim/simulator3/catkin_ws/devel/share/common-lisp/ros/morai_msgs/msg/MapSpecIndex.lisp
Symlinking /home/ubuntu20/S13P21A507/sim/simulator3/catkin_ws/devel/share/common-lisp/ros/morai_msgs/msg/ERP42Info.lisp
Symlinking /home/ubuntu20/S13P21A507/sim/simulator3/catkin_ws/devel/share/common-lisp/ros/morai_msgs/msg/_package_ERP42Info.lisp
Symlinking /home/ubuntu20/S13P21A507/sim/simulator3/catkin_ws/devel/share/common-lisp/ros/morai_msgs/msg/_package_NpcGhostInfo.lisp
Symlinking /home/ubuntu20/S13P21A507/sim/simulator3/catkin_ws/devel/share/common-lisp/ros/morai_msgs/msg/_package_RadarDetection.lisp
Symlinking /home/ubuntu20/S13P21A507/sim/simulator3/catkin_ws/devel/share/common-lisp/ros/morai_msgs/msg/MultiEgoSetting.lisp
Symlinking /home/ubuntu20/S13P21A507/sim/simulator3/catkin_ws/devel/share/common-lisp/ros/morai_msgs/msg/_package_VehicleSpecIndex.lisp
Symlinking /home/ubuntu20/S13P21A507/sim/simulator3/catkin_ws/devel/share/common-lisp/ros/morai_msgs/msg/_package_WaitForTickResponse.lisp
Symlinking /home/ubuntu20/S13P21A507/sim/simulator3/catkin_ws/devel/share/common-lisp/ros/morai_msgs/msg/SyncModeSetGear.lisp
Symlinking /home/ubuntu20/S13P21A507/sim/simulator3/catkin_ws/devel/share/common-lisp/ros/morai_msgs/msg/TrafficLight.lisp
Symlinking /home/ubuntu20/S13P21A507/sim/simulator3/catkin_ws/devel/share/common-lisp/ros/morai_msgs/msg/GPSMessage.lisp
Symlinking /home/ubuntu20/S13P21A507/sim/simulator3/catkin_ws/devel/share/common-lisp/ros/morai_msgs/msg/_package_WaitForTick.lisp
Symlinking /home/ubuntu20/S13P21A507/sim/simulator3/catkin_ws/devel/share/common-lisp/ros/morai_msgs/msg/_package_MoraiSimProcStatus.lisp
Symlinking /home/ubuntu20/S13P21A507/sim/simulator3/catkin_ws/devel/share/common-lisp/ros/morai_msgs/msg/ExternalForce.lisp
Symlinking /home/ubuntu20/S13P21A507/sim/simulator3/catkin_ws/devel/share/common-lisp/ros/morai_msgs/msg/SensorPosControl.lisp
Symlinking /home/ubuntu20/S13P21A507/sim/simulator3/catkin_ws/devel/share/common-lisp/ros/morai_msgs/msg/ObjectStatusList.lisp
Symlinking /home/ubuntu20/S13P21A507/sim/simulator3/catkin_ws/devel/share/common-lisp/ros/morai_msgs/msg/FaultInjection_Sensor.lisp
Symlinking /home/ubuntu20/S13P21A507/sim/simulator3/catkin_ws/devel/share/common-lisp/ros/morai_msgs/msg/FaultStatusInfo_Sensor.lisp
Symlinking /home/ubuntu20/S13P21A507/sim/simulator3/catkin_ws/devel/share/common-lisp/ros/morai_msgs/msg/_package_ExternalForce.lisp
Symlinking /home/ubuntu20/S13P21A507/sim/simulator3/catkin_ws/devel/share/common-lisp/ros/morai_msgs/srv/_package_MoraiSyncModeAddObjectSrv.lisp
Symlinking /home/ubuntu20/S13P21A507/sim/simulator3/catkin_ws/devel/share/common-lisp/ros/morai_msgs/srv/MoraiScenarioLoadSrv.lisp
Symlinking /home/ubuntu20/S13P21A507/sim/simulator3/catkin_ws/devel/share/common-lisp/ros/morai_msgs/srv/_package_FaultInjectionTireSrv.lisp
Symlinking /home/ubuntu20/S13P21A507/sim/simulator3/catkin_ws/devel/share/common-lisp/ros/morai_msgs/srv/_package_MoraiSyncModeRemoveObjectSrv.lisp
Symlinking /home/ubuntu20/S13P21A507/sim/simulator3/catkin_ws/devel/share/common-lisp/ros/morai_msgs/srv/MoraiMapSpecSrv.lisp
Symlinking /home/ubuntu20/S13P21A507/sim/simulator3/catkin_ws/devel/share/common-lisp/ros/morai_msgs/srv/_package_MoraiEventCmdSrv.lisp
Symlinking /home/ubuntu20/S13P21A507/sim/simulator3/catkin_ws/devel/share/common-lisp/ros/morai_msgs/srv/MultiPlayEventSrv.lisp
Symlinking /home/ubuntu20/S13P21A507/sim/simulator3/catkin_ws/devel/share/common-lisp/ros/morai_msgs/srv/FaultInjectionTireSrv.lisp
Symlinking /home/ubuntu20/S13P21A507/sim/simulator3/catkin_ws/devel/share/common-lisp/ros/morai_msgs/srv/MoraiEventCmdSrv.lisp
Symlinking /home/ubuntu20/S13P21A507/sim/simulator3/catkin_ws/devel/share/common-lisp/ros/morai_msgs/srv/morai_msgs-srv.asd
Symlinking /home/ubuntu20/S13P21A507/sim/simulator3/catkin_ws/devel/share/common-lisp/ros/morai_msgs/srv/MoraiSyncModeCtrlCmdSrv.lisp
Symlinking /home/ubuntu20/S13P21A507/sim/simulator3/catkin_ws/devel/share/common-lisp/ros/morai_msgs/srv/_package_MultiPlayEventSrv.lisp
Symlinking /home/ubuntu20/S13P21A507/sim/simulator3/catkin_ws/devel/share/common-lisp/ros/morai_msgs/srv/_package_MoraiSyncModeSetGearSrv.lisp
Symlinking /home/ubuntu20/S13P21A507/sim/simulator3/catkin_ws/devel/share/common-lisp/ros/morai_msgs/srv/MoraiVehicleSpecSrv.lisp
Symlinking /home/ubuntu20/S13P21A507/sim/simulator3/catkin_ws/devel/share/common-lisp/ros/morai_msgs/srv/MoraiSyncModeAddObjectSrv.lisp
Symlinking /home/ubuntu20/S13P21A507/sim/simulator3/catkin_ws/devel/share/common-lisp/ros/morai_msgs/srv/_package_MoraiSyncModeCtrlCmdSrv.lisp
Symlinking /home/ubuntu20/S13P21A507/sim/simulator3/catkin_ws/devel/share/common-lisp/ros/morai_msgs/srv/MoraiTLInfoSrv.lisp
Symlinking /home/ubuntu20/S13P21A507/sim/simulator3/catkin_ws/devel/share/common-lisp/ros/morai_msgs/srv/FaultInjectionCtrlSrv.lisp
Symlinking /home/ubuntu20/S13P21A507/sim/simulator3/catkin_ws/devel/share/common-lisp/ros/morai_msgs/srv/MoraiSimProcSrv.lisp
Symlinking /home/ubuntu20/S13P21A507/sim/simulator3/catkin_ws/devel/share/common-lisp/ros/morai_msgs/srv/_package_WoowaDillyEventCmdSrv.lisp
Symlinking /home/ubuntu20/S13P21A507/sim/simulator3/catkin_ws/devel/share/common-lisp/ros/morai_msgs/srv/_package.lisp
Symlinking /home/ubuntu20/S13P21A507/sim/simulator3/catkin_ws/devel/share/common-lisp/ros/morai_msgs/srv/PREventSrv.lisp
Symlinking /home/ubuntu20/S13P21A507/sim/simulator3/catkin_ws/devel/share/common-lisp/ros/morai_msgs/srv/MoraiSyncModeSLSrv.lisp
Symlinking /home/ubuntu20/S13P21A507/sim/simulator3/catkin_ws/devel/share/common-lisp/ros/morai_msgs/srv/_package_MoraiSyncModeCmdSrv.lisp
Symlinking /home/ubuntu20/S13P21A507/sim/simulator3/catkin_ws/devel/share/common-lisp/ros/morai_msgs/srv/MoraiSyncModeCmdSrv.lisp
Symlinking /home/ubuntu20/S13P21A507/sim/simulator3/catkin_ws/devel/share/common-lisp/ros/morai_msgs/srv/_package_MoraiMapSpecSrv.lisp
Symlinking /home/ubuntu20/S13P21A507/sim/simulator3/catkin_ws/devel/share/common-lisp/ros/morai_msgs/srv/_package_MoraiWaitForTickSrv.lisp
Symlinking /home/ubuntu20/S13P21A507/sim/simulator3/catkin_ws/devel/share/common-lisp/ros/morai_msgs/srv/MoraiWaitForTickSrv.lisp
Symlinking /home/ubuntu20/S13P21A507/sim/simulator3/catkin_ws/devel/share/common-lisp/ros/morai_msgs/srv/MoraiSyncModeSetGearSrv.lisp
Symlinking /home/ubuntu20/S13P21A507/sim/simulator3/catkin_ws/devel/share/common-lisp/ros/morai_msgs/srv/_package_MoraiVehicleSpecSrv.lisp
Symlinking /home/ubuntu20/S13P21A507/sim/simulator3/catkin_ws/devel/share/common-lisp/ros/morai_msgs/srv/MoraiSyncModeRemoveObjectSrv.lisp
Symlinking /home/ubuntu20/S13P21A507/sim/simulator3/catkin_ws/devel/share/common-lisp/ros/morai_msgs/srv/_package_FaultInjectionCtrlSrv.lisp
Symlinking /home/ubuntu20/S13P21A507/sim/simulator3/catkin_ws/devel/share/common-lisp/ros/morai_msgs/srv/_package_MoraiSimProcSrv.lisp
Symlinking /home/ubuntu20/S13P21A507/sim/simulator3/catkin_ws/devel/share/common-lisp/ros/morai_msgs/srv/FaultInjectionSensorSrv.lisp
Symlinking /home/ubuntu20/S13P21A507/sim/simulator3/catkin_ws/devel/share/common-lisp/ros/morai_msgs/srv/_package_MoraiTLInfoSrv.lisp
Symlinking /home/ubuntu20/S13P21A507/sim/simulator3/catkin_ws/devel/share/common-lisp/ros/morai_msgs/srv/_package_MoraiScenarioLoadSrv.lisp
Symlinking /home/ubuntu20/S13P21A507/sim/simulator3/catkin_ws/devel/share/common-lisp/ros/morai_msgs/srv/WoowaDillyEventCmdSrv.lisp
Symlinking /home/ubuntu20/S13P21A507/sim/simulator3/catkin_ws/devel/share/common-lisp/ros/morai_msgs/srv/_package_MoraiSyncModeSLSrv.lisp
Symlinking /home/ubuntu20/S13P21A507/sim/simulator3/catkin_ws/devel/share/common-lisp/ros/morai_msgs/srv/_package_FaultInjectionSensorSrv.lisp
Symlinking /home/ubuntu20/S13P21A507/sim/simulator3/catkin_ws/devel/share/common-lisp/ros/morai_msgs/srv/_package_PREventSrv.lisp
Symlinking /home/ubuntu20/S13P21A507/sim/simulator3/catkin_ws/devel/share/roseus/ros/morai_msgs/manifest.l
Symlinking /home/ubuntu20/S13P21A507/sim/simulator3/catkin_ws/devel/share/roseus/ros/morai_msgs/msg/VelocityCmd.l
Symlinking /home/ubuntu20/S13P21A507/sim/simulator3/catkin_ws/devel/share/roseus/ros/morai_msgs/msg/ShipCtrlCmd.l
Symlinking /home/ubuntu20/S13P21A507/sim/simulator3/catkin_ws/devel/share/roseus/ros/morai_msgs/msg/EventInfo.l
Symlinking /home/ubuntu20/S13P21A507/sim/simulator3/catkin_ws/devel/share/roseus/ros/morai_msgs/msg/Obstacle.l
Symlinking /home/ubuntu20/S13P21A507/sim/simulator3/catkin_ws/devel/share/roseus/ros/morai_msgs/msg/SyncModeSetGear.l
Symlinking /home/ubuntu20/S13P21A507/sim/simulator3/catkin_ws/devel/share/roseus/ros/morai_msgs/msg/TOF.l
Symlinking /home/ubuntu20/S13P21A507/sim/simulator3/catkin_ws/devel/share/roseus/ros/morai_msgs/msg/ObjectStatusExtended.l
Symlinking /home/ubuntu20/S13P21A507/sim/simulator3/catkin_ws/devel/share/roseus/ros/morai_msgs/msg/WaitForTickResponse.l
Symlinking /home/ubuntu20/S13P21A507/sim/simulator3/catkin_ws/devel/share/roseus/ros/morai_msgs/msg/WaitForTick.l
Symlinking /home/ubuntu20/S13P21A507/sim/simulator3/catkin_ws/devel/share/roseus/ros/morai_msgs/msg/RadarDetection.l
Symlinking /home/ubuntu20/S13P21A507/sim/simulator3/catkin_ws/devel/share/roseus/ros/morai_msgs/msg/CollisionData.l
Symlinking /home/ubuntu20/S13P21A507/sim/simulator3/catkin_ws/devel/share/roseus/ros/morai_msgs/msg/SVADC.l
Symlinking /home/ubuntu20/S13P21A507/sim/simulator3/catkin_ws/devel/share/roseus/ros/morai_msgs/msg/FaultStatusInfo_Vehicle.l
Symlinking /home/ubuntu20/S13P21A507/sim/simulator3/catkin_ws/devel/share/roseus/ros/morai_msgs/msg/UGVServeSkidCtrlCmd.l
Symlinking /home/ubuntu20/S13P21A507/sim/simulator3/catkin_ws/devel/share/roseus/ros/morai_msgs/msg/DillyCmdResponse.l
Symlinking /home/ubuntu20/S13P21A507/sim/simulator3/catkin_ws/devel/share/roseus/ros/morai_msgs/msg/ExternalForce.l
Symlinking /home/ubuntu20/S13P21A507/sim/simulator3/catkin_ws/devel/share/roseus/ros/morai_msgs/msg/SyncModeCmdResponse.l
Symlinking /home/ubuntu20/S13P21A507/sim/simulator3/catkin_ws/devel/share/roseus/ros/morai_msgs/msg/VehicleSpec.l
Symlinking /home/ubuntu20/S13P21A507/sim/simulator3/catkin_ws/devel/share/roseus/ros/morai_msgs/msg/WoowaDillyStatus.l
Symlinking /home/ubuntu20/S13P21A507/sim/simulator3/catkin_ws/devel/share/roseus/ros/morai_msgs/msg/SyncModeResultResponse.l
Symlinking /home/ubuntu20/S13P21A507/sim/simulator3/catkin_ws/devel/share/roseus/ros/morai_msgs/msg/GVDirectCmd.l
Symlinking /home/ubuntu20/S13P21A507/sim/simulator3/catkin_ws/devel/share/roseus/ros/morai_msgs/msg/RadarDetections.l
Symlinking /home/ubuntu20/S13P21A507/sim/simulator3/catkin_ws/devel/share/roseus/ros/morai_msgs/msg/SyncModeCtrlCmd.l
Symlinking /home/ubuntu20/S13P21A507/sim/simulator3/catkin_ws/devel/share/roseus/ros/morai_msgs/msg/ObjectStatusListExtended.l
Symlinking /home/ubuntu20/S13P21A507/sim/simulator3/catkin_ws/devel/share/roseus/ros/morai_msgs/msg/SensorPosControl.l
Symlinking /home/ubuntu20/S13P21A507/sim/simulator3/catkin_ws/devel/share/roseus/ros/morai_msgs/msg/SkidSteer6wUGVCtrlCmd.l
Symlinking /home/ubuntu20/S13P21A507/sim/simulator3/catkin_ws/devel/share/roseus/ros/morai_msgs/msg/NpcGhostInfo.l
Symlinking /home/ubuntu20/S13P21A507/sim/simulator3/catkin_ws/devel/share/roseus/ros/morai_msgs/msg/Transforms.l
Symlinking /home/ubuntu20/S13P21A507/sim/simulator3/catkin_ws/devel/share/roseus/ros/morai_msgs/msg/Conveyor.l
Symlinking /home/ubuntu20/S13P21A507/sim/simulator3/catkin_ws/devel/share/roseus/ros/morai_msgs/msg/VehicleCollisionData.l
Symlinking /home/ubuntu20/S13P21A507/sim/simulator3/catkin_ws/devel/share/roseus/ros/morai_msgs/msg/SyncModeRemoveObject.l
Symlinking /home/ubuntu20/S13P21A507/sim/simulator3/catkin_ws/devel/share/roseus/ros/morai_msgs/msg/PRCtrlCmd.l
Symlinking /home/ubuntu20/S13P21A507/sim/simulator3/catkin_ws/devel/share/roseus/ros/morai_msgs/msg/VehicleSpecIndex.l
Symlinking /home/ubuntu20/S13P21A507/sim/simulator3/catkin_ws/devel/share/roseus/ros/morai_msgs/msg/PREvent.l
Symlinking /home/ubuntu20/S13P21A507/sim/simulator3/catkin_ws/devel/share/roseus/ros/morai_msgs/msg/IntscnTL.l
Symlinking /home/ubuntu20/S13P21A507/sim/simulator3/catkin_ws/devel/share/roseus/ros/morai_msgs/msg/SyncModeAddObject.l
Symlinking /home/ubuntu20/S13P21A507/sim/simulator3/catkin_ws/devel/share/roseus/ros/morai_msgs/msg/ObjectStatusList.l
Symlinking /home/ubuntu20/S13P21A507/sim/simulator3/catkin_ws/devel/share/roseus/ros/morai_msgs/msg/FaultStatusInfo.l
Symlinking /home/ubuntu20/S13P21A507/sim/simulator3/catkin_ws/devel/share/roseus/ros/morai_msgs/msg/SyncModeScenarioLoad.l
Symlinking /home/ubuntu20/S13P21A507/sim/simulator3/catkin_ws/devel/share/roseus/ros/morai_msgs/msg/FaultInjection_Tire.l
Symlinking /home/ubuntu20/S13P21A507/sim/simulator3/catkin_ws/devel/share/roseus/ros/morai_msgs/msg/Obstacles.l
Symlinking /home/ubuntu20/S13P21A507/sim/simulator3/catkin_ws/devel/share/roseus/ros/morai_msgs/msg/SetTrafficLight.l
Symlinking /home/ubuntu20/S13P21A507/sim/simulator3/catkin_ws/devel/share/roseus/ros/morai_msgs/msg/ReplayInfo.l
Symlinking /home/ubuntu20/S13P21A507/sim/simulator3/catkin_ws/devel/share/roseus/ros/morai_msgs/msg/DillyCmd.l
Symlinking /home/ubuntu20/S13P21A507/sim/simulator3/catkin_ws/devel/share/roseus/ros/morai_msgs/msg/SkateboardStatus.l
Symlinking /home/ubuntu20/S13P21A507/sim/simulator3/catkin_ws/devel/share/roseus/ros/morai_msgs/msg/ManipulatorControl.l
Symlinking /home/ubuntu20/S13P21A507/sim/simulator3/catkin_ws/devel/share/roseus/ros/morai_msgs/msg/TrafficLight.l
Symlinking /home/ubuntu20/S13P21A507/sim/simulator3/catkin_ws/devel/share/roseus/ros/morai_msgs/msg/SaveSensorData.l
Symlinking /home/ubuntu20/S13P21A507/sim/simulator3/catkin_ws/devel/share/roseus/ros/morai_msgs/msg/MultiEgoSetting.l
Symlinking /home/ubuntu20/S13P21A507/sim/simulator3/catkin_ws/devel/share/roseus/ros/morai_msgs/msg/RobotState.l
Symlinking /home/ubuntu20/S13P21A507/sim/simulator3/catkin_ws/devel/share/roseus/ros/morai_msgs/msg/MultiPlayEventRequest.l
Symlinking /home/ubuntu20/S13P21A507/sim/simulator3/catkin_ws/devel/share/roseus/ros/morai_msgs/msg/GVStateCmd.l
Symlinking /home/ubuntu20/S13P21A507/sim/simulator3/catkin_ws/devel/share/roseus/ros/morai_msgs/msg/Lamps.l
Symlinking /home/ubuntu20/S13P21A507/sim/simulator3/catkin_ws/devel/share/roseus/ros/morai_msgs/msg/SyncModeInfo.l
Symlinking /home/ubuntu20/S13P21A507/sim/simulator3/catkin_ws/devel/share/roseus/ros/morai_msgs/msg/ShipState.l
Symlinking /home/ubuntu20/S13P21A507/sim/simulator3/catkin_ws/devel/share/roseus/ros/morai_msgs/msg/IntersectionControl.l
Symlinking /home/ubuntu20/S13P21A507/sim/simulator3/catkin_ws/devel/share/roseus/ros/morai_msgs/msg/CMDConveyor.l
Symlinking /home/ubuntu20/S13P21A507/sim/simulator3/catkin_ws/devel/share/roseus/ros/morai_msgs/msg/GetTrafficLightStatus.l
Symlinking /home/ubuntu20/S13P21A507/sim/simulator3/catkin_ws/devel/share/roseus/ros/morai_msgs/msg/ObjectStatus.l
Symlinking /home/ubuntu20/S13P21A507/sim/simulator3/catkin_ws/devel/share/roseus/ros/morai_msgs/msg/FaultInjection_Sensor.l
Symlinking /home/ubuntu20/S13P21A507/sim/simulator3/catkin_ws/devel/share/roseus/ros/morai_msgs/msg/FaultInjection_Controller.l
Symlinking /home/ubuntu20/S13P21A507/sim/simulator3/catkin_ws/devel/share/roseus/ros/morai_msgs/msg/FaultStatusInfo_Overall.l
Symlinking /home/ubuntu20/S13P21A507/sim/simulator3/catkin_ws/devel/share/roseus/ros/morai_msgs/msg/IntersectionStatus.l
Symlinking /home/ubuntu20/S13P21A507/sim/simulator3/catkin_ws/devel/share/roseus/ros/morai_msgs/msg/MapSpecIndex.l
Symlinking /home/ubuntu20/S13P21A507/sim/simulator3/catkin_ws/devel/share/roseus/ros/morai_msgs/msg/MapSpec.l
Symlinking /home/ubuntu20/S13P21A507/sim/simulator3/catkin_ws/devel/share/roseus/ros/morai_msgs/msg/RobotOutput.l
Symlinking /home/ubuntu20/S13P21A507/sim/simulator3/catkin_ws/devel/share/roseus/ros/morai_msgs/msg/CtrlCmd.l
Symlinking /home/ubuntu20/S13P21A507/sim/simulator3/catkin_ws/devel/share/roseus/ros/morai_msgs/msg/GPSMessage.l
Symlinking /home/ubuntu20/S13P21A507/sim/simulator3/catkin_ws/devel/share/roseus/ros/morai_msgs/msg/MoraiSimProcStatus.l
Symlinking /home/ubuntu20/S13P21A507/sim/simulator3/catkin_ws/devel/share/roseus/ros/morai_msgs/msg/EgoVehicleStatusExtended.l
Symlinking /home/ubuntu20/S13P21A507/sim/simulator3/catkin_ws/devel/share/roseus/ros/morai_msgs/msg/EgoVehicleStatus.l
Symlinking /home/ubuntu20/S13P21A507/sim/simulator3/catkin_ws/devel/share/roseus/ros/morai_msgs/msg/MoraiTLInfo.l
Symlinking /home/ubuntu20/S13P21A507/sim/simulator3/catkin_ws/devel/share/roseus/ros/morai_msgs/msg/SyncModeCmd.l
Symlinking /home/ubuntu20/S13P21A507/sim/simulator3/catkin_ws/devel/share/roseus/ros/morai_msgs/msg/MoraiSrvResponse.l
Symlinking /home/ubuntu20/S13P21A507/sim/simulator3/catkin_ws/devel/share/roseus/ros/morai_msgs/msg/MultiPlayEventResponse.l
Symlinking /home/ubuntu20/S13P21A507/sim/simulator3/catkin_ws/devel/share/roseus/ros/morai_msgs/msg/SkateboardCtrlCmd.l
Symlinking /home/ubuntu20/S13P21A507/sim/simulator3/catkin_ws/devel/share/roseus/ros/morai_msgs/msg/ERP42Info.l
Symlinking /home/ubuntu20/S13P21A507/sim/simulator3/catkin_ws/devel/share/roseus/ros/morai_msgs/msg/WheelControl.l
Symlinking /home/ubuntu20/S13P21A507/sim/simulator3/catkin_ws/devel/share/roseus/ros/morai_msgs/msg/FaultStatusInfo_Sensor.l
Symlinking /home/ubuntu20/S13P21A507/sim/simulator3/catkin_ws/devel/share/roseus/ros/morai_msgs/msg/MoraiTLIndex.l
Symlinking /home/ubuntu20/S13P21A507/sim/simulator3/catkin_ws/devel/share/roseus/ros/morai_msgs/msg/GhostMessage.l
Symlinking /home/ubuntu20/S13P21A507/sim/simulator3/catkin_ws/devel/share/roseus/ros/morai_msgs/msg/ScenarioLoad.l
Symlinking /home/ubuntu20/S13P21A507/sim/simulator3/catkin_ws/devel/share/roseus/ros/morai_msgs/msg/MoraiSimProcHandle.l
Symlinking /home/ubuntu20/S13P21A507/sim/simulator3/catkin_ws/devel/share/roseus/ros/morai_msgs/msg/GeoVector3Message.l
Symlinking /home/ubuntu20/S13P21A507/sim/simulator3/catkin_ws/devel/share/roseus/ros/morai_msgs/msg/NpcGhostCmd.l
Symlinking /home/ubuntu20/S13P21A507/sim/simulator3/catkin_ws/devel/share/roseus/ros/morai_msgs/msg/SkidSteer6wUGVStatus.l
Symlinking /home/ubuntu20/S13P21A507/sim/simulator3/catkin_ws/devel/share/roseus/ros/morai_msgs/msg/PRStatus.l
Symlinking /home/ubuntu20/S13P21A507/sim/simulator3/catkin_ws/devel/share/roseus/ros/morai_msgs/msg/VehicleCollision.l
Symlinking /home/ubuntu20/S13P21A507/sim/simulator3/catkin_ws/devel/share/roseus/ros/morai_msgs/msg/FaultInjection_Response.l
Symlinking /home/ubuntu20/S13P21A507/sim/simulator3/catkin_ws/devel/share/roseus/ros/morai_msgs/srv/WoowaDillyEventCmdSrv.l
Symlinking /home/ubuntu20/S13P21A507/sim/simulator3/catkin_ws/devel/share/roseus/ros/morai_msgs/srv/MoraiVehicleSpecSrv.l
Symlinking /home/ubuntu20/S13P21A507/sim/simulator3/catkin_ws/devel/share/roseus/ros/morai_msgs/srv/MoraiMapSpecSrv.l
Symlinking /home/ubuntu20/S13P21A507/sim/simulator3/catkin_ws/devel/share/roseus/ros/morai_msgs/srv/MoraiScenarioLoadSrv.l
Symlinking /home/ubuntu20/S13P21A507/sim/simulator3/catkin_ws/devel/share/roseus/ros/morai_msgs/srv/PREventSrv.l
Symlinking /home/ubuntu20/S13P21A507/sim/simulator3/catkin_ws/devel/share/roseus/ros/morai_msgs/srv/MoraiEventCmdSrv.l
Symlinking /home/ubuntu20/S13P21A507/sim/simulator3/catkin_ws/devel/share/roseus/ros/morai_msgs/srv/MoraiSyncModeCtrlCmdSrv.l
Symlinking /home/ubuntu20/S13P21A507/sim/simulator3/catkin_ws/devel/share/roseus/ros/morai_msgs/srv/FaultInjectionTireSrv.l
Symlinking /home/ubuntu20/S13P21A507/sim/simulator3/catkin_ws/devel/share/roseus/ros/morai_msgs/srv/MoraiSyncModeAddObjectSrv.l
Symlinking /home/ubuntu20/S13P21A507/sim/simulator3/catkin_ws/devel/share/roseus/ros/morai_msgs/srv/FaultInjectionCtrlSrv.l
Symlinking /home/ubuntu20/S13P21A507/sim/simulator3/catkin_ws/devel/share/roseus/ros/morai_msgs/srv/MoraiSyncModeCmdSrv.l
Symlinking /home/ubuntu20/S13P21A507/sim/simulator3/catkin_ws/devel/share/roseus/ros/morai_msgs/srv/MoraiTLInfoSrv.l
Symlinking /home/ubuntu20/S13P21A507/sim/simulator3/catkin_ws/devel/share/roseus/ros/morai_msgs/srv/FaultInjectionSensorSrv.l
Symlinking /home/ubuntu20/S13P21A507/sim/simulator3/catkin_ws/devel/share/roseus/ros/morai_msgs/srv/MoraiSyncModeSLSrv.l
Symlinking /home/ubuntu20/S13P21A507/sim/simulator3/catkin_ws/devel/share/roseus/ros/morai_msgs/srv/MultiPlayEventSrv.l
Symlinking /home/ubuntu20/S13P21A507/sim/simulator3/catkin_ws/devel/share/roseus/ros/morai_msgs/srv/MoraiSimProcSrv.l
Symlinking /home/ubuntu20/S13P21A507/sim/simulator3/catkin_ws/devel/share/roseus/ros/morai_msgs/srv/MoraiSyncModeSetGearSrv.l
Symlinking /home/ubuntu20/S13P21A507/sim/simulator3/catkin_ws/devel/share/roseus/ros/morai_msgs/srv/MoraiWaitForTickSrv.l
Symlinking /home/ubuntu20/S13P21A507/sim/simulator3/catkin_ws/devel/share/roseus/ros/morai_msgs/srv/MoraiSyncModeRemoveObjectSrv.l
Symlinking /home/ubuntu20/S13P21A507/sim/simulator3/catkin_ws/devel/share/gennodejs/ros/morai_msgs/_index.js
Symlinking /home/ubuntu20/S13P21A507/sim/simulator3/catkin_ws/devel/share/gennodejs/ros/morai_msgs/msg/ObjectStatusExtended.js
Symlinking /home/ubuntu20/S13P21A507/sim/simulator3/catkin_ws/devel/share/gennodejs/ros/morai_msgs/msg/IntscnTL.js
Symlinking /home/ubuntu20/S13P21A507/sim/simulator3/catkin_ws/devel/share/gennodejs/ros/morai_msgs/msg/NpcGhostInfo.js
Symlinking /home/ubuntu20/S13P21A507/sim/simulator3/catkin_ws/devel/share/gennodejs/ros/morai_msgs/msg/Obstacle.js
Symlinking /home/ubuntu20/S13P21A507/sim/simulator3/catkin_ws/devel/share/gennodejs/ros/morai_msgs/msg/CollisionData.js
Symlinking /home/ubuntu20/S13P21A507/sim/simulator3/catkin_ws/devel/share/gennodejs/ros/morai_msgs/msg/SensorPosControl.js
Symlinking /home/ubuntu20/S13P21A507/sim/simulator3/catkin_ws/devel/share/gennodejs/ros/morai_msgs/msg/DillyCmd.js
Symlinking /home/ubuntu20/S13P21A507/sim/simulator3/catkin_ws/devel/share/gennodejs/ros/morai_msgs/msg/RobotState.js
Symlinking /home/ubuntu20/S13P21A507/sim/simulator3/catkin_ws/devel/share/gennodejs/ros/morai_msgs/msg/PRCtrlCmd.js
Symlinking /home/ubuntu20/S13P21A507/sim/simulator3/catkin_ws/devel/share/gennodejs/ros/morai_msgs/msg/MoraiSimProcHandle.js
Symlinking /home/ubuntu20/S13P21A507/sim/simulator3/catkin_ws/devel/share/gennodejs/ros/morai_msgs/msg/WoowaDillyStatus.js
Symlinking /home/ubuntu20/S13P21A507/sim/simulator3/catkin_ws/devel/share/gennodejs/ros/morai_msgs/msg/SVADC.js
Symlinking /home/ubuntu20/S13P21A507/sim/simulator3/catkin_ws/devel/share/gennodejs/ros/morai_msgs/msg/SkidSteer6wUGVStatus.js
Symlinking /home/ubuntu20/S13P21A507/sim/simulator3/catkin_ws/devel/share/gennodejs/ros/morai_msgs/msg/FaultStatusInfo.js
Symlinking /home/ubuntu20/S13P21A507/sim/simulator3/catkin_ws/devel/share/gennodejs/ros/morai_msgs/msg/VehicleSpecIndex.js
Symlinking /home/ubuntu20/S13P21A507/sim/simulator3/catkin_ws/devel/share/gennodejs/ros/morai_msgs/msg/CtrlCmd.js
Symlinking /home/ubuntu20/S13P21A507/sim/simulator3/catkin_ws/devel/share/gennodejs/ros/morai_msgs/msg/SyncModeRemoveObject.js
Symlinking /home/ubuntu20/S13P21A507/sim/simulator3/catkin_ws/devel/share/gennodejs/ros/morai_msgs/msg/PRStatus.js
Symlinking /home/ubuntu20/S13P21A507/sim/simulator3/catkin_ws/devel/share/gennodejs/ros/morai_msgs/msg/EgoVehicleStatus.js
Symlinking /home/ubuntu20/S13P21A507/sim/simulator3/catkin_ws/devel/share/gennodejs/ros/morai_msgs/msg/MoraiTLIndex.js
Symlinking /home/ubuntu20/S13P21A507/sim/simulator3/catkin_ws/devel/share/gennodejs/ros/morai_msgs/msg/SyncModeResultResponse.js
Symlinking /home/ubuntu20/S13P21A507/sim/simulator3/catkin_ws/devel/share/gennodejs/ros/morai_msgs/msg/WaitForTick.js
Symlinking /home/ubuntu20/S13P21A507/sim/simulator3/catkin_ws/devel/share/gennodejs/ros/morai_msgs/msg/PREvent.js
Symlinking /home/ubuntu20/S13P21A507/sim/simulator3/catkin_ws/devel/share/gennodejs/ros/morai_msgs/msg/RobotOutput.js
Symlinking /home/ubuntu20/S13P21A507/sim/simulator3/catkin_ws/devel/share/gennodejs/ros/morai_msgs/msg/IntersectionStatus.js
Symlinking /home/ubuntu20/S13P21A507/sim/simulator3/catkin_ws/devel/share/gennodejs/ros/morai_msgs/msg/SyncModeAddObject.js
Symlinking /home/ubuntu20/S13P21A507/sim/simulator3/catkin_ws/devel/share/gennodejs/ros/morai_msgs/msg/IntersectionControl.js
Symlinking /home/ubuntu20/S13P21A507/sim/simulator3/catkin_ws/devel/share/gennodejs/ros/morai_msgs/msg/MoraiSimProcStatus.js
Symlinking /home/ubuntu20/S13P21A507/sim/simulator3/catkin_ws/devel/share/gennodejs/ros/morai_msgs/msg/Obstacles.js
Symlinking /home/ubuntu20/S13P21A507/sim/simulator3/catkin_ws/devel/share/gennodejs/ros/morai_msgs/msg/SyncModeCmdResponse.js
Symlinking /home/ubuntu20/S13P21A507/sim/simulator3/catkin_ws/devel/share/gennodejs/ros/morai_msgs/msg/MultiEgoSetting.js
Symlinking /home/ubuntu20/S13P21A507/sim/simulator3/catkin_ws/devel/share/gennodejs/ros/morai_msgs/msg/ScenarioLoad.js
Symlinking /home/ubuntu20/S13P21A507/sim/simulator3/catkin_ws/devel/share/gennodejs/ros/morai_msgs/msg/SyncModeInfo.js
Symlinking /home/ubuntu20/S13P21A507/sim/simulator3/catkin_ws/devel/share/gennodejs/ros/morai_msgs/msg/GetTrafficLightStatus.js
Symlinking /home/ubuntu20/S13P21A507/sim/simulator3/catkin_ws/devel/share/gennodejs/ros/morai_msgs/msg/MapSpecIndex.js
Symlinking /home/ubuntu20/S13P21A507/sim/simulator3/catkin_ws/devel/share/gennodejs/ros/morai_msgs/msg/Transforms.js
Symlinking /home/ubuntu20/S13P21A507/sim/simulator3/catkin_ws/devel/share/gennodejs/ros/morai_msgs/msg/SyncModeSetGear.js
Symlinking /home/ubuntu20/S13P21A507/sim/simulator3/catkin_ws/devel/share/gennodejs/ros/morai_msgs/msg/GhostMessage.js
Symlinking /home/ubuntu20/S13P21A507/sim/simulator3/catkin_ws/devel/share/gennodejs/ros/morai_msgs/msg/UGVServeSkidCtrlCmd.js
Symlinking /home/ubuntu20/S13P21A507/sim/simulator3/catkin_ws/devel/share/gennodejs/ros/morai_msgs/msg/GVDirectCmd.js
Symlinking /home/ubuntu20/S13P21A507/sim/simulator3/catkin_ws/devel/share/gennodejs/ros/morai_msgs/msg/CMDConveyor.js
Symlinking /home/ubuntu20/S13P21A507/sim/simulator3/catkin_ws/devel/share/gennodejs/ros/morai_msgs/msg/Conveyor.js
Symlinking /home/ubuntu20/S13P21A507/sim/simulator3/catkin_ws/devel/share/gennodejs/ros/morai_msgs/msg/FaultStatusInfo_Vehicle.js
Symlinking /home/ubuntu20/S13P21A507/sim/simulator3/catkin_ws/devel/share/gennodejs/ros/morai_msgs/msg/RadarDetection.js
Symlinking /home/ubuntu20/S13P21A507/sim/simulator3/catkin_ws/devel/share/gennodejs/ros/morai_msgs/msg/NpcGhostCmd.js
Symlinking /home/ubuntu20/S13P21A507/sim/simulator3/catkin_ws/devel/share/gennodejs/ros/morai_msgs/msg/MultiPlayEventResponse.js
Symlinking /home/ubuntu20/S13P21A507/sim/simulator3/catkin_ws/devel/share/gennodejs/ros/morai_msgs/msg/FaultInjection_Response.js
Symlinking /home/ubuntu20/S13P21A507/sim/simulator3/catkin_ws/devel/share/gennodejs/ros/morai_msgs/msg/FaultInjection_Tire.js
Symlinking /home/ubuntu20/S13P21A507/sim/simulator3/catkin_ws/devel/share/gennodejs/ros/morai_msgs/msg/FaultInjection_Sensor.js
Symlinking /home/ubuntu20/S13P21A507/sim/simulator3/catkin_ws/devel/share/gennodejs/ros/morai_msgs/msg/MultiPlayEventRequest.js
Symlinking /home/ubuntu20/S13P21A507/sim/simulator3/catkin_ws/devel/share/gennodejs/ros/morai_msgs/msg/WaitForTickResponse.js
Symlinking /home/ubuntu20/S13P21A507/sim/simulator3/catkin_ws/devel/share/gennodejs/ros/morai_msgs/msg/VehicleCollisionData.js
Symlinking /home/ubuntu20/S13P21A507/sim/simulator3/catkin_ws/devel/share/gennodejs/ros/morai_msgs/msg/FaultStatusInfo_Overall.js
Symlinking /home/ubuntu20/S13P21A507/sim/simulator3/catkin_ws/devel/share/gennodejs/ros/morai_msgs/msg/GVStateCmd.js
Symlinking /home/ubuntu20/S13P21A507/sim/simulator3/catkin_ws/devel/share/gennodejs/ros/morai_msgs/msg/VehicleSpec.js
Symlinking /home/ubuntu20/S13P21A507/sim/simulator3/catkin_ws/devel/share/gennodejs/ros/morai_msgs/msg/TOF.js
Symlinking /home/ubuntu20/S13P21A507/sim/simulator3/catkin_ws/devel/share/gennodejs/ros/morai_msgs/msg/SyncModeScenarioLoad.js
Symlinking /home/ubuntu20/S13P21A507/sim/simulator3/catkin_ws/devel/share/gennodejs/ros/morai_msgs/msg/FaultStatusInfo_Sensor.js
Symlinking /home/ubuntu20/S13P21A507/sim/simulator3/catkin_ws/devel/share/gennodejs/ros/morai_msgs/msg/VelocityCmd.js
Symlinking /home/ubuntu20/S13P21A507/sim/simulator3/catkin_ws/devel/share/gennodejs/ros/morai_msgs/msg/ObjectStatusListExtended.js
Symlinking /home/ubuntu20/S13P21A507/sim/simulator3/catkin_ws/devel/share/gennodejs/ros/morai_msgs/msg/GPSMessage.js
Symlinking /home/ubuntu20/S13P21A507/sim/simulator3/catkin_ws/devel/share/gennodejs/ros/morai_msgs/msg/RadarDetections.js
Symlinking /home/ubuntu20/S13P21A507/sim/simulator3/catkin_ws/devel/share/gennodejs/ros/morai_msgs/msg/ManipulatorControl.js
Symlinking /home/ubuntu20/S13P21A507/sim/simulator3/catkin_ws/devel/share/gennodejs/ros/morai_msgs/msg/SkidSteer6wUGVCtrlCmd.js
Symlinking /home/ubuntu20/S13P21A507/sim/simulator3/catkin_ws/devel/share/gennodejs/ros/morai_msgs/msg/_index.js
Symlinking /home/ubuntu20/S13P21A507/sim/simulator3/catkin_ws/devel/share/gennodejs/ros/morai_msgs/msg/ERP42Info.js
Symlinking /home/ubuntu20/S13P21A507/sim/simulator3/catkin_ws/devel/share/gennodejs/ros/morai_msgs/msg/ExternalForce.js
Symlinking /home/ubuntu20/S13P21A507/sim/simulator3/catkin_ws/devel/share/gennodejs/ros/morai_msgs/msg/EventInfo.js
Symlinking /home/ubuntu20/S13P21A507/sim/simulator3/catkin_ws/devel/share/gennodejs/ros/morai_msgs/msg/ShipState.js
Symlinking /home/ubuntu20/S13P21A507/sim/simulator3/catkin_ws/devel/share/gennodejs/ros/morai_msgs/msg/VehicleCollision.js
Symlinking /home/ubuntu20/S13P21A507/sim/simulator3/catkin_ws/devel/share/gennodejs/ros/morai_msgs/msg/EgoVehicleStatusExtended.js
Symlinking /home/ubuntu20/S13P21A507/sim/simulator3/catkin_ws/devel/share/gennodejs/ros/morai_msgs/msg/MoraiSrvResponse.js
Symlinking /home/ubuntu20/S13P21A507/sim/simulator3/catkin_ws/devel/share/gennodejs/ros/morai_msgs/msg/DillyCmdResponse.js
Symlinking /home/ubuntu20/S13P21A507/sim/simulator3/catkin_ws/devel/share/gennodejs/ros/morai_msgs/msg/GeoVector3Message.js
Symlinking /home/ubuntu20/S13P21A507/sim/simulator3/catkin_ws/devel/share/gennodejs/ros/morai_msgs/msg/SyncModeCmd.js
Symlinking /home/ubuntu20/S13P21A507/sim/simulator3/catkin_ws/devel/share/gennodejs/ros/morai_msgs/msg/FaultInjection_Controller.js
Symlinking /home/ubuntu20/S13P21A507/sim/simulator3/catkin_ws/devel/share/gennodejs/ros/morai_msgs/msg/SyncModeCtrlCmd.js
Symlinking /home/ubuntu20/S13P21A507/sim/simulator3/catkin_ws/devel/share/gennodejs/ros/morai_msgs/msg/Lamps.js
Symlinking /home/ubuntu20/S13P21A507/sim/simulator3/catkin_ws/devel/share/gennodejs/ros/morai_msgs/msg/MoraiTLInfo.js
Symlinking /home/ubuntu20/S13P21A507/sim/simulator3/catkin_ws/devel/share/gennodejs/ros/morai_msgs/msg/SaveSensorData.js
Symlinking /home/ubuntu20/S13P21A507/sim/simulator3/catkin_ws/devel/share/gennodejs/ros/morai_msgs/msg/WheelControl.js
Symlinking /home/ubuntu20/S13P21A507/sim/simulator3/catkin_ws/devel/share/gennodejs/ros/morai_msgs/msg/ObjectStatus.js
Symlinking /home/ubuntu20/S13P21A507/sim/simulator3/catkin_ws/devel/share/gennodejs/ros/morai_msgs/msg/SetTrafficLight.js
Symlinking /home/ubuntu20/S13P21A507/sim/simulator3/catkin_ws/devel/share/gennodejs/ros/morai_msgs/msg/TrafficLight.js
Symlinking /home/ubuntu20/S13P21A507/sim/simulator3/catkin_ws/devel/share/gennodejs/ros/morai_msgs/msg/ReplayInfo.js
Symlinking /home/ubuntu20/S13P21A507/sim/simulator3/catkin_ws/devel/share/gennodejs/ros/morai_msgs/msg/SkateboardCtrlCmd.js
Symlinking /home/ubuntu20/S13P21A507/sim/simulator3/catkin_ws/devel/share/gennodejs/ros/morai_msgs/msg/ShipCtrlCmd.js
Symlinking /home/ubuntu20/S13P21A507/sim/simulator3/catkin_ws/devel/share/gennodejs/ros/morai_msgs/msg/MapSpec.js
Symlinking /home/ubuntu20/S13P21A507/sim/simulator3/catkin_ws/devel/share/gennodejs/ros/morai_msgs/msg/SkateboardStatus.js
Symlinking /home/ubuntu20/S13P21A507/sim/simulator3/catkin_ws/devel/share/gennodejs/ros/morai_msgs/msg/ObjectStatusList.js
Symlinking /home/ubuntu20/S13P21A507/sim/simulator3/catkin_ws/devel/share/gennodejs/ros/morai_msgs/srv/FaultInjectionSensorSrv.js
Symlinking /home/ubuntu20/S13P21A507/sim/simulator3/catkin_ws/devel/share/gennodejs/ros/morai_msgs/srv/MoraiSimProcSrv.js
Symlinking /home/ubuntu20/S13P21A507/sim/simulator3/catkin_ws/devel/share/gennodejs/ros/morai_msgs/srv/MoraiSyncModeCtrlCmdSrv.js
Symlinking /home/ubuntu20/S13P21A507/sim/simulator3/catkin_ws/devel/share/gennodejs/ros/morai_msgs/srv/MoraiWaitForTickSrv.js
Symlinking /home/ubuntu20/S13P21A507/sim/simulator3/catkin_ws/devel/share/gennodejs/ros/morai_msgs/srv/MultiPlayEventSrv.js
Symlinking /home/ubuntu20/S13P21A507/sim/simulator3/catkin_ws/devel/share/gennodejs/ros/morai_msgs/srv/MoraiMapSpecSrv.js
Symlinking /home/ubuntu20/S13P21A507/sim/simulator3/catkin_ws/devel/share/gennodejs/ros/morai_msgs/srv/WoowaDillyEventCmdSrv.js
Symlinking /home/ubuntu20/S13P21A507/sim/simulator3/catkin_ws/devel/share/gennodejs/ros/morai_msgs/srv/MoraiEventCmdSrv.js
Symlinking /home/ubuntu20/S13P21A507/sim/simulator3/catkin_ws/devel/share/gennodejs/ros/morai_msgs/srv/MoraiSyncModeAddObjectSrv.js
Symlinking /home/ubuntu20/S13P21A507/sim/simulator3/catkin_ws/devel/share/gennodejs/ros/morai_msgs/srv/_index.js
Symlinking /home/ubuntu20/S13P21A507/sim/simulator3/catkin_ws/devel/share/gennodejs/ros/morai_msgs/srv/MoraiSyncModeRemoveObjectSrv.js
Symlinking /home/ubuntu20/S13P21A507/sim/simulator3/catkin_ws/devel/share/gennodejs/ros/morai_msgs/srv/PREventSrv.js
Symlinking /home/ubuntu20/S13P21A507/sim/simulator3/catkin_ws/devel/share/gennodejs/ros/morai_msgs/srv/MoraiScenarioLoadSrv.js
Symlinking /home/ubuntu20/S13P21A507/sim/simulator3/catkin_ws/devel/share/gennodejs/ros/morai_msgs/srv/MoraiTLInfoSrv.js
Symlinking /home/ubuntu20/S13P21A507/sim/simulator3/catkin_ws/devel/share/gennodejs/ros/morai_msgs/srv/MoraiVehicleSpecSrv.js
Symlinking /home/ubuntu20/S13P21A507/sim/simulator3/catkin_ws/devel/share/gennodejs/ros/morai_msgs/srv/MoraiSyncModeSLSrv.js
Symlinking /home/ubuntu20/S13P21A507/sim/simulator3/catkin_ws/devel/share/gennodejs/ros/morai_msgs/srv/FaultInjectionTireSrv.js
Symlinking /home/ubuntu20/S13P21A507/sim/simulator3/catkin_ws/devel/share/gennodejs/ros/morai_msgs/srv/FaultInjectionCtrlSrv.js
Symlinking /home/ubuntu20/S13P21A507/sim/simulator3/catkin_ws/devel/share/gennodejs/ros/morai_msgs/srv/MoraiSyncModeSetGearSrv.js
Symlinking /home/ubuntu20/S13P21A507/sim/simulator3/catkin_ws/devel/share/gennodejs/ros/morai_msgs/srv/MoraiSyncModeCmdSrv.js
Symlinking /home/ubuntu20/S13P21A507/sim/simulator3/catkin_ws/devel/share/morai_msgs/cmake/morai_msgs-msg-paths.cmake
Symlinking /home/ubuntu20/S13P21A507/sim/simulator3/catkin_ws/devel/share/morai_msgs/cmake/morai_msgsConfig-version.cmake
Symlinking /home/ubuntu20/S13P21A507/sim/simulator3/catkin_ws/devel/share/morai_msgs/cmake/morai_msgsConfig.cmake
Symlinking /home/ubuntu20/S13P21A507/sim/simulator3/catkin_ws/devel/share/morai_msgs/cmake/morai_msgs-msg-extras.cmake
